53 61 71 84 6 8 62 93 96 99 2 4 5 11 22 28 56 63 76 92 95 98 3 75 81 24 40 50 68 83 29 44 67 7 32 51 88 9 18 97 19 47 58 64 10 41 80 20 30 60 73 78 91 27 37 74 42 48 82 17 54 72 85 49 69 23 90 31 94
53 22
53 41
61 10
71 18
71 90
71 11
71 10
84 93
84 22
6 99
8 88
8 44
62 60
96 60
96 2
96 80
96 27
99 24
2 76
2 92
2 11
2 56
4 83
5 29
5 40
11 68
22 17
28 42
63 60
76 58
92 20
92 31
95 75
98 94
3 75
75 69
75 82
75 30
75 37
81 9
24 30
50 78
50 51
68 23
83 90
29 47
29 30
29 7
67 47
67 85
32 90
88 54
88 60
88 64
9 58
97 31
19 49
58 78
30 91
73 94
91 42
74 94
42 48
82 94
82 54
17 54
17 72
49 94