70 28 51 13 74 36 7 26 64 42 87 20 92 80 98 49 43 57 31 46 24 79 84 55 56 21 3 94 41 9 60 14 82 27 77 61 59 48 52 29 85 73 86 91 68 32 10 93 25 76 72 97 39 90 83 38 88 16 81 6 95 44 89 15 37 19 75 1 69 17 54 4 23
70 28
28 23
51 23
13 83
74 36
36 9
36 23
36 56
36 84
7 26
7 4
26 89
64 52
64 23
42 24
42 87
20 6
92 17
80 98
98 49
49 43
43 81
43 44
43 57
31 46
46 48
24 6
24 79
55 23
21 85
3 17
94 1
94 68
41 39
41 9
9 4
60 4
14 6
14 83
14 82
27 59
77 69
61 59
59 4
48 23
52 29
29 90
85 23
73 86
86 17
91 25
32 44
10 93
10 23
25 23
25 76
72 97
72 75
90 19
83 38
88 23
16 23
81 19
6 23
6 17
95 23
15 69
15 23
37 19
75 23
75 1
54 23