0 2 7 12 13 15 16 19 25 28 30 32 33 39 47 48 49 57 62 66 67 69 72 83 87 89 1 4 23 34 41 44 51 52 56 59 64 80 82 84 86 88 93 3 6 11 24 29 31 38 60 63 81 92 10 14 21 42 45 46 53 78 58 54 55 75 79 97 68 70 73 26
0 15
0 39
0 7
2 38
2 25
12 28
13 68
13 32
13 45
15 51
15 1
15 72
15 26
16 80
16 55
19 48
19 46
19 4
25 47
28 92
30 88
30 46
30 24
32 69
32 41
33 11
47 97
47 66
48 59
49 64
57 68
57 54
57 6
57 34
57 14
62 45
66 44
67 59
69 75
72 79
72 78
83 29
87 38
89 92
1 64
4 58
23 79
23 70
34 86
41 81
44 58
44 84
44 92
51 29
51 58
51 82
52 14
56 78
80 31
80 46
84 21
86 73
93 11
93 14
3 63
3 10
29 42
60 55
63 46
42 73
53 58