0 15 20 25 26 1 4 30 2 24 31 32 33 3 22 10 36 37 5 12 18 41 42 6 7 43 44 45 14 19 46 47 48 8 23 49 50 51 9 52 53 54 56 11 59 60 61 62 63 13 16 64 66 68 69 21 72 73 74 75 17 76 77 78 80 81 82 83 85 86 87 89 91 92 93 94 95 96 97
0 25
15 72
20 86
20 87
20 85
25 78
25 42
25 97
26 61
26 72
1 30
4 37
30 68
2 31
2 33
2 32
24 97
31 44
32 76
3 36
22 93
22 92
22 91
10 56
36 60
37 61
5 42
5 41
12 62
12 63
12 61
18 80
18 81
41 66
6 43
6 45
6 44
7 48
7 46
7 47
43 46
43 86
14 69
14 68
19 83
19 82
46 75
48 62
48 91
8 50
8 51
8 49
23 96
23 95
23 94
49 74
50 53
9 52
9 54
9 53
54 77
56 81
56 93
11 60
11 59
59 64
13 66
13 64
16 75
16 74
16 73
69 76
21 89
73 96
17 78
17 77
80 89
83 86