54 41 90 27 35 69 48 64 96 55 11 52 14 97 85 34 10 57 50 75 78 28 15 83 91 2 68 36 40 17 23 86 60 25 29 80 76 65 59 1 93 24 13 61 74 43 31 44 37 67 0 66 79 42 4 33 3 92 49 87 26 58 38 39 82 84 6 46 81 19
54 69
54 64
54 90
54 50
41 27
90 35
90 27
90 11
90 52
90 14
90 40
90 1
27 96
69 49
69 23
69 97
48 6
48 43
64 78
64 25
96 17
96 60
96 91
55 52
55 36
55 24
52 92
14 10
97 81
85 31
85 66
85 58
34 10
10 26
57 17
50 67
75 33
75 59
75 68
75 37
75 3
78 0
28 29
15 24
83 17
2 65
68 82
17 80
23 76
23 42
23 19
86 74
86 38
29 59
80 13
65 61
65 93
65 82
24 31
61 74
61 87
74 0
43 44
44 0
44 79
44 4
79 84
4 46
87 39