0 45 1 94 37 20 65 4 23 12 53 15 73 39 89 35 2 57 77 55 95 22 5 68 80 62 88 18 46 49 40 13 33 85 96 34 54 19 43 78 67 8 9 17 63 82 6 14 91 60 26 32 59 71 52 21 72 10 7 28 42 48 66 64 11 90 36 24 79 30 69 70 83 97 84 50 3 27 25 16
0 45
0 80
0 10
0 42
0 30
45 73
45 70
1 94
94 35
94 67
94 60
94 72
37 6
37 67
20 65
20 22
65 2
65 19
4 23
4 69
23 96
12 53
53 26
15 78
73 91
73 64
73 50
39 89
39 77
39 55
39 84
89 40
35 2
35 7
2 82
57 77
55 95
55 71
95 36
22 43
5 68
5 21
68 9
68 91
80 66
62 88
62 79
18 17
46 49
49 9
40 78
13 33
33 26
33 32
33 7
85 96
85 64
96 8
96 52
34 54
34 63
34 17
34 24
54 28
78 90
6 14
26 59
26 21
52 36
10 97
7 48
42 27
64 3
64 16
11 90
36 24
79 25
83 97
83 25