0 1 2 3 4 5 6 7 10 13 14 15 16 17 18 21 22 23 24 25 26 27 28 31 33 34 35 36 39 40 41 42 43 45 46 47 50 51 52 53 54 55 56 59 60 61 62 63 64 67 68 69 70 71 72 73 75 76 77 78 80 81 82 83 84 85 87 88 89 90 91 92 93 96 97 98 99
0 1
0 3
1 2
1 31
3 4
4 5
4 88
5 67
6 7
6 64
10 92
13 14
14 15
15 16
16 17
17 18
18 23
21 22
22 23
23 24
24 25
25 26
26 27
26 71
27 28
33 34
33 72
34 35
35 36
39 40
40 41
41 42
41 82
42 43
42 51
45 46
45 90
46 47
50 51
50 90
51 52
52 53
53 54
54 55
55 56
59 60
60 61
61 62
61 72
62 63
63 64
67 68
67 77
68 69
69 70
70 71
71 72
72 73
72 99
75 76
76 77
77 78
80 81
81 82
82 83
83 84
84 85
87 88
88 89
89 90
90 91
91 92
92 93
96 97
97 98
98 99