0 20 39 8 9 10 29 45 1 67 21 63 2 32 92 27 3 68 85 73 25 62 53 56 31 16 98 51 6 94 89 7 40 17 74 95 46 47 99 93 19 71 44 79 11 97 36 12 66 13 72 58 78 14 84 28 35 37 80 49 82 65 34 64 38 54 88 75 52 57
0 20
0 8
0 10
39 62
8 3
9 85
9 31
10 19
10 79
29 38
45 11
45 95
45 84
1 63
67 31
21 80
63 31
2 92
2 27
32 14
32 80
32 44
32 88
92 51
92 17
3 68
3 73
85 64
73 71
25 53
25 58
62 65
56 28
56 38
31 58
16 37
98 99
51 47
51 93
6 89
94 19
89 13
89 54
7 17
7 40
40 82
17 80
74 14
95 34
46 19
99 54
99 75
19 49
44 35
44 57
97 37
36 75
12 66
66 64
66 75
66 37
72 34
78 28
14 28
14 84
84 52
49 64
82 75
65 34