80 58 14 55 7 86 94 42 36 50 44 82 59 81 64 0 74 6 24 41 19 89 3 87 23 37 97 67 27 10 16 54 43 60 65 52 8 34 71 32 13 26 21 72 15 98 4 95 93 17 31 49 2 77 73 53 75 1 22 40 84 29 46 18 45
80 58
80 94
80 82
58 3
58 10
58 18
14 71
14 84
55 37
7 19
86 94
86 37
94 27
42 59
42 45
36 16
36 29
50 34
50 53
50 75
44 82
82 54
59 89
59 60
81 64
81 19
64 98
64 22
0 74
0 32
74 98
74 75
6 34
24 15
41 4
41 17
41 21
89 71
89 77
3 8
87 23
23 97
23 46
37 97
37 21
97 26
97 49
67 26
67 13
67 73
27 65
16 54
43 60
60 2
65 52
65 1
65 71
71 22
13 95
72 49
15 46
95 93
17 40
31 53