0 36 23 61 63 66 67 68 70 71 72 73 74 76 80 81 82 83 84 86 88 92 93 94 95 96 97 98 1 14 54 2 44 13 3 41 8 40 4 9 5 11 6 28 7 12 53 32 22 59 15 31 19 16 49 17 18 56 52 20 34 45 43 21 50 24 26 25 29 30 57 37 46 58 60
0 23
0 36
0 82
0 68
0 86
0 66
0 80
0 84
0 74
0 94
0 71
0 93
0 63
0 95
0 70
0 72
0 92
0 96
0 73
0 67
0 88
0 97
0 83
23 54
61 1
68 12
76 21
81 31
98 57
1 54
1 14
54 56
54 57
54 19
2 44
2 13
13 15
3 41
3 8
3 40
41 6
40 32
4 9
9 53
9 32
5 11
11 59
6 28
7 53
53 17
22 20
59 29
59 25
15 31
15 19
31 16
31 24
19 52
19 17
16 49
18 56
56 60
52 58
20 45
20 34
20 43
34 37
43 21
21 50
21 24
50 25
24 26
30 57
46 58