1 0 2 3 5 6 7 8 9 10 11 12 13 14 15 16 17 18 20 22 23 24 25 26 28 29 30 32 33 34 37 39 40 41 44 46 47 48 49 51 52 53 54 55 56 57 59 60 61 62 63 67 69 71 73 74 76 77 81 82 85 86 88 90 92 94 96 98 99
1 6
0 20
0 7
2 39
2 6
2 16
3 17
3 14
5 30
5 24
5 33
6 88
6 9
7 69
8 46
8 49
8 62
9 55
9 10
10 37
11 54
11 26
12 14
13 51
13 63
13 76
13 60
14 55
14 63
14 15
14 18
17 22
20 67
23 63
23 94
24 34
24 67
25 82
25 81
26 77
28 59
28 41
29 92
29 88
30 81
30 76
30 85
32 46
33 54
34 40
34 46
34 47
40 96
41 99
41 52
44 81
46 71
47 61
47 53
48 49
51 74
54 57
56 57
69 73
71 98
74 99
86 90
88 90