0 1 2 4 98 18 68 5 6 7 8 15 39 11 9 10 25 12 26 20 27 28 13 14 23 24 16 17 19 44 21 3 22 38 70 29 30 31 32 35 33 34 49 36 42 37 47 40 41 43 45 46 48 71 69 50 55 57 58 65 60 75 62 63 64 73 74 66 94 79 72 88 82 85 83 84 86 92 97 96
0 1
0 2
0 4
1 98
2 18
2 68
98 96
18 16
18 17
68 66
5 6
5 7
5 8
7 15
7 39
8 11
15 16
39 40
11 12
9 10
10 25
10 12
25 26
25 20
25 27
25 28
12 13
20 19
20 21
20 3
27 70
13 14
14 23
14 24
23 22
24 38
19 44
44 45
38 37
38 47
70 71
70 69
29 30
29 31
29 32
32 35
35 33
33 34
34 49
34 36
34 42
42 40
42 41
42 43
47 46
46 48
71 79
69 94
50 55
55 57
55 58
57 65
65 66
60 75
60 62
62 63
63 64
64 73
64 74
73 72
74 88
79 82
88 97
82 85
85 83
83 84
84 86
84 92
97 96