0 1 2 3 4 5 8 9 6 7 10 11 13 12 17 14 15 16 18 21 22 19 20 23 26 28 29 27 25 24 35 31 34 33 30 36 39 37 41 44 43 47 42 53 48 52 49 51 58 59 56 54 55 63 60 64 61 67 68 70 71 66 72 74 75 77 76 73 80 78 83 87 84 90 92 93 96
0 1
0 6
0 2
0 3
0 5
4 9
8 14
8 6
9 11
9 7
6 10
6 7
6 12
11 13
12 17
12 18
12 16
12 15
18 19
18 21
18 20
21 29
22 23
22 25
23 29
26 24
28 35
28 33
28 24
29 34
29 24
27 24
35 31
34 39
33 30
36 41
36 39
39 44
37 43
44 42
44 53
43 42
47 52
47 42
53 56
48 58
48 51
48 49
58 59
59 54
56 54
54 55
54 60
54 61
63 64
63 60
60 67
67 71
68 66
70 77
70 66
71 73
72 73
72 74
72 75
72 76
75 80
77 76
76 78
73 83
80 87
87 84
84 90
90 92
90 93
90 96