1 86 43 53 28 8 2 75 0 9 3 72 52 4 41 66 22 5 70 10 47 6 39 58 7 29 76 19 11 12 13 16 30 44 14 79 85 73 63 62 18 49 56 20 81 50 78 33 26 40 51 24 35 74 25 65 37 71 59 46 80 67 64 82 54 89
1 86
1 43
86 70
86 37
43 46
53 28
53 8
28 85
8 70
8 76
2 75
2 0
2 9
75 7
0 3
0 6
0 10
0 11
0 12
3 72
3 52
72 18
4 41
41 73
41 80
41 50
66 22
22 26
5 70
70 10
70 47
10 19
47 82
39 58
58 7
58 25
7 29
76 44
76 64
19 73
19 56
13 16
13 30
30 18
30 71
14 79
79 71
79 54
63 62
62 81
18 49
49 33
20 81
20 50
50 26
78 33
40 51
51 80
51 67
24 35
35 74
74 59
74 46
25 65
59 89