0 11 7 45 54 55 57 58 62 63 67 1 17 22 74 75 78 79 81 83 85 86 87 88 90 91 92 96 97 99 2 25 3 13 28 4 29 32 27 5 37 6 20 8 15 12 9 36 40 10 30 14 16 39 34 38 19 21 23 24 26 31 35 41
0 11
0 7
0 54
0 55
0 63
0 67
0 57
11 30
7 1
45 4
58 22
62 26
1 22
1 17
1 83
1 88
1 86
1 79
1 85
1 75
1 87
1 91
1 96
1 90
1 92
1 74
1 99
1 97
1 81
17 38
22 21
78 12
2 25
25 6
3 28
3 13
13 10
28 26
4 32
4 27
4 29
32 31
27 19
27 9
5 37
37 6
6 20
20 23
20 15
8 15
8 12
12 9
9 40
9 36
40 26
40 34
40 41
40 14
16 34
16 39
39 35
19 21
21 24