0 1 2 3 4 5 6 7 8 9 10 11 12 13 14 15 16 18 19 20 21 22 23 24 25 26 27 28 29 30 32 33 34 35 36 38 39 40 41 42 44 46 47 48 49 50 51 52 54 55 59 63 65 66 69 71 72 73 74 75 76 77 78 80 81 82 88 90 91 93 94 97
0 34
0 1
0 20
0 2
1 36
1 35
1 29
2 38
3 39
3 12
3 26
3 6
3 40
4 7
4 41
5 44
5 8
5 20
5 19
6 46
6 16
7 48
7 47
8 49
8 50
8 24
9 52
9 51
9 18
10 54
10 21
11 20
11 55
13 18
13 14
13 59
15 18
15 63
15 27
16 66
16 65
16 25
18 69
18 30
19 72
19 71
20 73
20 74
21 75
21 23
21 76
22 77
22 78
23 80
24 81
24 82
24 32
27 88
27 28
28 90
29 91
30 94
30 93
32 97
33 35
38 40
42 44
46 48
49 51
74 76
78 80