0 10 14 85 1 15 29 37 41 64 2 6 3 7 9 63 93 34 47 11 71 87 17 48 91 24 45 8 38 69 79 31 90 62 12 13 30 95 18 56 44 78 42 60 99 20 70 21 36 51 73 22 83 86 28 57 81 46 50 54 76 98 33 55 84 75 35 40 72 96 74
0 85
0 14
10 47
85 17
85 46
1 41
1 64
15 71
15 2
15 78
29 51
37 28
37 73
64 17
64 98
6 91
6 48
3 7
7 45
7 24
9 31
9 90
63 78
63 28
63 84
93 11
93 87
93 33
34 46
34 55
47 40
11 90
87 78
87 95
91 21
24 20
45 78
8 69
8 38
8 79
69 56
90 21
62 56
12 13
13 56
30 28
30 56
95 18
56 60
44 21
44 22
78 35
78 50
42 72
42 75
99 74
70 84
21 51
21 36
36 55
83 55
86 40
57 74
81 40
81 54
81 76
54 35
76 74
84 96
75 96