0 3 4 6 8 9 10 15 16 17 18 20 21 22 23 25 26 28 29 30 32 33 35 37 38 40 41 42 44 48 49 51 52 54 57 58 59 61 62 63 64 65 66 67 72 73 74 76 77 79 80 81 82 88 89 90 91 92 95 96 97 98 2 5 7 46 47 53 55 68 85 93 99 11 56 70
0 74
0 88
3 17
3 7
4 42
4 63
6 80
6 37
8 32
8 82
9 54
10 35
10 40
10 38
15 97
15 72
15 64
16 96
16 88
16 85
17 85
17 41
18 79
20 55
20 62
20 54
20 23
21 44
21 89
22 23
22 70
25 51
25 46
26 11
28 88
29 66
30 33
32 52
32 93
33 77
35 47
37 99
40 91
42 74
44 99
44 81
48 72
48 65
49 82
49 11
52 98
52 79
57 73
57 89
58 79
59 66
61 95
61 5
62 82
64 95
66 76
66 96
67 47
74 2
77 46
77 89
77 91
79 89
82 96
89 53
89 90
92 55
96 68
97 2
99 56