0 1 3 10 12 13 4 11 7 8 9 19 14 15 28 18 20 44 22 23 24 25 30 32 33 34 35 50 43 41 46 47 48 51 56 49 57 72 52 53 54 61 60 71 58 70 66 69 86 68 73 74 76 75 82 87 79 80 81 83 84 88
0 1
0 3
0 10
1 12
3 4
3 11
10 13
13 14
11 18
11 20
7 8
8 9
8 14
8 28
9 19
19 44
14 15
28 30
20 22
22 23
23 24
24 25
30 33
30 35
32 34
34 35
35 50
50 49
50 72
43 46
41 46
46 47
47 48
47 51
47 56
48 49
48 57
51 52
56 60
56 71
57 58
72 74
52 53
52 54
61 60
71 70
70 73
66 69
69 68
86 68
86 87
74 76
76 75
76 87
75 82
82 81
82 83
87 88
79 80
80 81
83 84