0 1 4 5 6 7 8 9 10 11 14 15 18 19 20 21 22 23 24 25 26 27 28 29 31 32 33 35 36 37 38 39 40 41 42 43 44 45 48 49 50 51 52 54 55 56 58 59 60 62 63 65 66 68 69 70 71 72 73 74 75 76 77
0 1
0 15
0 49
0 35
4 5
5 6
6 7
7 8
7 70
8 52
8 9
9 10
9 20
10 11
14 15
15 43
18 19
19 20
21 63
21 41
21 77
21 22
22 23
22 38
22 42
23 24
23 35
25 26
25 38
26 27
26 60
27 28
27 33
28 29
28 37
31 32
32 33
35 36
36 56
38 39
40 41
43 44
44 45
48 49
50 51
50 75
51 58
51 65
54 55
55 56
59 60
62 63
65 66
68 69
68 77
69 70
69 74
70 71
72 73
73 74
74 75
76 77