0 74 88 5 1 31 54 50 2 91 3 82 4 64 75 35 6 96 22 32 87 7 12 90 48 8 41 72 47 95 59 24 39 13 94 16 14 81 28 15 79 17 43 18 99 45 71 19 62 20 52 26 23 83 30 53 69 77 29 36 93 33 55 34 80 44 46 51 58 60 70 61 84 86 97
0 88
0 5
0 55
74 97
88 8
88 23
5 35
5 97
1 50
31 41
31 58
31 69
54 79
50 35
2 39
2 91
91 86
3 64
3 16
82 7
82 80
4 20
64 18
64 70
75 23
35 20
6 32
6 87
6 22
6 96
22 24
32 8
87 26
12 24
12 95
90 62
48 15
48 18
8 41
8 29
8 51
8 72
41 19
47 46
47 94
95 36
59 43
24 84
39 28
13 97
94 84
14 81
14 46
14 53
14 80
81 44
28 77
15 62
79 53
17 52
43 51
18 45
99 44
99 77
45 34
71 58
62 80
20 52
23 83
30 93
93 33
33 55
60 70
61 84