0 1 2 3 4 6 7 9 10 11 12 13 14 15 16 17 18 19 20 22 23 24 25 26 28 29 30 31 32 33 35 36 38 40 41 42 43 44 45 46 47 49 50 52 55 57 59 60 61 63 64 66 67 68 69 70 71 73 74 75 76 77 78 79 80 81 83 85 86 87 88 89 90 91
0 31
1 25
1 23
2 75
2 29
3 4
3 71
3 20
6 10
7 80
7 20
9 75
10 87
11 36
11 40
11 90
12 57
12 79
13 42
14 19
14 25
14 70
15 66
16 59
16 52
17 46
17 18
19 60
19 30
20 46
20 73
22 87
23 50
24 75
24 32
24 55
26 36
26 42
26 49
28 71
29 69
29 89
31 81
31 74
32 81
33 46
35 74
35 79
36 85
38 67
41 63
42 75
43 79
44 78
45 63
45 79
46 85
46 67
47 85
47 52
47 88
52 68
60 75
61 88
64 81
66 83
67 77
68 76
71 78
83 86
83 88
83 91
87 88