0 1 2 3 4 6 11 12 13 14 15 16 18 19 20 25 31 33 38 45 48 50 55 57 58 61 62 64 65 66 75 76 78 80 81 82 83 85 86 87 88 89 91 92 93 95 97 99 5 24 30 49 53 63 71 79 96 17 27 34 43 68 73 98 7 21 32 35 42 69 36 39 26
0 14
0 20
0 58
1 4
1 12
2 43
2 27
2 53
2 87
2 15
3 96
4 71
4 36
4 18
6 86
6 42
11 38
12 95
12 39
12 86
12 31
12 81
13 14
14 32
15 95
15 76
16 89
19 5
20 7
25 83
25 98
33 21
38 63
45 17
48 26
50 73
55 68
57 85
58 30
58 95
58 93
61 96
62 24
62 97
62 35
64 80
65 34
66 89
66 69
75 32
75 92
78 96
78 95
80 99
82 63
83 79
85 87
88 99
88 97
89 68
91 36
5 36
5 79
24 34
49 79
63 98
63 17
96 21
34 73
43 68
68 35
69 26