0 7 4 44 74 76 77 79 81 82 84 86 87 89 91 92 98 99 1 45 3 2 66 63 50 37 30 58 5 38 6 20 42 8 16 18 49 9 15 10 62 61 12 70 13 67 40 14 53 73 60 64 17 32 54 65 22 72 23 24 55 57 25 27 28 56 51 29 35 36 47
0 44
0 92
0 74
0 4
0 89
0 98
0 86
0 7
0 87
0 84
0 79
0 81
0 91
0 99
0 76
0 77
7 42
4 58
4 37
4 30
44 15
44 53
82 9
1 3
1 45
3 63
3 50
2 66
66 10
63 23
50 40
50 53
30 27
5 38
38 62
38 22
6 20
20 70
8 49
8 18
8 16
49 17
9 15
15 64
15 60
10 62
10 61
61 25
61 29
12 70
70 17
13 40
13 67
40 36
14 73
14 53
64 57
64 47
17 32
32 36
32 29
54 27
65 25
65 51
22 72
24 57
24 55
28 56
28 51
29 35