0 36 97 76 98 44 80 99 62 64 87 20 27 75 54 4 88 68 74 24 12 15 39 34 2 51 86 37 22 89 82 21 91 14 47 56 52 33 30 43 16 83 1 69 46 38 49 71 6 81 13 84 90 72 45 48 85 95 77 78 79 65 25 42 17 29 9
0 80
36 68
97 98
76 87
76 44
76 20
76 6
76 90
98 77
98 81
98 44
44 80
44 88
44 42
44 38
80 91
99 84
99 12
99 69
62 64
64 78
64 46
87 1
87 74
20 29
20 71
20 39
27 16
75 54
75 56
54 51
54 69
4 52
88 46
68 42
68 13
24 86
24 78
12 77
12 21
15 39
15 72
34 21
2 82
86 45
37 77
22 81
89 95
89 69
89 30
82 46
21 79
21 9
91 48
91 14
47 56
52 77
33 49
33 42
30 83
43 49
16 25
81 65
48 25
85 42
25 17