0 14 8 38 40 42 45 49 50 54 56 58 59 60 61 62 63 66 1 32 23 69 73 76 78 79 80 82 85 86 87 88 89 92 2 24 3 16 18 31 4 6 26 7 28 37 9 17 12 10 11 33 13 34 20 22 27 35 19 21 30 29 36
0 14
0 60
0 40
0 42
0 45
0 50
0 56
0 58
0 54
0 61
0 66
0 62
0 38
14 4
14 22
14 27
8 37
45 10
49 16
59 29
63 33
1 32
1 69
1 86
1 23
1 82
1 88
1 78
1 87
1 79
1 76
1 85
1 89
1 73
32 2
23 18
23 80
92 36
2 24
3 16
3 31
3 18
16 10
31 36
6 26
26 13
7 28
7 37
28 12
37 29
9 12
9 17
17 35
11 33
33 36
13 34
13 20
20 19
19 30
19 21
30 29
29 36