0 4 13 14 22 23 24 30 38 43 52 55 56 65 67 70 73 80 93 6 17 26 46 48 57 63 66 71 75 82 90 92 98 2 28 29 35 40 47 58 60 78 83 3 21 33 37 39 41 50 62 69 81 96 9 59 84 11 89 10 19 27 88 20 74 32 94 15 44 64 72
0 73
0 23
0 38
0 14
4 55
13 40
13 27
13 64
14 84
22 50
22 48
23 39
23 21
23 44
24 81
30 71
30 10
38 57
43 60
52 55
55 59
55 17
55 88
55 26
56 62
56 69
65 37
67 83
70 81
73 90
80 48
80 89
93 15
93 40
93 35
6 17
17 74
17 47
26 94
46 94
46 11
63 3
66 40
66 41
75 78
75 50
82 81
90 2
92 33
98 3
98 58
2 29
28 64
58 62
60 89
78 83
83 39
83 72
83 15
21 19
33 59
33 64
37 9
41 20
69 96
69 32
81 27
96 10
9 89
84 10