2 3 7 1 8 5 10 11 12 4 13 14 15 16 18 19 22 23 24 26 27 28 29 31 32 34 35 36 37 38 39 40 41 42 43 44 45 46 47 49 51 52 53 54 55 56 57 58 59 60 61 63 64 65 68 69 72 73 74 75 76 77 78 79 80 81 83 84 86 88 90 91 93 94 95 97 99
2 31
3 79
3 68
7 69
1 75
1 41
8 5
8 14
5 43
5 76
10 97
10 77
11 36
12 18
12 55
4 47
13 24
14 99
15 42
15 27
16 94
16 88
18 23
18 93
19 34
22 73
22 65
22 61
23 34
23 59
24 34
24 57
26 79
27 34
28 43
29 46
29 90
29 40
31 94
31 34
32 79
35 65
35 91
36 91
36 63
37 94
37 91
38 46
38 86
38 81
39 72
40 68
40 45
42 58
43 77
44 74
47 94
49 75
49 57
49 51
49 95
52 93
53 90
54 91
56 64
56 68
59 79
59 60
61 74
63 80
64 83
69 99
72 77
77 80
78 97
79 84