4 70 52 54 7 41 0 63 11 48 76 35 75 61 71 31 91 2 22 24 57 55 6 85 53 37 45 21 38 74 33 46 8 67 68 27 47 25 59 39 72 78 92 49 12 82 43 62 5 84 51 86 89 32 1 14 26 10 79 34 60 28 44 65 56 15 81 23 40 69 30 80 83 20
4 76
4 79
4 8
4 51
70 82
70 91
52 45
52 54
54 61
7 24
41 1
41 44
0 76
0 62
63 37
11 10
11 68
11 55
11 47
48 45
76 38
76 35
76 30
75 49
61 71
71 81
31 38
31 92
31 84
31 68
31 40
91 39
91 24
91 43
91 65
91 69
2 49
22 74
22 25
24 72
24 57
24 81
6 45
85 27
53 84
53 44
37 56
21 38
21 15
38 46
38 60
74 23
74 28
33 23
46 49
8 89
67 72
68 12
68 20
27 78
47 34
25 59
25 62
59 80
39 14
78 80
78 56
12 32
43 83
5 26
86 44
26 15
65 15