2 76 1 4 88 48 11 5 6 21 20 43 55 3 9 7 10 49 95 51 14 8 12 50 13 75 19 17 18 28 15 22 45 53 96 23 81 93 26 27 30 40 31 80 60 46 63 33 25 35 41 38 56 42 47 54 36 52 94 64 34 84 59 37 67 72 78 66 61 62 98 70 87 83 99
2 76
76 3
1 4
1 88
4 48
4 11
88 55
11 51
5 6
6 8
21 20
21 43
20 9
55 19
55 22
55 60
55 46
55 63
3 9
3 7
3 10
9 95
7 49
10 51
10 14
49 8
8 12
12 50
13 75
13 19
19 15
17 18
17 28
18 93
18 45
18 26
18 27
28 30
15 96
22 45
22 53
53 33
23 81
81 41
26 40
26 31
27 80
80 94
60 61
33 64
25 35
35 54
35 36
41 52
38 56
56 66
42 47
47 61
54 37
54 67
36 52
36 59
52 72
64 34
64 84
84 72
59 78
66 70
61 62
62 98
98 87
70 87
70 83
87 99