0 2 3 5 6 7 8 9 10 11 12 13 14 15 16 17 18 19 20 21 22 23 24 25 26 27 28 29 30 31 32 33 34 35 37 40 41 42 43 44 45 46 52 53 54 55 57 58 60 62 63 64 65 67 70 71 72 73 76 77 78 79 80 82 83 84 85 86 87 88 90 91 92 96 97 98
0 34
0 3
0 33
2 37
2 7
3 40
3 23
5 43
5 22
5 44
6 46
6 45
6 8
7 29
8 9
9 52
9 19
10 53
10 18
10 54
11 21
12 57
12 58
13 60
13 16
13 31
14 62
14 21
15 63
15 64
16 65
17 27
17 67
18 70
18 22
18 26
19 72
19 71
19 20
19 23
20 73
21 76
21 25
22 78
22 77
23 79
23 80
24 82
25 83
25 28
25 84
25 26
25 32
26 86
26 85
27 87
27 88
28 90
29 91
29 92
30 32
31 96
32 97
32 98
33 35
41 43
42 44
53 55
58 60
62 64
65 67
78 80
82 84
85 87
90 92