96 38 0 9 50 54 78 51 92 12 48 21 14 91 66 4 63 1 76 25 35 17 7 37 90 72 70 97 10 55 24 74 8 42 18 45 43 49 65 39 2 71 86 40 32 73 67 29 64 34 3 80 33 87 15 27 44 6 94 88 62 89 13 57 77 84 52 26 58 11 20 53 47 60 56 59 85 22 79
96 13
38 35
0 53
0 60
0 2
0 9
50 6
54 39
54 7
78 80
78 84
51 66
51 37
51 47
92 39
92 24
12 62
12 20
48 57
48 1
48 52
21 17
14 29
91 42
66 74
66 17
4 29
63 70
1 44
1 77
76 89
76 22
76 7
25 62
25 55
35 49
35 71
35 64
17 6
7 3
7 37
7 26
37 8
37 10
90 53
72 59
72 84
70 74
97 84
74 33
74 71
8 40
42 57
18 11
45 77
43 39
65 60
39 53
86 32
32 73
73 52
67 85
29 77
29 58
34 13
33 87
15 88
15 27
27 85
94 26
94 11
62 79
13 47
77 60
58 85
53 79
47 56
59 79