61 6 9 94 15 71 30 42 65 58 79 19 23 25 68 73 92 77 83 31 36 21 32 1 46 39 90 13 16 87 5 82 88 85 75 29 44 76 12 81 8 84 22 59 34 18 4 72 67 80 64 43 63 41 78 20 70 66 48 45 26 53 52 62 28 40 3 86 38 91
61 19
61 3
6 46
6 79
6 42
9 71
9 44
94 46
15 82
71 32
30 75
30 58
65 43
79 39
19 25
23 16
23 1
23 86
25 73
68 78
73 82
92 22
77 32
83 5
31 36
36 22
36 75
36 40
21 48
32 75
1 48
1 87
46 38
46 40
39 53
39 64
39 43
90 67
90 87
90 85
13 62
13 66
13 70
16 3
87 5
88 8
29 86
76 52
76 63
12 22
81 70
8 41
8 62
8 84
22 59
59 80
34 3
18 26
4 40
4 72
72 28
67 91
67 62
67 63
67 26
64 45
64 66
43 78
20 91