0 1 2 3 4 5 6 7 8 9 10 11 12 14 15 16 17 18 19 20 21 22 23 24 25 27 28 29 30 31 32 33 34 35 36 39 40 42 43 44 46 47 48 49 51 52 53 54 56 57 58 59 61 62 63 67 68 70 71 72 74 77 81 82 84 86 87 88 89 90 91 93 96
0 34
0 19
0 4
0 8
0 33
1 35
2 15
3 39
3 27
3 40
4 42
4 24
5 43
5 44
5 11
6 15
6 46
7 47
7 48
8 49
8 29
8 27
9 51
9 52
10 53
10 54
11 23
11 56
11 29
12 58
12 57
12 28
14 61
14 22
14 62
14 18
15 31
15 63
15 21
16 32
17 67
17 68
17 27
18 24
19 72
19 71
20 28
20 74
21 30
22 77
22 32
24 82
24 81
25 84
27 88
27 87
28 89
28 90
29 91
30 93
31 96
33 35
34 36
46 48
49 51
54 56
57 59
61 63
70 72
82 84
86 88
89 91