0 16 71 72 73 74 75 78 81 82 83 84 88 89 90 91 92 93 97 98 1 31 2 17 54 3 11 44 41 7 19 57 28 8 25 34 52 39 10 29 46 13 27 51 14 33 15 35 32 21 59 66 22 37 23 24 63 26 64 40 67 53 61 43 42 38 58 49 50 47 48
0 16
0 91
0 98
0 84
0 89
0 72
0 81
0 71
0 74
0 78
0 83
0 88
0 75
0 97
0 73
0 82
0 92
16 15
16 35
90 32
93 37
98 47
1 31
31 14
31 26
2 54
2 17
54 32
3 11
11 19
44 19
44 49
41 63
41 34
7 28
7 19
7 57
57 66
28 67
28 29
8 52
8 25
8 34
34 61
52 37
52 35
39 40
10 29
46 42
13 27
13 51
27 40
51 32
51 48
14 33
32 23
32 53
21 66
21 59
59 58
22 37
22 23
37 43
37 42
24 63
26 64
64 38
67 50
38 58
49 47