85 1 67 3 33 6 10 98 2 18 99 34 46 87 53 52 48 72 56 69 35 4 32 26 95 82 43 89 76 78 17 19 8 20 14 41 29 24 5 73 37 13 55 94 7 11 9 81 74 84 75 96 12 16 60 27 47 57 25 54 42 88
85 55
1 6
1 3
67 26
67 53
67 94
67 8
67 17
3 20
3 95
3 19
3 41
33 37
33 10
33 56
33 9
33 2
10 34
10 84
10 74
10 96
98 56
18 87
99 55
34 19
46 13
87 11
87 69
53 78
53 14
53 72
52 20
52 54
48 73
56 75
69 43
69 25
35 37
4 19
32 37
32 11
32 5
32 27
32 42
32 73
32 13
32 47
32 60
26 19
82 9
89 37
76 73
14 55
29 12
29 11
24 94
37 88
7 11
11 16
9 81
96 57