2 6 8 9 10 12 13 14 15 16 18 19 23 24 25 29 30 32 33 34 36 38 39 40 41 43 44 45 46 47 49 50 52 54 56 57 60 61 62 65 66 68 69 70 72 73 74 76 77 78 82 83 86 89 92 93 94 95 96 98 99
2 13
6 15
8 9
8 98
8 41
9 10
9 82
10 69
10 46
12 13
12 56
13 14
13 86
14 15
15 47
16 65
18 19
18 50
19 36
23 24
24 89
24 52
25 92
29 30
30 32
32 57
33 34
33 45
38 68
38 50
39 44
40 41
40 62
43 44
43 77
44 45
45 46
46 47
46 94
47 49
49 50
54 76
54 78
56 57
60 61
61 62
65 66
66 82
69 70
72 73
72 95
73 74
77 78
82 83
89 94
92 93
93 94
94 95
95 96
98 99