43 1 85 92 88 5 84 47 54 2 27 38 95 80 24 20 35 78 86 7 9 16 30 36 31 82 4 8 15 25 33 63 69 3 26 65 55 76 72 64 12 48 6 83 60 23 29 75 59 10 56 57 97 28 93 61 21 66 14 58 39 42 13 98 51 89 77 79 68 40
43 2
1 78
85 68
92 38
88 28
88 98
5 83
5 23
5 63
84 68
47 80
54 16
54 24
54 75
2 33
27 64
27 66
27 82
27 28
38 15
95 35
95 12
80 14
80 69
24 36
20 6
20 57
20 39
35 78
35 79
86 60
7 30
7 36
9 59
9 10
36 51
36 68
31 28
31 51
31 61
31 89
4 6
4 76
8 97
8 64
15 60
25 64
25 40
33 76
3 26
3 76
65 28
65 58
55 6
72 23
72 42
12 29
48 6
6 10
83 89
60 13
29 77
10 66
10 14
56 28
57 13
93 51
21 14
58 77