37 50 73 81 1 80 89 95 2 19 29 43 57 12 39 83 87 4 22 47 62 77 5 9 18 32 55 67 21 26 82 88 92 7 23 36 52 8 40 94 34 42 46 10 60 64 68 11 71 72 56 74 13 33 14 15 53 51 38 44 69 17 20 86 76 54 45 96 58 97 30 78 85 79 84
37 15
37 45
50 21
50 20
73 1
81 68
81 15
1 89
80 43
80 29
89 64
89 79
89 60
95 53
95 68
95 7
2 43
2 19
29 97
29 67
29 58
57 74
12 56
12 74
39 58
83 62
83 72
87 96
4 22
4 47
22 8
22 34
47 64
47 82
77 45
77 34
5 67
9 42
18 17
18 46
18 69
32 42
55 34
21 56
21 33
26 52
88 51
88 84
88 52
88 36
92 71
7 23
23 44
40 13
40 46
40 34
94 30
94 79
34 71
42 71
10 64
68 14
11 71
71 78
72 86
56 78
33 38
51 45
44 58
44 85
69 54
86 97
76 58
96 30