50 51 52 53 54 55 56 57 58 59 64 65 66 70 72 74 76 81 82 85 87 91 95 99 1 61 68 69 75 77 83 90 92 97 62 63 71 88 98 73 4 5 94 7 96 84 11 12 14 15 17 19 21 22 28 29 31 34 35 36 37 43 44 45 46 47 48
50 11
51 12
51 35
51 96
51 44
51 11
51 28
51 77
51 54
52 28
53 61
53 90
53 94
53 65
53 31
55 72
55 17
56 74
57 19
57 66
57 36
58 5
58 34
59 29
59 48
64 84
64 87
64 98
65 45
66 69
70 22
70 29
72 82
72 83
72 90
72 1
74 68
74 82
76 35
81 5
82 95
85 7
85 15
85 21
85 84
85 44
87 22
91 90
99 37
68 69
68 84
69 62
75 4
75 88
75 73
77 14
83 34
92 15
97 62
62 43
62 47
63 22
63 46
71 35
73 34
96 37