0 10 12 54 75 78 83 85 1 25 38 44 48 82 90 92 2 14 28 47 61 62 64 88 4 19 32 46 21 23 5 24 63 80 6 31 65 66 81 7 74 79 99 8 41 76 50 72 77 26 57 60 69 84 11 16 27 39 89 93 15 56 73 51 95 33 86 59 96 29 94 58 45 34 53 36 67
0 12
0 85
10 23
10 84
10 60
10 21
12 56
12 15
12 81
12 88
54 56
54 46
54 26
54 31
75 8
78 5
83 50
83 96
1 38
25 88
25 51
38 92
38 29
44 73
44 56
48 53
82 53
90 33
92 67
92 4
2 88
14 77
14 6
28 15
28 5
47 96
61 8
61 65
62 41
64 77
64 66
19 89
19 96
32 89
32 94
23 45
24 63
63 81
80 8
6 65
66 81
7 74
7 99
74 89
79 99
79 45
41 53
41 73
76 50
72 11
26 16
57 93
57 39
69 67
69 84
11 93
11 27
27 53
27 86
73 33
73 36
73 58
95 36
33 59
29 53
34 53