33 95 79 19 45 2 37 49 1 82 23 60 83 69 61 20 99 39 67 53 32 68 16 73 30 51 56 28 94 52 31 63 17 64 9 77 47 54 7 40 44 42 72 3 11 13 15 21 26 98 96 59 12 80 58 90 35 50 84 93 27 29 48 81 14 88 5 25 92 91 41
33 91
95 82
95 11
95 63
95 13
95 99
95 64
79 19
79 77
19 14
45 80
2 1
2 17
37 49
37 27
49 40
1 39
23 3
23 60
23 81
60 84
83 64
69 91
61 53
61 15
61 52
20 99
39 56
67 9
53 16
53 77
32 64
68 63
73 58
30 13
51 28
51 94
56 59
28 9
28 54
94 90
94 64
52 93
52 29
31 50
31 35
31 63
31 88
17 3
77 58
47 96
7 81
44 72
42 93
72 3
72 92
3 90
11 48
13 29
21 50
26 96
98 96
98 35
59 41
12 27
12 80
35 5
27 91
48 25
48 91