0 93 24 37 89 74 63 6 56 10 58 67 72 98 71 59 15 12 81 17 64 30 46 1 4 7 36 85 19 8 42 57 40 80 68 34 79 96 97 39 43 3 14 44 70 62 38 77 95 26 48 86 91 5 18 60 27 84 32 9 88 61 99 65 69 11 22 82 23 20 25
0 59
93 18
24 43
24 95
37 86
37 27
37 79
89 4
89 81
74 5
63 86
6 81
6 82
56 4
56 10
56 32
56 11
58 67
58 8
58 12
72 95
72 88
72 1
72 62
72 85
98 61
98 15
98 7
71 59
59 46
17 79
17 43
64 69
64 23
30 23
30 65
46 38
46 48
36 20
36 26
19 80
19 9
19 42
8 61
8 70
57 27
57 84
40 68
80 61
68 34
68 26
34 18
96 20
97 38
97 70
39 95
3 91
3 26
14 23
14 9
44 61
70 18
38 86
77 99
95 11
5 27
18 25
60 65
32 22
61 99