78 50 58 73 85 75 69 47 79 55 60 41 13 31 23 19 1 18 42 15 49 0 68 10 21 56 70 34 67 35 39 54 53 66 65 82 52 37 40 84 81 45 62 29 51 77 71 61 88 92 43 22 20 17 3 8 2 46 86 89 44 59 12 87 27 33 4 80
78 13
78 49
50 51
50 43
58 69
58 15
73 15
85 13
75 10
69 86
69 29
47 67
79 1
79 59
79 82
55 68
60 22
41 82
41 89
41 53
31 61
31 37
31 49
23 44
19 86
1 62
1 20
18 84
18 56
42 49
42 44
15 61
15 4
49 54
0 20
0 21
68 35
10 40
10 17
70 52
34 35
34 12
34 84
67 82
67 92
67 3
35 81
35 87
39 88
39 71
54 2
53 66
65 62
82 61
82 8
82 46
52 3
40 77
81 8
45 17
45 2
51 88
43 17
22 27
2 27
44 80
12 33