66 70 41 1 97 17 23 28 48 95 4 35 29 74 68 18 86 8 25 2 85 91 32 60 82 49 34 7 59 6 44 50 16 83 77 63 99 10 75 14 13 42 65 78 88 45 47 93 87 84 72 51 61 73 40 20 22 39 26 27 89 33 80 69 36 55 58 96 37 56 38 94 62 92 90
66 42
66 58
70 40
70 72
41 99
41 13
41 4
41 32
1 18
1 58
1 25
97 55
17 77
17 82
17 47
23 48
23 85
28 68
48 18
48 96
95 22
95 36
95 88
4 63
35 18
35 69
29 39
29 68
74 39
74 49
74 6
68 90
68 14
18 87
18 77
86 47
8 88
8 72
25 92
2 40
91 78
91 56
32 27
60 94
82 26
82 80
34 51
34 27
34 33
34 58
34 75
34 65
7 26
7 16
59 63
59 83
44 61
44 90
50 47
16 45
77 84
10 14
42 39
42 36
78 87
78 94
93 87
84 89
61 20
73 55
73 37
26 37
96 62
56 38