0 8 17 24 30 78 91 1 13 16 29 33 50 57 85 96 2 41 49 94 18 34 73 76 98 6 69 72 7 22 19 23 9 60 10 12 25 38 58 74 11 27 36 53 95 14 90 92 61 28 88 21 65 54 79 48 37 44 63 56 66 99 68 35 45 43 51 97 70 84
0 17
8 23
8 73
17 57
17 23
24 44
30 63
78 7
91 34
1 85
1 96
1 29
1 50
13 95
16 49
16 2
29 27
29 10
29 66
33 23
50 38
50 69
57 35
85 56
85 90
96 88
2 94
41 79
41 14
41 56
49 45
49 37
49 88
49 9
94 43
18 92
18 22
34 12
76 84
98 69
98 84
6 72
72 51
7 22
19 61
23 60
60 95
10 25
10 58
10 74
12 53
12 36
11 27
36 54
36 45
95 97
95 28
95 21
92 70
61 43
28 63
28 56
88 48
88 68
65 37
79 99
44 97
63 70
99 51