0 8 17 24 78 91 1 13 16 29 33 50 57 85 96 2 41 49 94 18 34 73 98 6 69 72 7 22 19 23 9 60 10 12 25 38 40 58 59 74 11 27 36 53 95 14 90 39 92 61 28 88 65 54 79 48 37 44 26 63 56 66 99 35 45 43 51 97 70
0 17
8 23
8 73
17 57
17 23
24 44
78 7
91 34
1 85
1 96
1 29
1 50
13 95
13 38
16 49
29 27
29 10
29 66
33 23
50 69
57 35
85 56
85 90
96 88
2 94
41 79
41 14
41 56
49 45
49 37
49 88
49 9
94 10
94 43
18 22
18 92
34 12
73 40
98 69
6 72
72 51
7 22
19 61
23 60
60 95
10 40
10 25
10 58
10 74
10 59
12 53
12 36
11 27
36 54
36 45
95 97
95 28
39 45
39 26
92 70
61 43
28 63
88 48
65 37
79 99
44 97
63 70
99 51