81 88 99 50 59 9 82 2 6 86 53 87 16 68 90 44 70 58 23 41 25 95 65 76 61 37 34 46 29 71 91 64 0 93 1 13 54 57 48 17 75 26 32 97 47 40 56 74 35 27 38 73 69 85 10 67 96 20 80 7
81 99
81 50
88 9
99 29
50 32
59 20
59 67
9 93
9 53
82 0
2 6
2 87
86 46
86 65
87 1
16 68
68 44
68 40
68 27
90 70
90 58
44 41
44 25
44 61
58 29
23 75
23 17
41 65
95 35
65 74
76 29
61 56
61 37
61 38
37 57
34 56
34 1
34 73
46 91
71 73
71 80
91 69
64 32
0 26
0 32
93 97
93 1
93 47
1 13
1 75
54 57
54 48
32 7
32 73
40 35
56 96
74 10
35 20
85 10