33 59 37 6 48 61 85 81 26 45 97 31 28 19 80 88 24 52 71 95 12 54 5 7 25 93 82 13 58 50 14 78 42 41 94 96 68 22 51 2 83 49 23 3 60 46 1 75 84 16 21 92 99 27 72 98 70 29 66 77 36 20 86 57 34 64 55 69 73 44 15 56 11 35 74
33 95
59 2
59 20
59 42
37 71
37 64
6 34
48 46
61 42
61 75
61 98
85 70
81 36
81 7
81 26
26 50
26 97
26 52
26 27
45 72
45 49
31 34
31 2
28 34
28 27
19 21
19 36
19 93
80 56
88 77
88 55
24 14
24 1
52 46
71 36
71 13
95 93
12 96
12 82
54 57
54 36
5 60
5 44
5 49
25 14
25 68
93 74
82 99
82 86
13 92
58 11
50 94
78 70
42 86
41 83
96 69
68 44
22 21
51 20
83 21
49 16
23 27
23 16
23 70
3 84
3 11
92 66
99 15
98 29
98 35
20 73
34 11
55 73
15 56