0 1 2 4 5 6 7 8 10 11 12 13 14 15 16 17 18 19 20 21 23 24 25 26 27 28 29 30 31 32 35 36 37 38 39 42 43 45 46 49 50 51 55 56 57 58 61 63 64 67 71 72 73 77 79 80 82 84 86 87 88 90 92 93 94 95 96
0 17
1 35
1 6
1 17
1 36
2 37
2 4
2 30
2 38
4 14
4 27
4 42
4 10
4 8
5 20
5 18
5 43
6 10
6 45
6 7
6 11
6 46
8 49
8 50
8 24
11 55
11 32
11 56
12 31
12 58
12 57
12 20
13 18
14 61
14 19
15 64
15 26
16 17
17 67
18 29
19 72
19 71
20 73
21 29
23 31
23 80
23 79
24 82
25 84
26 86
27 88
27 87
27 31
28 90
29 92
30 93
30 94
31 95
31 96
37 39
49 51
61 63
77 79
82 84
86 88
90 92