0 60 59 24 27 69 55 25 16 30 33 48 53 97 85 86 20 15 62 81 91 12 95 46 40 90 26 99 4 96 94 2 72 78 84 28 42 22 68 70 88 31 11 52 17 8 44 19 92 75 87 29 51 77 13 64 83 41 1 45 74 6 5 71 63 76 7 65 21
0 64
60 40
60 84
60 24
59 75
24 6
24 85
24 17
24 76
27 12
27 29
69 85
55 6
25 13
25 7
25 19
16 8
30 1
33 13
48 22
53 42
97 21
97 40
85 31
86 29
20 1
20 72
20 91
15 99
15 52
15 22
62 87
62 70
62 5
62 42
81 17
12 63
12 31
95 41
95 63
46 88
46 70
46 90
46 96
26 6
99 94
4 72
4 7
94 77
2 84
78 45
84 11
28 51
28 41
68 92
68 87
31 74
31 92
52 45
17 13
8 83
44 13
92 65
92 75
51 71
77 64
83 65
45 7