0 4 5 8 11 12 14 16 17 18 25 28 32 33 34 1 35 36 2 30 37 38 3 41 42 6 10 15 19 20 21 24 45 46 7 47 49 50 9 53 54 57 58 13 61 62 23 29 31 65 66 69 70 73 74 22 77 78 79 81 82 26 85 86 89 90 93 94 97 98 48 67 68
0 4
0 5
0 8
0 11
0 12
0 14
0 16
0 17
0 18
0 25
0 28
0 32
0 33
0 34
4 41
4 42
8 49
8 50
12 57
12 58
14 61
14 62
16 3
16 6
16 7
16 9
16 13
16 23
16 29
16 31
16 65
16 66
18 69
18 70
28 89
28 90
32 26
32 97
32 98
34 36
1 35
1 36
2 30
2 37
2 38
30 10
30 22
30 93
30 94
6 10
6 15
6 19
6 20
6 21
6 24
6 45
6 46
10 53
10 54
20 73
20 74
24 81
24 82
46 48
7 47
23 79
65 67
66 68
22 77
22 78
26 85
26 86