0 2 4 5 6 7 8 10 11 12 13 14 15 16 19 20 21 22 23 24 26 27 28 29 31 33 34 37 38 17 41 42 45 46 47 32 49 50 53 54 57 58 9 59 61 62 63 65 66 71 72 73 74 75 76 77 78 81 82 3 85 88 89 90 25 95 96 36 97 98 70 86 94 1 18 30 35 69 93
0 2
0 4
0 5
0 6
0 7
0 8
0 10
0 11
0 12
0 13
0 14
0 15
0 16
0 19
0 20
0 21
0 22
0 23
0 24
0 26
0 27
0 28
0 29
0 31
0 33
0 34
2 37
2 38
4 17
4 41
4 42
6 45
6 46
7 47
8 32
8 49
8 50
10 53
10 54
12 57
12 58
13 9
13 59
14 61
14 62
15 63
16 65
16 66
19 71
19 72
20 73
20 74
21 75
21 76
22 77
22 78
24 81
24 82
26 3
26 85
27 88
28 89
28 90
31 25
31 95
31 96
34 36
32 97
32 98
72 70
88 86
96 94
36 1
70 18
94 30
1 35
18 69
30 93