0 1 10 2 11 20 3 12 21 30 13 31 40 14 22 32 41 50 5 23 33 42 51 60 6 24 43 45 52 61 70 25 46 53 62 80 26 47 63 73 81 90 48 74 82 91 49 83 92 39 59 84 93 29 38 58 69 85 94 19 28 37 57 68 79 95 8 9 18 17 36 35 56 67 89 55 66 88 65 77 76 75 96 97
0 1
0 10
1 2
10 11
10 20
2 3
11 12
20 21
20 30
12 13
30 31
30 40
13 14
31 22
31 32
40 41
40 50
14 5
22 23
32 33
41 42
50 51
50 60
5 6
23 24
42 43
51 45
51 52
60 61
60 70
24 25
45 46
52 53
61 62
70 80
25 26
46 47
62 63
80 73
80 81
80 90
47 48
73 74
81 82
90 91
48 49
82 83
91 92
49 39
49 59
83 84
92 93
39 29
39 38
59 58
59 69
84 85
93 94
29 19
29 28
38 37
58 57
69 68
69 79
94 95
19 9
19 18
37 36
57 56
68 67
79 89
95 96
8 9
18 17
36 35
56 55
67 66
89 88
66 65
66 77
77 76
76 75
96 97