0 80 44 94 91 98 76 88 38 42 14 48 36 68 13 33 85 97 81 77 22 65 12 37 52 87 20 6 90 74 1 39 29 71 15 46 99 21 4 64 82 49 25 69 84 54 89 34 9 79 75 51 30 95 62 78 24 86 2 72 27 16 17 56 47 45 83 43
0 80
80 44
80 94
80 91
44 98
44 76
44 88
44 38
44 42
91 14
91 48
98 97
98 81
98 77
76 87
76 20
76 6
76 90
88 46
42 68
42 33
42 85
48 25
36 68
68 13
33 49
81 22
81 65
77 12
77 37
77 52
12 99
12 21
52 4
87 74
87 1
20 39
20 29
20 71
39 15
15 72
46 64
46 82
99 69
99 84
21 34
21 9
21 79
64 62
64 78
82 2
49 43
25 16
25 17
69 54
69 89
54 75
54 51
89 30
89 95
75 56
30 83
78 24
24 86
86 45
27 16
56 47