0 2 5 13 19 22 23 24 33 38 39 43 44 45 52 73 80 1 11 25 35 41 53 63 64 77 88 96 7 15 21 27 30 36 46 50 56 61 68 75 92 99 3 8 16 29 31 47 48 66 91 93 4 6 54 57 69 26 37 81 87 62 90 95 9 40 89 67 12 58
0 2
2 27
2 21
5 36
5 26
13 95
19 38
22 66
22 1
22 33
23 3
23 38
24 21
24 35
24 30
24 87
33 6
33 12
39 68
39 45
39 58
43 54
43 31
44 1
45 9
52 46
73 54
73 88
73 95
80 41
80 35
11 35
11 61
25 27
35 26
53 46
53 31
63 77
64 54
77 12
77 93
77 26
77 29
96 26
7 29
15 90
15 99
21 89
21 16
21 4
27 3
27 67
30 57
50 6
56 81
75 26
92 9
92 12
92 62
99 89
3 8
16 48
29 40
29 54
47 40
91 54
57 69
37 12
81 9