0 26 88 20 30 33 74 36 76 80 83 34 24 41 86 55 45 56 18 43 9 98 4 66 71 79 22 72 29 6 87 59 99 65 52 75 39 23 25 11 8 96 16 63 13 31 94 53 60 54 57 38 51 28 78 93 84 50 61 58 19 37 27 46 40 15 2 97 44 68 17 95
0 53
0 80
0 26
26 17
26 46
88 94
88 54
20 4
20 79
30 97
33 8
33 28
74 55
74 34
36 76
36 39
80 58
83 96
83 2
24 16
24 31
41 43
41 56
86 27
86 95
55 19
45 27
18 25
18 97
43 25
43 4
9 23
9 17
9 57
98 19
66 25
66 40
71 38
71 39
71 60
22 87
22 93
72 8
72 6
29 94
6 51
6 39
6 59
59 50
99 51
65 2
52 63
52 27
52 75
75 54
75 15
39 97
25 95
11 15
11 93
96 44
16 61
16 46
13 37
94 2
78 19
78 50
84 17
37 68
46 95
97 68