0 30 61 79 80 84 1 28 64 67 2 13 55 66 85 3 8 23 63 7 9 45 65 6 12 54 92 22 41 46 40 50 69 86 29 39 11 14 60 25 77 71 17 73 78 16 43 49 36 18 38 47 20 42 82 48 56 70 24 68 26 58 57 83 32 34 75 51 76 53 59
0 80
0 79
0 84
30 6
61 12
61 48
79 86
80 75
80 43
84 25
1 64
1 67
1 28
28 57
64 11
67 68
2 85
2 55
2 13
55 39
55 59
66 47
66 56
85 24
85 7
3 63
8 46
8 22
23 41
23 29
23 36
63 77
9 40
45 73
45 92
45 50
65 20
65 34
65 41
6 12
6 54
54 77
22 56
41 71
40 18
69 53
86 82
86 18
29 83
29 24
11 14
14 17
14 78
60 34
77 53
77 16
71 57
73 48
78 47
16 49
18 38
20 42
42 70
48 83
26 58
58 75
57 76
83 32
34 75
51 53