39 89 88 60 26 74 27 78 96 6 11 36 71 8 32 7 23 79 37 52 77 3 44 92 62 66 25 49 4 61 10 67 70 99 38 41 81 84 18 13 58 69 24 73 95 97 47 91 45 53 1 48 54 56 14 12 98 87 55 17 86 83 65 57 93 9 76 72
39 89
39 88
89 60
88 26
60 74
60 27
74 78
74 96
27 6
27 11
27 36
96 71
6 8
6 32
11 7
11 23
11 79
11 37
36 52
71 77
8 3
8 44
32 92
32 62
7 66
23 25
79 49
79 4
37 61
77 10
3 67
3 70
3 99
3 38
3 41
92 81
66 84
4 18
61 13
61 58
10 69
67 24
67 73
67 95
70 97
99 47
99 91
38 45
38 53
41 1
84 48
58 54
58 56
24 12
91 98
91 87
91 55
45 17
48 14
12 86
86 83
86 65
83 57
65 93
57 9
93 76
9 72