0 2 25 24 62 64 65 66 67 68 69 70 72 74 75 76 77 78 79 80 81 83 84 85 86 87 88 89 90 91 94 96 97 98 1 36 43 33 8 5 10 42 37 6 52 9 58 11 56 12 13 61 38 15 41 40 20 22 19 26 21 29 23 54 32 35 27 30 48 34 50 53 39 47 60 49 57
0 2
0 25
0 24
0 62
0 64
0 66
0 67
0 68
0 70
0 72
0 74
0 75
0 76
0 77
0 78
0 80
0 81
0 83
0 84
0 86
0 87
0 89
0 90
0 91
0 94
0 96
0 97
0 98
2 43
25 9
24 32
24 35
24 54
24 41
65 5
66 6
68 8
69 10
70 12
76 19
77 20
78 21
79 23
85 32
86 33
88 36
97 50
1 36
1 43
5 10
5 42
5 37
42 22
37 30
37 53
37 41
52 21
9 58
9 11
58 57
11 56
56 60
13 61
61 40
38 27
15 41
40 19
20 26
22 29
23 54
27 30
30 48
34 50
50 49
39 47
47 60