0 25 26 27 73 79 52 16 18 93 9 90 22 53 54 99 21 10 55 56 94 23 96 95 91 47 7 48 78 42 24 89 88 11 58 60 30 63 12 61 62 17 76 2 31 33 65 44 6 84 3 34 35 68 14 82 67 19 66 20 85 86 87 39 4 38 83 5 40 50 8 49 51 97 72 15
0 25
0 26
0 27
25 73
25 79
25 52
73 16
79 18
52 93
52 9
52 90
93 22
9 53
9 54
90 99
90 21
22 91
54 78
99 42
99 24
21 89
21 88
10 55
10 56
55 94
94 23
23 96
23 95
96 86
96 84
96 62
91 47
47 7
7 48
78 17
42 5
24 97
89 31
88 84
11 58
11 60
58 30
60 63
63 12
12 61
12 62
17 76
2 31
2 33
33 65
65 44
44 6
84 19
3 34
3 35
34 68
68 14
68 82
14 67
82 19
82 66
19 83
20 85
20 86
20 87
85 39
39 4
4 38
5 40
40 50
50 8
8 49
8 51
97 72
72 15