1 2 98 3 97 6 96 5 9 7 93 8 92 11 91 10 14 12 88 13 16 87 15 19 17 18 21 24 22 20 23 26 25 27 28 29 31 30 34 32 33 36 35 39 37 38 41 42 43 46 47 48 51 52 53 56 57 58 61 64 69 66 74 65 77 78 81 82 83 86
1 2
1 98
2 3
98 97
3 6
97 96
6 5
6 9
6 7
96 93
7 8
93 92
8 11
92 91
11 10
11 14
11 12
91 88
12 13
88 87
13 16
16 15
16 19
16 17
87 86
17 18
18 21
21 24
21 22
22 20
22 23
23 26
26 25
26 27
27 28
28 29
28 31
31 30
31 34
31 32
32 33
33 36
36 35
36 39
36 37
37 38
38 41
41 42
42 43
43 46
46 47
47 48
48 51
51 52
52 53
53 56
56 57
57 58
58 61
61 64
64 69
69 66
69 74
66 65
77 78
78 81
81 82
82 83
83 86