73 66 36 63 82 91 42 35 58 41 86 88 95 67 90 62 56 44 60 53 78 40 69 51 71 54 37 19 99 39 2 11 8 13 33 3 97 7 32 29 72 70 79 77 52 45 50 92 96 93 23 87 30 65 24 49 26 59 80 31 1 89 74 68 18 48 27 55
73 69
66 95
66 56
66 45
66 72
36 87
63 50
82 48
82 8
91 42
91 78
42 95
42 35
42 37
35 80
58 67
58 19
41 95
41 18
86 78
86 2
88 56
95 60
95 90
95 51
90 27
62 32
44 37
44 48
53 49
78 26
40 99
69 7
71 30
71 33
54 52
37 97
37 33
19 70
99 33
99 74
39 74
2 96
11 1
8 79
13 80
3 77
97 55
97 65
7 89
32 87
32 59
32 68
29 74
70 49
70 24
77 52
52 87
45 89
50 23
92 74
93 1
23 26
24 80
49 1
59 74
31 68