0 1 2 3 4 5 6 7 8 9 10 12 14 15 16 17 18 19 20 21 22 23 24 25 26 27 28 29 30 31 32 33 34 35 36 37 38 41 42 45 46 47 49 50 53 54 57 58 59 61 62 65 66 69 70 71 72 73 74 77 78 81 82 85 86 88 89 90 91 93 94 97 98
0 2
0 8
0 10
0 12
0 16
0 18
0 22
0 25
0 26
0 27
0 29
0 30
0 32
0 33
0 34
1 35
1 36
2 37
2 38
3 30
4 30
4 41
4 42
5 30
6 12
6 28
6 45
6 46
7 12
8 21
8 49
8 50
9 12
10 53
10 54
12 15
12 17
12 19
12 23
12 31
12 57
12 58
14 28
14 61
14 62
16 65
16 66
18 69
18 70
19 71
20 28
20 73
20 74
22 77
22 78
24 32
24 81
24 82
26 85
26 86
27 88
28 89
28 90
29 91
30 93
30 94
32 97
32 98
33 35
45 47
57 59
70 72