0 4 6 9 10 11 13 14 15 16 17 18 19 20 21 22 23 24 27 28 29 30 31 33 34 1 35 36 2 37 38 5 7 41 42 45 46 8 49 50 53 54 12 57 58 61 62 65 66 69 70 73 74 77 78 81 82 26 85 86 89 90 32 93 94 96 97 98
0 4
0 6
0 9
0 10
0 11
0 13
0 14
0 15
0 16
0 17
0 18
0 19
0 20
0 21
0 22
0 23
0 24
0 27
0 28
0 29
0 30
0 31
0 33
0 34
4 5
4 7
4 41
4 42
6 2
6 45
6 46
10 53
10 54
14 61
14 62
16 65
16 66
18 69
18 70
20 73
20 74
22 77
22 78
24 81
24 82
28 89
28 90
30 8
30 12
30 26
30 32
30 93
30 94
31 96
33 35
1 35
1 36
2 37
2 38
8 49
8 50
12 57
12 58
26 85
26 86
32 97
32 98