<<<<<<< HEAD
69 95 81 15 31 45 53 13 9 46 62 10 49 99 76 48 39 26 71 27 28 70 88 94 61 77 78 73 96 32
=======
69 95 81 15 31 45 53 13 9 46 62 10 49 99 76 48 39 26 71 27 28 70 77 88 94 78 73 96 61 32
>>>>>>> ee77869a8b7fe06ada838d2fc2f03607efdccd8b
69 95
95 81
81 15
81 31
31 45
31 53
45 13
45 9
45 46
45 62
13 10
13 49
9 99
46 76
10 48
10 39
49 26
99 71
99 27
76 28
48 70
26 88
71 94
28 61
70 77
94 78
<<<<<<< HEAD
61 32
78 73
73 96
=======
78 73
73 96
61 32
>>>>>>> ee77869a8b7fe06ada838d2fc2f03607efdccd8b
