0 70 58 54 68 49 11 34 92 20 23 2 7 67 10 74 80 36 52 9 65 29 64 44 26 73 16 37 90 83 14 79 42 17 22 63 77 43 53 61 39 27 51 15 45 71 82 78 85 89 31 21 46 96 13 75 55 69 87 86 57 60 50 48 1 95 81 40 19 4 47
0 70
0 58
0 54
70 68
70 49
58 11
58 34
58 92
58 20
54 23
68 2
49 7
49 67
11 10
11 74
92 80
20 36
20 52
23 9
23 65
23 29
2 64
67 44
74 26
74 73
36 16
36 37
36 90
52 83
9 14
9 79
29 42
64 17
64 22
64 63
64 77
26 43
16 53
16 61
37 39
83 27
14 51
14 15
42 45
17 71
22 82
22 78
77 85
77 89
39 31
27 21
71 46
82 96
78 13
78 75
31 55
21 69
46 87
46 86
13 57
75 60
55 50
55 48
87 1
57 95
48 81
1 40
81 19
40 4
40 47