0 17 57 23 35 8 33 60 73 95 97 28 13 21 44 63 56 24 30 70 85 41 92 1 90 79 14 18 96 29 50 99 22 88 27 10 66 38 69 51 7 49 48 68 11 25 58 74 98 72 78 45 16 37 9 84 6 36 2 65 76 91 34 12 53 54 94 43 61 19
0 17
17 57
17 23
57 35
23 8
23 33
23 60
8 73
60 95
95 97
95 28
95 13
95 21
97 44
28 63
28 56
44 24
63 30
63 70
56 85
56 41
70 92
85 1
85 90
41 79
41 14
92 18
1 96
1 29
1 50
79 99
18 22
96 88
29 27
29 10
29 66
50 38
50 69
99 51
22 7
88 49
88 48
88 68
27 11
10 25
10 58
10 74
69 98
51 72
7 78
49 45
49 16
49 37
49 9
98 84
72 6
45 36
16 2
37 65
84 76
36 12
36 54
2 94
91 34
34 12
12 53
94 43
43 61
61 19