0 5 13 30 61 73 91 98 1 3 25 26 28 31 35 63 2 14 29 39 51 86 10 17 40 45 52 76 4 46 22 32 38 48 57 6 11 67 82 92 7 18 21 41 8 34 64 71 90 94 20 24 59 60 68 47 49 50 37 62 77 93 96 27 83 36 53 85 80 33
0 29
5 22
5 32
5 20
5 60
13 51
13 37
13 40
30 45
30 49
61 80
61 32
61 57
73 29
91 60
91 3
98 41
98 36
1 63
1 57
3 29
25 76
25 46
26 31
26 93
28 20
28 2
28 39
28 90
31 11
31 68
35 41
35 49
63 47
14 27
14 51
14 83
29 62
29 94
29 33
86 53
10 76
10 96
17 37
45 7
45 67
45 34
52 53
52 68
52 77
76 7
4 53
32 64
38 37
38 8
48 90
57 59
6 83
6 24
82 7
82 71
92 7
92 21
7 18
21 50
21 53
60 50
68 27
47 85