0 95 99 73 78 92 67 84 85 88 80 89 96 97 79 70 98 66 75 68 93 91 77 71 86 87 76 83 69 94 65 82 74 72 90 42 46 11 18 4 28 29 32 20 33 43 44 19 7 45 13 5 39 35 16 9 30 31 15 27 6 41 1 26 12 10 34 59 56 38 36 64 61 25 55 54 50 52 21 3 47 63 24 37 58 60 22 53 8 51 57 49 40 81 23 14 48 17 62 2
0 95
0 99
0 73
0 78
0 92
0 67
0 84
0 85
0 88
0 80
0 89
0 96
0 97
0 79
0 70
0 98
0 66
0 75
0 68
0 93
0 91
0 77
0 71
0 86
0 87
0 76
0 83
0 69
0 94
0 65
0 82
0 74
0 72
0 90
95 42
99 46
73 11
78 18
67 4
84 28
85 29
88 32
80 20
89 33
96 43
97 44
79 19
70 7
98 45
75 13
68 5
93 39
91 35
77 16
71 9
86 30
87 31
76 15
83 27
69 6
94 41
65 1
82 26
74 12
72 10
90 34
18 59
4 56
29 38
29 36
29 64
29 61
32 25
20 55
20 54
33 50
44 52
19 21
13 3
13 47
13 63
5 24
5 37
9 58
31 60
15 22
6 53
1 8
1 51
26 57
34 49
56 40
25 81
21 23
60 14
53 48
53 17
49 62
62 2