0 25 27 13 64 65 66 56 26 28 42 70 1 29 30 5 40 41 19 82 2 31 32 33 9 52 53 97 3 34 35 4 37 38 39 21 88 89 90 7 46 47 48 6 43 44 45 16 74 57 51 20 85 86 87 79 8 49 50 11 59 60 61 17 77 12 63 69 62 18 80 81 76 14 67 68 15 72 91 95 93 22 23 96 24
0 25
0 27
25 56
27 42
27 70
13 64
13 65
13 66
64 62
64 69
65 81
66 28
66 44
66 90
66 76
26 28
28 1
42 5
70 15
1 29
1 30
5 40
5 41
40 31
40 35
41 47
19 82
82 39
2 31
2 32
2 33
33 97
9 52
9 53
52 49
97 24
3 34
3 35
4 37
4 38
4 39
38 88
21 88
21 89
21 90
89 77
90 46
7 46
7 47
7 48
47 79
6 43
6 44
6 45
43 57
44 51
16 74
74 68
51 8
20 85
20 86
20 87
87 95
8 49
8 50
50 61
11 59
11 60
59 69
61 12
17 77
12 63
69 14
69 72
69 91
69 95
18 80
18 81
76 93
14 67
14 68
91 22
95 23
23 96