0 37 20 45 46 50 51 56 69 72 1 11 40 74 75 76 77 78 80 81 82 83 84 86 87 88 89 90 91 92 94 97 98 99 2 5 13 23 3 24 12 43 4 29 19 6 41 8 7 26 39 9 35 30 25 16 32 15 28 17 33 31 36 34 42
0 37
0 20
37 7
20 16
45 1
46 3
50 12
51 15
56 23
69 40
72 43
1 11
1 40
1 75
1 76
1 77
1 78
1 80
1 81
1 82
1 84
1 86
1 87
1 88
1 89
1 90
1 91
1 94
1 97
1 98
1 99
11 25
11 16
40 23
40 36
74 2
83 15
92 28
2 5
2 13
2 23
13 9
23 12
23 15
3 24
3 12
3 43
12 32
43 29
43 39
4 29
4 19
6 41
6 8
8 39
7 26
9 35
35 17
30 25
15 28
17 33
33 34
31 36
36 42