1 4 98 2 5 96 93 7 8 9 12 11 13 14 17 20 19 22 21 23 24 26 27 29 31 33 32 34 36 39 38 41 40 42 43 45 46 48 49 50 51 53 54 56 57 58 59 60 62 64 66 68 67 70 72 75 78 80 82 83 86
1 4
1 98
98 2
98 96
2 5
5 7
96 93
7 8
8 9
9 12
12 13
11 13
11 14
14 17
17 20
20 19
20 22
22 21
22 23
22 24
23 26
26 27
27 29
29 31
31 33
33 32
33 34
34 36
36 39
39 38
38 41
41 42
40 42
40 43
43 45
45 46
45 48
48 49
48 50
48 51
51 53
53 54
54 56
54 57
56 58
57 59
57 60
60 62
62 64
64 66
66 68
68 67
68 70
70 72
72 75
75 78
78 80
80 82
82 83
83 86