0 2 3 4 5 7 8 9 10 12 13 14 15 16 17 18 20 21 22 23 24 25 28 29 30 33 34 37 38 41 42 49 50 53 54 11 19 26 32 57 58 61 62 65 66 67 27 31 69 70 73 74 77 78 1 81 82 89 90 93 94 35 6 85 86 97 98 36 45 46
0 2
0 3
0 4
0 5
0 7
0 8
0 9
0 10
0 12
0 13
0 14
0 15
0 16
0 17
0 18
0 20
0 21
0 22
0 23
0 24
0 25
0 28
0 29
0 30
0 33
0 34
2 37
2 38
4 41
4 42
8 49
8 50
10 53
10 54
12 11
12 19
12 26
12 32
12 57
12 58
14 61
14 62
16 65
16 66
17 67
18 27
18 31
18 69
18 70
20 73
20 74
22 77
22 78
24 1
24 81
24 82
28 89
28 90
30 93
30 94
33 35
26 6
26 85
26 86
32 97
32 98
1 36
6 45
6 46