0 26 27 10 55 56 57 21 88 89 90 44 34 1 29 30 23 94 95 96 16 75 2 33 20 85 86 87 3 35 11 58 59 60 40 68 4 38 39 13 65 66 45 72 5 42 9 52 53 54 97 7 46 47 48 8 49 50 76 15 18 79 80 91 84 98 83 12 62 63 19 82 14 67 69 99 70 17 24
0 26
0 27
26 44
27 34
10 55
10 56
10 57
55 89
57 83
21 88
21 89
21 90
88 50
89 62
34 3
1 29
1 30
30 94
23 94
23 95
23 96
94 80
95 83
96 33
16 75
75 87
2 33
20 85
20 86
20 87
87 68
87 70
87 83
3 35
35 40
35 68
11 58
11 59
11 60
58 83
60 47
40 5
68 14
4 38
4 39
38 45
39 72
13 65
13 66
65 91
45 97
72 15
5 42
9 52
9 53
9 54
52 91
54 84
54 98
97 24
97 84
7 46
7 47
7 48
46 76
8 49
8 50
76 17
18 79
18 80
84 19
83 19
12 62
12 63
19 82
14 67
14 69
67 99