0 2 98 1 4 96 3 99 6 94 5 97 8 92 7 95 10 90 9 93 12 88 11 91 14 86 13 89 16 15 87 17 18 19 20 21 22 23 24 25 26 27 28 29 30 31 32 33 34 35 36 37 38 39 40 41 42 43 44 45 46 47 48 50 52 54 56 58 60 49 51 53 55 57 59 61 63 65 67 69 71 73 75 77 64 66 68 70 72 74 76 78 79 80 81 82 83 84 85
0 2
0 98
0 1
2 4
98 96
1 3
1 99
4 6
96 94
3 5
99 97
6 8
94 92
5 7
97 95
8 10
92 90
7 9
95 93
10 12
90 88
9 11
93 91
12 14
88 86
11 13
91 89
14 16
86 84
13 15
89 87
16 18
15 17
87 85
17 19
18 20
19 21
20 22
21 23
22 24
23 25
24 26
25 27
26 28
27 29
28 30
29 31
30 32
31 33
32 34
33 35
34 36
35 37
36 38
37 39
38 40
39 41
40 42
41 43
42 44
43 45
44 46
45 47
46 48
48 50
50 52
52 54
54 56
56 58
58 60
49 51
51 53
53 55
55 57
57 59
59 61
61 63
63 65
65 67
67 69
69 71
71 73
73 75
75 77
77 79
64 66
66 68
68 70
70 72
72 74
74 76
76 78
78 80
79 81
80 82
81 83
82 84
83 85