0 1 3 4 6 7 9 10 11 12 14 16 20 22 23 24 25 26 27 30 31 33 34 35 37 38 39 40 41 42 43 45 46 48 49 50 51 53 54 55 56 57 58 59 60 61 63 64 65 67 68 69 71 72 74 75 76 77 78 79 81 83 84 85 86 87 88 89 90 92 93 94 95 97 98
0 24
0 41
1 16
1 43
3 54
3 10
4 48
4 39
4 20
6 55
6 39
6 49
7 37
9 89
10 33
10 77
10 42
10 27
10 68
10 23
11 16
11 30
11 69
12 94
12 35
12 64
14 79
14 46
20 45
20 59
20 61
22 42
23 94
24 59
25 79
26 42
26 31
27 86
30 46
33 72
33 58
33 65
34 76
34 88
34 43
37 92
37 50
38 59
38 81
39 98
40 95
40 78
40 79
43 93
45 50
45 94
45 87
46 89
46 51
49 84
50 57
53 60
56 93
60 85
63 68
65 79
67 79
71 90
71 75
74 95
75 88
83 92
85 94
97 98