29 32 33 51 56 76 27 38 79 2 4 13 40 41 52 70 77 47 53 63 31 39 6 12 28 46 50 57 7 17 83 14 44 54 66 22 65 10 34 61 69 72 86 11 16 84 94 80 62 90 85 42 60 99 19 81 20 71 23 87 24 37 78 48 75 58 68 92 35 36 96 98 91 43 49 88
29 56
29 13
29 57
32 69
32 44
32 23
32 12
33 90
51 69
51 85
56 19
76 70
76 91
76 96
27 41
38 90
79 10
2 4
2 70
4 63
13 90
40 90
41 86
52 75
52 36
52 54
77 39
77 75
47 94
53 87
53 50
31 92
31 68
6 28
6 46
12 83
12 80
28 14
28 16
57 92
7 17
17 99
83 24
83 81
44 10
54 78
66 88
22 84
65 49
65 98
10 86
10 72
34 58
34 16
61 84
61 60
61 42
69 91
86 42
86 98
11 16
16 85
94 24
62 87
99 20
20 71
71 87
71 91
37 96
48 36
75 88
68 49
68 35
36 96
98 43