0 2 3 4 5 6 7 8 9 10 12 13 14 15 17 18 20 23 24 27 29 30 32 33 34 37 38 39 16 25 41 42 44 21 45 46 49 50 53 54 19 57 58 60 61 62 69 70 22 28 73 74 81 82 87 93 94 97 98 35 65 66 77 78 89 90 85 1 26 36 86
0 2
0 3
0 4
0 5
0 6
0 7
0 8
0 9
0 10
0 12
0 13
0 14
0 15
0 17
0 18
0 20
0 23
0 24
0 27
0 29
0 30
0 32
0 33
0 34
2 37
2 38
3 39
4 16
4 25
4 41
4 42
5 44
6 21
6 45
6 46
8 49
8 50
10 53
10 54
12 19
12 57
12 58
13 60
14 61
14 62
18 69
18 70
20 22
20 28
20 73
20 74
24 81
24 82
27 87
30 93
30 94
32 97
32 98
33 35
16 65
16 66
22 77
22 78
28 89
28 90
87 85
35 1
85 26
1 36
26 86