1 0 4 5 6 7 8 9 10 11 12 15 16 19 24 26 27 28 30 32 33 37 39 40 41 42 45 47 50 51 52 53 55 57 58 60 61 62 63 64 65 66 67 68 70 71 72 73 74 75 77 79 80 81 85 86 90 91 92 93 94 95 97 98 99
1 6
0 75
4 16
5 9
6 55
6 45
7 41
8 27
8 15
9 62
10 40
11 94
12 58
12 30
12 99
15 81
16 85
16 26
16 71
16 37
16 62
19 92
24 61
24 41
26 97
26 60
26 57
26 28
27 55
30 39
32 90
33 65
39 42
40 53
40 92
41 80
42 71
47 67
47 53
50 53
51 97
52 99
52 70
52 93
53 70
55 61
58 74
58 68
58 72
60 64
61 98
61 68
62 77
63 95
65 97
66 98
67 79
71 95
73 75
75 86
80 90
85 91
86 97
86 94