0 55 64 68 69 71 73 75 78 79 81 82 83 84 85 87 91 93 94 96 97 99 9 25 10 13 17 22 26 29 36 38 41 42 44 67 58 20 23 51 15 18 34 12 59 40 5 24 49 31 3 16 7 48 63 27 46 4 47 37 21 8
0 55
0 64
0 68
0 69
0 71
0 73
0 75
0 78
0 79
0 81
0 82
0 83
0 84
0 85
0 87
0 91
0 93
0 94
0 96
0 97
0 99
55 9
55 25
68 10
71 13
73 17
78 22
82 26
84 29
91 36
93 38
96 41
97 42
99 44
9 67
9 58
25 20
25 23
25 51
13 15
22 18
29 34
29 12
36 59
36 40
42 5
42 24
42 49
44 31
20 3
18 16
59 7
59 48
5 63
24 27
49 46
31 4
27 47
46 37
4 21
37 8