0 9 33 39 52 58 68 84 87 89 1 2 21 44 47 67 70 71 78 88 98 28 32 37 57 30 85 4 8 24 27 69 80 5 65 77 20 22 34 40 11 12 14 38 43 60 26 83 94 31 49 36 46 54 75 18 74 86 29 42 90 56 79 45 64 72 61
0 87
0 58
0 89
9 43
33 60
33 43
39 18
52 12
58 88
58 54
68 87
84 94
84 77
84 27
84 74
87 85
1 88
1 67
2 28
2 47
2 57
2 32
21 88
21 46
44 36
47 49
67 61
67 78
70 79
71 42
71 90
88 22
88 80
88 64
98 18
28 60
32 54
32 72
37 45
37 8
37 30
85 74
4 8
8 77
24 14
24 74
69 79
80 5
65 38
65 43
65 11
20 79
20 56
34 45
34 12
40 60
11 26
43 36
26 29
83 42
31 86
36 90
75 79
18 90
86 45
90 56