0 1 4 7 8 11 14 15 16 18 19 20 21 22 23 24 25 26 27 28 29 30 32 33 34 35 36 37 39 40 41 42 43 44 45 46 47 48 49 50 51 52 53 54 55 56 57 59 60 63 64 65 66 67 68 69 70 71 72 74 75 76 77 78 81 84 87 90 91 92 95 96 98
0 1
1 4
4 7
7 8
8 11
11 14
14 15
15 18
16 19
16 20
18 19
20 21
21 22
21 24
22 25
23 26
23 27
25 26
27 28
28 29
29 32
30 33
30 34
32 33
34 35
35 36
36 39
37 40
37 41
39 40
41 42
42 43
42 45
43 46
44 47
44 48
46 47
48 49
49 50
49 52
50 53
51 54
51 55
53 54
55 56
56 57
56 59
57 60
60 63
63 64
63 66
64 67
65 68
65 69
67 68
69 70
70 71
71 74
72 75
72 76
74 75
76 77
77 78
78 81
81 84
84 87
87 90
90 91
91 92
92 95
95 96
96 98