0 14 85 44 17 46 21 22 34 89 27 1 41 19 15 2 71 35 29 12 51 37 16 28 73 95 63 30 18 3 7 24 43 45 20 78 9 31 90 11 94 87 50 93 5 33 59 54 48 8 38 36 62 56 58 49 66 86 40 81 76 74 67
0 14
0 85
14 44
85 17
85 46
44 21
44 22
46 34
46 89
46 27
21 51
21 90
21 36
89 48
1 41
41 19
19 71
15 2
15 71
71 35
35 78
35 54
29 12
29 51
37 16
37 28
37 73
37 95
28 63
28 30
95 18
63 78
63 94
30 56
30 49
3 7
7 24
7 43
7 45
24 20
45 78
78 87
78 50
9 31
9 90
90 11
11 93
87 93
87 59
50 38
93 5
93 33
54 81
8 38
62 56
62 58
66 86
86 40
40 81
81 76
76 74
74 67