0 27 83 22 91 93 67 99 35 19 1 28 29 30 32 60 42 45 96 47 14 7 46 48 65 75 76 2 11 5 23 31 3 34 37 53 16 74 24 98 81 94 4 9 38 39 21 88 90 57 80 41 71 20 85 87 78 13 17 8 50 51 77 18 63 95 64 82
0 27
27 83
83 35
83 19
22 91
22 93
91 67
93 99
67 14
99 24
99 81
99 94
35 3
35 53
19 82
1 28
1 29
1 30
28 32
28 60
29 42
30 45
30 96
30 47
32 2
60 11
42 5
96 23
47 7
47 76
7 46
7 48
46 65
46 75
65 13
75 16
76 17
2 31
5 41
23 94
23 95
3 34
34 37
37 4
53 9
53 94
16 74
24 98
81 18
4 38
4 39
21 88
21 90
88 57
90 80
80 18
41 71
20 85
20 87
87 78
78 17
13 64
17 77
8 50
8 51
50 77
63 95