0 68 35 73 74 75 76 77 78 79 80 81 82 83 84 85 86 87 88 89 90 91 92 93 94 95 96 97 98 99 13 42 61 63 54 6 28 45 40 51 15 17 67 59 43 56 16 2 70 18 30 7 46 3 11 8 24 32 23 44 4 34 5 21 36 38 41 47 29 57 58 20 65 72 64 19 66 39 22 31 37
0 68
0 35
0 73
0 74
0 75
0 76
0 77
0 78
0 79
0 80
0 81
0 82
0 83
0 84
0 85
0 86
0 87
0 88
0 89
0 90
0 91
0 92
0 93
0 94
0 95
0 96
0 97
0 98
0 99
68 13
68 42
68 61
68 63
35 54
75 6
90 28
13 45
42 40
61 51
63 15
6 17
6 67
6 59
28 43
28 56
15 16
17 47
67 8
59 29
59 57
59 58
43 5
43 36
56 66
2 70
70 18
70 30
18 7
30 46
7 29
46 4
3 11
3 8
11 24
8 32
8 23
23 44
4 34
5 21
36 38
36 41
38 31
38 37
47 20
47 65
58 72
20 64
19 66
19 39
22 31