0 34 60 68 71 77 43 6 17 86 1 35 44 61 69 72 2 36 45 73 11 3 40 74 83 46 89 4 30 38 75 41 39 65 76 32 49 66 33 53 90 96 54 20 28 80 88 91 55 50 24 56 22 51 25 57 23 59 85 63 26 97 62
0 34
34 60
34 68
34 71
34 77
60 23
68 25
77 43
43 6
43 17
43 86
6 32
6 49
17 54
1 35
1 44
35 61
35 69
35 72
61 24
69 26
72 46
2 36
2 45
36 73
45 11
73 30
11 54
3 40
40 74
40 83
83 57
46 89
89 55
4 30
38 75
75 41
75 32
39 65
39 76
65 22
65 91
76 33
32 66
53 90
53 96
96 59
96 62
54 20
54 28
54 80
54 88
54 91
20 63
50 24
56 22
51 25
25 59
57 23
59 85
63 26
63 97