0 1 69 2 68 3 67 4 66 5 65 6 64 7 8 9 10 11 12 13 14 15 16 45 46 47 48 49 50 17 44 51 18 43 52 19 42 53 20 41 54 21 40 55 22 39 56 23 38 57 24 37 58 25 36 59 26 35 60 27 34 61 28 33 29 32
0 1
0 69
1 2
69 68
2 3
68 67
3 4
67 66
4 5
66 65
5 6
65 64
6 7
7 8
8 9
9 10
10 11
11 12
12 13
13 14
14 15
15 16
15 45
15 46
15 47
15 48
15 49
15 50
16 17
45 44
50 51
17 18
44 43
51 52
18 19
43 42
52 53
19 20
42 41
53 54
20 21
41 40
54 55
21 22
40 39
55 56
22 23
39 38
56 57
23 24
38 37
57 58
24 25
37 36
58 59
25 26
36 35
59 60
26 27
35 34
60 61
27 28
34 33
28 29
33 32