0 5 8 10 15 17 19 33 34 46 1 6 7 9 13 18 21 24 25 30 54 60 67 84 2 26 41 57 3 16 75 77 80 4 11 12 14 42 20 22 23 48 62 99 35 36 44 65 94 98 43 59 61 31 32 55 52 72 40 68 78 63 90 79 64 81
0 33
5 22
5 14
5 46
8 1
8 11
10 19
15 12
15 14
15 18
17 63
17 67
17 16
19 98
19 90
33 25
33 26
33 43
33 44
33 80
34 13
1 7
1 13
1 84
6 65
6 44
6 98
6 35
6 94
9 20
9 55
9 13
9 48
9 23
13 61
18 68
21 60
24 23
25 36
25 79
30 20
54 59
60 22
67 20
2 26
26 64
26 42
41 99
57 35
3 77
75 4
77 20
4 12
11 99
11 32
12 35
12 31
42 40
62 81
99 35
59 61
32 78
52 79
52 81
72 90