0 57 61 55 70 71 72 73 74 76 77 78 79 80 83 86 87 88 89 90 91 92 93 94 95 96 97 98 99 21 8 42 3 7 75 9 81 16 82 17 84 20 85 24 26 27 28 30 33 35 37 38 1 45 68 2 31 46 66 25 52 41 6 54 11 67 34 12 14 50 13 53 59 44 65 18 19 40 69 51 60 62 36 49
0 57
0 61
0 55
0 70
0 71
0 72
0 73
0 74
0 76
0 77
0 78
0 79
0 80
0 83
0 86
0 87
0 88
0 89
0 90
0 91
0 92
0 93
0 94
0 95
0 96
0 97
0 98
0 99
57 21
55 8
55 42
71 3
74 7
76 9
87 24
88 26
89 27
90 28
91 30
94 33
95 35
97 37
98 38
21 85
21 12
21 14
21 50
8 75
3 66
7 2
7 31
7 46
81 16
16 26
82 17
17 18
17 30
84 20
20 11
24 45
26 65
27 44
27 19
28 41
38 67
38 49
1 45
45 68
68 6
46 25
46 52
41 13
41 59
6 54
11 67
67 34
13 53
65 60
65 62
19 40
19 69
69 51
36 49