1 12 36 46 48 52 68 80 81 95 98 2 6 7 11 18 22 34 37 38 43 82 90 17 39 49 53 70 72 87 89 93 96 3 8 10 13 26 27 32 58 62 85 97 16 23 31 50 71 5 25 21 30 59 92 35 64 88 9 14 65 66 67 73 76 99 33 56 79 40
1 22
1 18
1 34
12 10
36 34
46 73
46 81
46 38
48 89
52 31
52 93
68 96
80 30
80 70
81 11
81 40
81 67
95 7
98 96
98 53
98 5
2 39
2 17
6 21
6 7
7 72
7 64
7 88
7 18
7 71
11 50
18 13
22 62
22 32
37 97
38 30
43 27
43 97
82 96
82 99
90 32
17 59
17 49
17 33
49 89
53 9
72 23
72 76
87 85
93 85
96 59
3 8
3 62
10 99
10 66
26 71
58 92
58 85
58 16
97 23
97 92
31 35
71 67
71 56
5 25
88 99
14 79
14 67
65 76