0 1 2 3 4 5 6 7 8 9 10 12 13 15 20 21 22 23 24 25 27 28 29 31 32 33 36 37 39 42 43 44 47 48 49 51 52 54 57 58 59 60 61 62 63 64 67 70 72 74 76 77 78 80 81 83 84 85 86 87 88 89 91 92 93 94 95 97 98 99
0 2
1 51
2 74
2 39
2 49
2 12
2 3
3 28
3 29
4 51
4 23
5 91
6 91
6 70
7 77
7 60
8 37
8 54
9 81
9 20
9 93
9 76
9 83
10 23
12 36
13 25
15 47
21 49
21 43
22 98
22 58
23 24
24 94
24 70
25 63
27 63
28 44
28 42
28 62
31 78
31 63
32 33
32 44
36 72
39 97
39 52
44 99
47 63
48 57
48 88
48 89
48 76
54 77
57 99
57 60
57 87
59 61
60 64
60 61
63 92
67 86
70 98
76 91
77 80
78 85
83 84
86 88
87 95
91 92