0 12 79 48 84 19 24 47 53 43 73 8 31 33 14 61 4 81 38 74 10 50 29 3 11 62 1 55 15 52 95 76 82 23 65 40 58 49 77 16 51 34 71 89 68 96 66 37 87 36 18 44 70 46 92 88 72 45 64 56 5 28 42 54 20 7 98 78 93 60 35 39 91
0 43
0 38
12 50
79 62
48 62
84 49
84 54
84 5
84 40
19 29
24 44
24 4
24 87
47 43
47 3
53 60
53 3
53 68
53 93
53 1
43 64
43 28
73 40
73 92
73 36
8 10
8 39
8 89
31 14
31 55
33 15
14 37
61 66
61 5
61 15
4 16
4 60
4 70
81 78
81 91
38 55
74 78
50 39
29 71
11 72
11 88
62 7
62 77
15 45
15 51
52 40
95 5
95 64
95 58
76 20
82 37
23 35
65 66
58 91
77 93
16 56
51 72
51 98
34 91
71 78
96 88
96 35
18 39
46 98
42 93
54 39
20 91