11 28 33 44 47 85 97 70 1 5 15 42 92 80 2 23 34 68 76 86 91 38 3 20 63 83 54 4 7 90 26 75 17 60 93 94 19 21 59 82 96 13 12 65 88 14 27 58 72 48 84 31 32 79 35 67 36 81 77 43 49 73
11 65
11 83
11 7
11 14
28 42
28 49
28 76
28 84
28 58
33 17
44 93
47 85
85 21
97 43
97 70
1 80
5 17
15 32
15 34
15 4
15 79
92 4
80 68
80 23
2 38
23 88
68 14
68 4
68 17
76 72
86 75
91 12
38 4
38 75
38 82
3 54
20 94
63 48
63 49
83 36
54 96
90 32
26 19
60 43
60 93
93 14
94 19
19 79
21 72
59 73
96 73
13 72
12 72
88 84
88 35
27 84
48 77
31 77
32 81
67 77
49 73