0 20 8 10 3 19 79 68 73 94 46 49 71 64 85 66 9 37 75 12 39 62 65 34 95 72 45 11 84 31 67 63 58 1 25 53 16 97 99 82 36 98 54 40 29 38 56 28 14 78 32 74 52 80 88 44 21 17 35 57 92 7 2 51 27 47 93 89 6 13
0 20
0 8
0 10
8 3
10 19
10 79
3 68
3 73
19 94
19 46
19 49
73 71
49 64
64 85
64 66
85 9
66 37
66 75
66 12
9 31
37 16
37 97
75 99
75 82
75 36
39 62
62 65
65 34
34 95
34 72
95 45
45 11
45 84
84 14
84 52
31 67
31 63
31 58
63 1
58 25
25 53
99 98
99 54
82 40
54 89
40 7
29 38
38 56
56 28
28 14
28 78
14 32
14 74
32 80
32 88
32 44
80 21
80 17
44 35
44 57
17 92
17 7
92 2
92 51
2 27
51 47
51 93
89 6
89 13