1 0 2 4 7 8 9 10 11 12 13 14 15 16 17 18 19 20 21 22 26 28 29 31 32 33 36 37 38 39 40 41 42 43 46 47 48 50 51 52 53 56 57 59 62 63 64 65 66 68 70 71 73 74 76 78 79 81 82 83 84 85 86 87 89 91 92 93 94 95 97 98 99
1 81
0 89
0 70
2 11
2 48
2 32
2 50
4 98
4 19
7 48
7 22
8 92
8 43
9 86
10 63
10 56
12 85
12 32
12 62
13 74
14 38
15 81
15 68
15 37
16 47
16 92
17 18
18 39
18 42
19 76
19 97
20 98
20 74
20 73
21 66
22 74
22 56
26 53
28 53
29 52
29 84
31 99
31 85
33 74
33 51
36 56
36 38
37 71
38 86
39 86
40 51
41 56
41 94
42 59
43 57
46 91
47 82
47 48
51 89
52 71
53 84
56 81
57 83
64 79
64 87
65 66
66 71
68 93
76 87
78 98
78 91
95 99