1 3 4 7 8 10 12 14 16 18 19 20 21 22 23 24 25 26 27 29 28 30 31 32 33 34 35 36 37 38 39 50 40 41 42 43 44 45 46 47 48 49 51 52 53 54 55 56 57 58 59 60 61 62 65 67 64 66 68 69 63 70 71 72 73 74 76 77 79 80 82 83 84 85 87 88 89 92 94 95 97 98
1 3
3 4
3 7
7 8
8 10
10 12
12 14
14 16
16 18
16 19
19 20
20 21
21 22
22 23
23 24
24 25
25 26
26 27
26 29
27 28
29 30
30 31
31 32
31 33
33 34
34 35
34 36
35 37
37 38
37 39
38 50
39 40
40 41
40 42
42 43
43 44
44 45
44 46
46 47
47 48
48 49
48 51
51 52
51 53
53 54
54 55
55 56
55 57
56 58
58 59
59 60
60 61
60 62
62 65
62 67
65 64
67 66
67 68
67 69
64 63
69 70
70 71
71 72
72 73
73 74
74 76
76 77
77 79
79 80
80 82
82 83
83 84
84 85
85 87
87 88
88 89
89 92
92 94
94 95
95 97
97 98