8 4 10 67 45 51 89 28 38 82 87 77 81 70 73 97 11 79 35 52 99 91 34 68 88 64 17 40 7 2 44 6 62 46 80 48 36 61 0 95 26 60 14 24 83 53 42 23 12 33 56 43 49 55 15 90 27 21 30 94 37 59 3 92 20 74 66
8 4
8 10
8 67
4 45
10 51
10 89
67 28
67 38
45 82
51 87
89 77
89 81
28 70
38 73
87 97
87 11
81 79
81 35
70 52
70 99
73 91
97 34
11 68
11 88
79 64
52 17
91 40
34 7
68 2
68 44
64 6
64 62
17 46
40 80
7 48
2 36
2 61
44 0
44 95
62 26
80 60
80 14
48 24
36 83
0 53
26 42
60 20
14 74
53 3
42 55
23 12
23 33
23 56
12 43
56 49
56 55
49 15
15 90
27 21
21 30
21 94
30 37
94 59
37 3
3 92
74 66