1 91 16 18 53 43 98 62 99 7 33 47 25 93 29 94 48 34 8 89 3 37 77 60 14 69 11 79 81 30 95 87 75 80 61 5 20 40 85 23 72 96 17 74 67 15 13 90 88 35 83 49 86 78 73 55 71 68 64 12 39 22 58 51 21 97 92
1 69
1 30
1 37
91 3
16 21
16 93
16 61
18 64
18 92
18 29
53 17
43 94
43 21
98 71
62 95
62 87
99 58
99 33
7 8
7 77
33 34
33 17
47 20
25 5
93 74
93 35
93 34
93 67
29 89
29 72
48 40
48 34
34 78
8 83
8 39
89 85
3 71
37 23
37 64
37 75
37 51
77 61
60 14
60 90
14 95
14 80
11 12
79 64
79 15
79 71
81 39
81 22
87 39
80 12
5 58
20 51
23 13
96 88
74 86
67 68
15 88
13 58
49 97
49 73
73 55
97 92