0 19 12 25 27 1 15 28 29 30 2 21 9 31 33 5 4 14 13 39 16 41 42 6 43 44 46 8 50 11 52 53 23 56 58 59 60 17 61 62 66 67 69 70 71 72 73 74 75 76 77 78 79 82 84 85 86 90 91 94 95 96 97 99
0 25
0 27
19 82
19 84
12 61
12 62
27 77
1 28
1 29
1 30
15 70
15 71
15 72
30 58
2 31
2 33
21 90
9 52
9 53
33 52
5 41
5 42
4 39
14 67
14 69
13 66
39 91
16 73
16 74
16 75
42 53
6 43
6 44
43 96
44 91
46 74
8 50
50 66
11 58
11 59
11 60
52 56
52 59
23 94
23 95
23 96
58 75
59 66
60 99
17 76
17 77
17 78
62 97
62 90
66 69
67 85
71 77
72 75
72 86
72 96
77 79
78 84
90 99