0 1 10 2 3 4 5 14 6 13 15 7 12 16 24 8 11 17 23 25 21 18 22 26 35 31 28 27 36 41 38 46 40 51 52 48 56 30 50 61 62 53 58 20 60 71 72 43 59 68 70 80 90 81 73 91 82 74 92 75 76 77 95 96 97 98 99 89 79 69 49 39 29 78 88 87
0 1
0 10
1 2
2 3
3 4
4 5
4 14
5 6
14 13
14 15
6 7
13 12
15 16
15 24
7 8
12 11
16 17
24 23
24 25
11 21
17 18
23 22
25 26
25 35
21 31
18 28
26 27
35 36
31 41
28 38
36 46
41 40
41 51
41 52
38 48
46 56
40 30
40 50
51 61
52 62
52 53
48 58
30 20
50 60
61 71
62 72
53 43
58 59
58 68
60 70
71 81
72 73
59 69
59 49
68 78
70 80
80 90
90 91
81 82
73 74
91 92
74 75
75 76
76 77
95 96
96 97
97 98
98 99
99 89
89 79
79 69
49 39
39 29
78 88
88 87