0 1 2 3 4 93 48 92 19 45 47 94 18 46 49 70 91 16 13 33 74 71 5 8 55 57 56 64 62 10 12 14 11 53 20 22 87 21 88 24 82 85 83 86 84 80 41 81 26 29 75 42 32 34 31 30 98 99 35 37 39 43 44 72 66 69 77
0 1
1 2
2 3
2 4
2 93
4 48
93 92
48 19
48 45
48 47
92 94
19 18
45 46
45 49
47 70
94 91
18 16
46 13
49 33
70 74
70 71
91 66
13 10
33 32
33 30
33 81
74 62
74 44
71 72
5 8
5 55
55 57
57 56
57 64
64 62
62 42
10 12
10 14
12 11
11 53
20 22
20 87
22 21
87 88
21 24
21 82
88 85
82 83
85 86
83 84
83 80
86 77
84 41
80 81
41 43
26 29
26 75
75 42
32 34
34 31
31 98
98 99
35 37
35 39
37 43
66 69