57 9 36 39 49 64 75 91 92 97 1 10 12 27 53 73 74 77 85 94 96 2 7 19 28 30 40 48 54 59 62 78 83 47 81 84 4 5 51 79 56 20 23 43 6 50 22 32 38 45 70 31 46 52 76 89 16 11 33 61 69 93 21 55 87 42 95 24 67 90 17 68 65 71
57 5
9 4
9 11
36 1
39 93
39 11
39 17
39 56
49 67
49 40
64 93
75 38
75 24
75 5
91 81
92 96
97 85
1 74
10 21
10 23
10 73
10 96
12 42
12 4
12 69
12 28
12 95
27 59
53 78
53 85
74 68
77 59
85 70
94 52
94 84
2 7
7 31
19 42
28 55
28 33
28 48
30 83
30 65
30 47
40 61
48 79
48 21
54 42
54 76
59 20
59 93
59 5
62 43
62 52
78 16
83 81
47 32
81 22
84 87
51 16
56 89
56 71
56 70
23 50
6 22
22 89
32 45
31 24
46 89
61 65
21 68
87 67
42 90