0 27 9 46 15 12 2 33 10 45 7 58 63 85 14 3 1 13 18 54 52 59 5 67 69 49 32 48 42 70 4 29 55 56 64 93 87 25 81 89 30 90 34 50 6 88 65 60 17 28 95 20 96 19 23 26 72 80 62 68 8 31 71 82 97 41 11 22 37
0 27
0 9
27 46
9 15
9 12
46 2
46 33
12 10
12 45
12 7
12 58
12 63
12 85
2 67
2 69
2 49
2 32
2 48
2 42
2 70
33 4
7 64
7 93
7 5
85 87
85 25
14 3
3 1
3 13
3 18
1 54
1 52
1 59
18 5
5 34
5 50
5 6
5 88
5 65
5 60
69 55
48 89
42 17
70 28
4 11
29 55
29 56
93 90
87 31
87 82
81 89
89 30
90 22
34 96
6 72
6 80
65 62
28 95
20 96
96 19
96 23
19 26
72 68
80 8
62 41
31 71
82 97
97 37