0 5 6 7 8 14 18 31 46 47 61 72 1 9 10 12 13 30 33 40 43 45 49 56 65 70 84 2 15 27 35 36 39 48 59 97 99 37 78 11 25 28 29 41 92 17 21 22 23 26 42 64 71 82 83 88 20 44 93 32 55 57 98 80 66 77 87 90 95
0 46
0 18
5 48
5 1
5 25
6 14
6 26
6 64
6 17
7 1
7 2
7 10
8 25
8 93
8 36
8 13
8 82
14 22
14 44
14 47
18 71
31 98
31 27
46 61
46 37
47 23
47 21
47 83
61 78
72 90
72 77
1 84
1 49
1 65
9 23
9 59
10 29
12 43
12 59
13 21
13 15
30 84
30 70
33 44
40 23
45 29
45 97
49 99
56 21
2 39
2 35
15 11
15 87
15 20
15 55
27 41
27 48
59 90
11 92
11 32
11 80
28 90
41 95
21 66
23 88
42 95
71 66
57 90