0 3 97 6 94 9 91 12 88 15 85 18 82 21 79 24 76 27 73 30 70 33 67 36 64 39 61 42 58 45 55 48 52 51 49 54 46 57 43 60 40 63 37 66 34 69 31 72 28 75 25 78 22 19 87 90 93 96 99 2 5 8 11 14 17 20 23 26 29 32 35 38 41 44 47 50 53 56 59 62 65 68 71 74 77 80 83 86 89 92 95 98 1 4 7 10 13 16
0 3
0 97
3 6
97 94
6 9
94 91
9 12
91 88
12 15
88 85
15 18
85 82
18 21
82 79
21 24
79 76
24 27
76 73
27 30
73 70
30 33
70 67
33 36
67 64
36 39
64 61
39 42
61 58
42 45
58 55
45 48
55 52
48 51
52 49
51 54
49 46
54 57
46 43
57 60
43 40
60 63
40 37
63 66
37 34
66 69
34 31
69 72
31 28
72 75
28 25
75 78
25 22
22 19
19 16
87 90
90 93
93 96
96 99
99 2
2 5
5 8
8 11
11 14
14 17
17 20
20 23
23 26
26 29
29 32
32 35
35 38
38 41
41 44
44 47
47 50
50 53
53 56
56 59
59 62
62 65
65 68
68 71
71 74
74 77
77 80
80 83
83 86
86 89
89 92
92 95
95 98
98 1
1 4
4 7
7 10
10 13
13 16