0 1 3 2 10 6 4 5 11 7 14 13 17 15 19 16 18 34 25 26 33 28 27 35 31 29 30 36 32 39 38 42 40 44 41 43 60 46 47 53 61 51 62 67 50 52 58 59 56 54 55 57 64 63 65 69 66 68 76 71 72 75 78 77 85 81 79 80 86 89 88 92 91 93
0 1
1 3
1 2
3 10
2 6
2 4
2 5
10 11
6 7
5 14
5 13
11 17
14 15
13 19
13 16
13 18
15 34
34 25
25 26
25 33
26 28
26 27
28 35
27 31
27 29
27 30
35 36
31 32
30 39
30 38
36 42
39 40
38 44
38 41
38 43
40 60
41 46
41 47
60 53
60 61
53 51
61 62
61 67
51 50
51 52
50 58
50 59
52 56
52 54
52 55
56 57
55 64
55 63
64 65
63 69
63 66
63 68
65 76
66 71
66 72
76 75
76 78
76 77
78 85
77 81
77 79
77 80
85 86
80 89
80 88
86 92
88 91
88 93