0 2 6 7 8 9 10 13 14 15 16 18 20 28 29 30 32 33 34 1 35 36 37 38 3 4 41 42 5 24 45 46 12 22 49 50 17 21 27 31 51 52 11 23 53 54 57 58 60 62 63 26 65 66 69 70 73 74 77 78 81 82 85 86 89 90 93 94 97 98 61
0 2
0 6
0 7
0 8
0 9
0 10
0 13
0 14
0 15
0 16
0 18
0 20
0 28
0 29
0 30
0 32
0 33
0 34
2 37
2 38
6 24
6 45
6 46
8 12
8 22
8 49
8 50
9 5
9 17
9 21
9 27
9 31
9 51
9 52
10 11
10 23
10 53
10 54
13 3
13 60
14 62
15 63
16 26
16 65
16 66
18 69
18 70
20 4
20 73
20 74
28 89
28 90
30 93
30 94
32 97
32 98
34 36
1 35
1 36
4 41
4 42
24 81
24 82
12 57
12 58
22 77
22 78
63 61
26 85
26 86