7 8 6 9 5 10 4 11 3 12 2 13 1 14 15 16 17 18 54 55 53 56 52 57 51 58 50 59 49 60 48 61 47 62 46 63 45 64 44 65 92 91 93 90 94 89 95 88 96 87 97 86 98 85 84 83 82 40 41 39 42 38 43 37 36 35 34 33 32 31 30 19 20 21 22 23 24 25 26 27 28 29 74 75 73 76 72 77 71 78 70 79 69 80 68 81 67 66
7 8
7 6
8 9
6 5
9 10
5 4
10 11
4 3
11 12
3 2
12 13
2 1
13 14
14 15
15 16
16 17
17 18
18 19
54 55
54 53
55 56
53 52
56 57
52 51
57 58
51 50
58 59
50 49
59 60
49 48
60 61
48 47
61 62
47 46
62 63
46 45
63 64
45 44
64 65
44 43
65 66
92 91
92 93
91 90
93 94
90 89
94 95
89 88
95 96
88 87
96 97
87 86
97 98
86 85
85 84
84 83
83 82
82 81
40 41
40 39
41 42
39 38
42 43
38 37
37 36
36 35
35 34
34 33
33 32
32 31
31 30
30 29
19 20
20 21
21 22
22 23
23 24
24 25
25 26
26 27
27 28
28 29
74 75
74 73
75 76
73 72
76 77
72 71
77 78
71 70
78 79
70 69
79 80
69 68
80 81
68 67
67 66