0 46 35 42 13 65 66 67 68 69 70 74 75 76 77 78 80 81 82 83 85 87 88 90 91 93 94 96 97 98 99 1 18 2 11 3 30 4 9 33 6 61 50 7 54 8 10 39 28 12 64 14 47 51 15 16 48 58 17 44 57 36 19 26 21 22 24 25 63 29 31 43 45 32 49 55 53 38 62 59
0 13
0 42
0 94
0 46
0 81
0 35
0 78
0 96
0 74
0 90
0 85
0 99
0 88
0 87
0 77
0 67
0 66
0 68
0 75
0 91
0 82
0 80
0 97
35 53
42 50
42 62
42 98
13 12
65 1
69 6
70 9
76 18
83 25
93 36
1 18
18 57
18 39
18 36
2 11
2 3
11 28
3 30
30 7
30 43
30 17
30 24
4 9
9 50
33 8
33 55
6 61
6 50
61 59
61 36
61 58
7 54
8 10
10 39
28 26
12 64
64 15
14 47
14 51
47 38
51 29
16 48
16 58
48 19
58 25
58 22
17 44
44 32
44 21
25 63
29 31
31 45
43 59
45 55
32 49