0 1 2 3 4 5 6 7 8 9 10 11 13 14 15 16 17 18 19 20 21 22 23 24 25 26 27 28 29 31 32 33 37 39 41 43 44 46 47 49 52 53 59 60 61 63 64 65 66 67 71 73 74 76 78 83 84 87 88 89 90 92 93 95 96
0 11
0 33
1 24
1 23
1 8
2 37
3 25
3 39
4 41
4 19
4 9
5 44
5 11
5 43
5 9
6 46
6 15
7 14
7 9
7 47
8 49
9 28
9 52
10 53
10 16
13 59
13 60
13 19
14 61
14 29
15 63
15 25
15 64
16 65
16 24
16 21
16 66
17 67
17 22
18 19
19 71
20 73
20 29
20 74
21 76
21 32
21 29
22 78
25 83
25 84
26 31
27 87
27 31
27 88
28 90
28 31
28 89
29 92
31 95
31 96
37 39
61 63
65 67
93 95