1 11 22 21 33 34 35 25 45 15 24 26 46 55 5 14 27 47 54 65 4 18 17 48 53 44 64 75 66 19 38 52 63 74 85 77 56 42 51 72 84 88 87 78 67 76 41 61 81 83 97 79 68 40 80 93 89 58
1 11
11 22
22 21
22 33
33 34
34 35
35 25
35 45
25 15
25 24
25 26
45 46
45 55
15 5
24 14
26 27
46 47
55 54
55 65
5 4
27 18
27 17
47 48
54 53
54 44
54 64
65 75
65 66
18 19
48 38
53 52
53 63
75 74
75 85
66 77
66 56
52 42
52 51
63 72
74 84
77 88
77 87
77 78
77 67
77 76
42 41
51 61
72 81
84 83
87 97
78 79
78 68
41 40
81 80
83 93
79 89
68 58