0 2 3 5 7 8 11 13 14 16 18 20 22 28 30 33 34 1 24 32 35 36 37 38 40 4 41 42 6 45 46 48 15 19 31 49 50 9 10 53 54 55 56 12 57 58 25 61 62 65 66 17 69 70 73 74 21 26 27 77 78 23 81 82 85 86 29 89 90 93 94 97 98 79
0 2
0 3
0 5
0 7
0 8
0 11
0 13
0 14
0 16
0 18
0 20
0 22
0 28
0 30
0 33
0 34
2 37
2 38
3 40
7 48
8 6
8 15
8 19
8 31
8 49
8 50
11 55
11 56
14 4
14 25
14 61
14 62
16 10
16 65
16 66
18 1
18 9
18 69
18 70
20 73
20 74
22 17
22 21
22 26
22 27
22 77
22 78
28 23
28 29
28 89
28 90
30 12
30 93
30 94
1 24
1 32
1 35
1 36
24 81
24 82
32 97
32 98
4 41
4 42
6 45
6 46
10 53
10 54
12 57
12 58
26 85
26 86
77 79