0 25 26 27 56 87 16 73 74 75 29 62 42 86 96 15 71 72 79 24 98 99 61 10 20 1 30 28 34 13 64 21 88 89 90 91 36 37 66 2 31 33 22 92 93 59 60 58 95 5 77 6 44 49 85 12 63 46 65 4 38 39 40 41 76 55 57 17 7 47 84 54 9 52 19 82 83 8 50 23 80 18 81
0 25
0 26
0 27
25 56
26 87
56 10
87 20
16 73
16 74
16 75
73 29
73 62
74 42
74 86
75 96
29 1
29 28
62 12
62 46
62 65
42 64
42 31
42 5
42 77
86 88
86 20
96 23
15 71
15 72
71 79
79 18
24 98
24 99
98 61
61 12
10 55
10 57
20 85
1 30
30 34
13 64
21 88
21 89
21 90
88 91
89 36
89 37
89 66
91 22
91 59
91 60
37 4
2 31
2 33
22 92
22 93
92 58
93 95
58 80
5 40
5 41
77 17
6 44
44 49
44 85
49 8
12 63
46 7
4 38
4 39
41 76
7 47
47 84
47 54
84 19
54 9
9 52
19 82
19 83
8 50
80 18
18 81