0 1 3 4 5 8 9 10 11 12 13 17 19 25 27 29 30 31 32 33 35 36 38 39 40 42 44 46 48 50 51 52 53 54 55 56 57 58 59 60 61 62 63 64 65 66 67 68 69 70 71 72 73 74 75 76 77 78 79 80 81 82 83 84 85 86 87 88 89 90 91 92 93 94 95 96 97 98 99
0 4
0 50
1 31
1 17
1 19
3 9
4 12
5 10
5 9
8 33
8 38
8 36
10 33
11 36
12 25
12 46
12 13
13 40
17 38
27 33
27 44
29 46
29 48
29 32
30 39
31 35
31 46
32 42
39 46
50 63
50 77
51 84
51 71
52 72
53 57
54 97
54 62
55 58
55 87
56 89
56 72
57 88
58 61
58 84
59 84
59 95
60 67
60 79
60 95
60 96
61 72
61 76
61 93
62 91
63 81
63 83
64 77
65 69
66 83
68 76
69 89
70 81
73 74
74 78
74 98
75 87
76 91
79 85
80 91
81 93
82 85
82 86
83 99
87 94
88 98
89 92
90 96
95 98