25 26 37 36 35 38 27 41 42 43 34 28 29 33 46 30 32 31 48 49 47 39 40 44 45 1 2 3 4 5 8 9 6 7 19 10 11 12 13 14 15 16 18 20 23 24 21 22 53 80 87 88 57 65 82 91 98 52 99 54 66 69 94 67 85 61 64 97 55 70 78 58 81 74 75 77 50 76 83 84 62 95 72 93 63
25 37
25 35
26 38
37 38
36 38
38 39
27 42
27 87
27 52
27 80
41 39
42 43
43 49
43 33
43 46
43 44
43 45
34 28
28 33
29 46
33 47
33 32
30 32
30 31
32 97
31 48
39 11
39 40
44 95
1 3
1 4
1 16
2 91
4 54
4 5
5 6
8 7
9 11
6 7
19 20
10 13
10 12
11 12
11 99
12 75
12 77
14 15
15 16
15 88
18 84
18 62
20 21
20 23
20 24
23 54
24 98
21 22
22 52
22 57
53 55
88 93
65 50
82 63
82 50
82 64
91 72
98 55
52 81
99 67
54 83
66 69
66 94
69 74
67 55
85 63
61 74
61 76
61 70
55 58
70 58
78 83
74 72
76 62
95 63