0 49 4 54 75 94 55 76 68 12 8 13 30 7 31 29 59 6 36 70 62 5 74 78 21 33 69 42 40 71 22 19 17 93 15 23 2 90 11 24 65 66 57 91 10 18 34 44 52 48 83 81 47 80 86 37 63 27 85 38 25 50 84 73 46
0 49
49 4
4 54
54 75
54 94
54 55
75 76
75 68
76 12
12 8
12 13
8 30
8 7
30 31
30 29
30 59
7 6
7 36
31 70
36 62
70 42
70 71
70 22
70 19
62 63
5 74
5 78
74 21
21 33
33 69
69 42
42 40
40 17
71 93
71 15
22 23
93 2
15 90
23 11
23 24
2 65
90 57
90 91
11 10
11 18
11 34
11 44
11 52
24 48
24 83
65 66
18 81
48 47
81 80
47 86
47 37
86 85
37 38
63 27
85 25
85 50
50 84
84 73
73 46