81 99 50 29 32 58 76 64 0 7 73 90 82 26 34 71 70 1 56 80 93 87 13 75 61 96 9 21 97 47 2 23 44 37 38 88 53 6 17 68 41 25 57 40 16 27 65 54 35 49 86 74 48 20 95 46 10 59 91 85 67 69
81 99
81 50
99 29
50 32
29 58
29 76
32 64
32 0
32 7
32 73
58 90
0 82
0 26
73 34
73 71
90 70
34 1
34 56
71 80
1 93
1 87
1 13
1 75
56 61
56 96
93 9
93 21
93 97
93 47
87 2
75 23
61 44
61 37
61 38
9 88
9 53
2 6
23 17
44 68
44 41
44 25
37 57
68 40
68 16
68 27
41 65
57 54
40 35
16 49
65 86
65 74
54 48
35 20
35 95
86 46
74 10
20 59
46 91
10 85
59 67
91 69