0 3 5 7 8 9 10 11 13 14 15 16 17 18 19 22 24 25 26 28 31 34 35 37 38 39 41 45 47 48 50 52 53 54 55 56 58 59 60 61 62 64 67 68 70 71 72 73 75 76 79 81 82 83 84 85 86 87 89 91 92 93 96 99
0 18
0 28
0 86
0 15
0 92
0 9
0 39
0 70
0 54
0 81
0 60
0 99
0 64
0 83
0 37
0 73
0 87
0 75
0 82
0 59
0 25
0 55
0 84
0 76
0 8
0 96
0 93
0 45
0 48
0 7
0 3
0 79
0 56
0 5
0 35
0 22
0 34
0 50
0 67
0 13
0 19
0 41
0 11
0 26
0 89
0 31
9 10
14 15
15 16
16 17
24 25
37 38
47 48
52 53
53 54
58 59
60 61
61 62
67 68
70 71
71 72
85 86
91 92