0 40 52 53 55 56 61 64 65 67 68 69 71 73 75 76 77 79 80 81 83 20 31 8 14 23 27 32 37 38 39 1 29 96 13 12 17 63 21 35 6 30 22 89 86 2 16 90 7 18 92 10 45 93 11 94 95 9 97 15 3 98 36 33 46
0 40
0 52
0 53
0 55
0 56
0 61
0 64
0 65
0 67
0 68
0 69
0 71
0 73
0 75
0 76
0 77
0 79
0 80
0 81
0 83
40 20
40 31
56 8
61 14
64 23
68 27
71 32
75 37
76 38
77 39
31 1
31 29
14 96
14 13
14 12
14 17
27 21
32 6
32 30
38 22
1 89
13 10
13 95
13 9
12 94
17 16
17 36
63 21
21 35
35 46
6 7
6 11
22 33
86 2
2 16
16 98
90 7
7 18
92 10
10 45
93 11
9 15
97 15
15 3