0 75 33 97 49 14 74 12 26 30 2 98 50 65 27 71 59 22 89 6 63 88 84 13 96 19 66 9 10 29 38 87 68 79 93 58 62 35 85 55 67 76 48 25 16 21 60 47 37 72 18 39 56 32 23 28 91 54 43 69 94 73 57 80 31 52 78 36 95 46 51
0 12
0 49
75 39
33 21
33 32
97 87
14 13
74 66
74 80
74 28
74 27
12 13
26 27
30 31
30 29
2 65
98 84
50 35
50 60
65 95
65 22
71 72
71 9
59 60
59 96
22 19
89 56
89 69
6 10
63 87
88 48
84 38
84 76
84 67
13 58
13 48
9 10
9 93
10 58
29 62
38 21
87 55
68 51
79 52
79 78
93 94
85 16
85 76
55 54
67 56
67 80
48 47
48 54
48 18
25 69
60 47
60 36
37 36
39 32
56 57
32 31
23 54
91 43
91 80
54 80
69 51
94 78
94 95
73 36
46 51