1 3 4 5 6 7 8 10 11 12 13 14 15 16 17 18 19 20 21 22 23 24 25 26 27 28 30 32 33 34 35 36 41 42 43 44 45 46 47 48 49 50 51 52 54 55 56 60 61 62 65 66 67 68 71 72 74 75 79 81 83 84 85 86 88 90 91 92 93 95 96 98
1 6
1 68
3 12
3 43
4 30
5 27
5 66
6 86
6 52
6 49
7 60
7 41
7 91
8 71
10 92
10 98
10 30
11 92
12 22
13 51
13 15
14 41
14 74
16 68
16 75
16 93
16 24
17 55
18 72
19 26
19 24
20 91
20 96
21 36
21 47
23 75
24 81
25 47
25 67
26 45
28 32
28 35
28 71
33 86
34 83
34 79
35 49
35 60
41 44
42 44
42 65
43 95
43 60
43 61
45 66
46 93
47 56
48 79
50 66
51 54
52 85
54 98
55 60
55 88
56 79
60 62
68 72
79 95
83 90
84 93
92 93