0 25 26 27 55 74 10 63 58 16 12 99 45 53 11 75 1 28 29 30 68 85 14 20 69 86 87 61 24 95 6 92 9 59 2 31 49 8 80 50 51 13 64 65 66 38 40 77 4 5 17 39 42 76 71 44 48 3 34 35 52 54 23 96 43 90 22 21 88 84 19 93
0 25
0 26
0 27
26 55
27 74
55 10
55 63
55 58
74 16
63 12
58 99
58 45
58 53
58 11
16 75
12 61
99 24
45 95
45 6
45 92
53 9
53 86
11 59
1 28
1 29
1 30
29 68
29 85
68 14
85 20
14 69
20 86
20 87
95 23
6 43
6 44
92 90
92 22
9 52
9 54
59 65
2 31
31 49
49 8
49 80
8 50
8 51
50 44
51 48
13 64
13 65
13 66
64 38
66 40
66 77
38 4
40 5
77 17
4 39
5 42
17 76
39 71
3 34
3 35
34 52
23 96
90 21
90 84
22 93
21 88
84 19