16 67 77 64 54 1 98 29 80 18 28 57 86 59 20 50 69 32 49 94 2 76 48 38 51 6 89 12 5 14 24 23 85 93 33 36 53 37 60 79 88 10 61 66 75 44 91 92 90 41 39 63 13 7 71 4 73 27 21 15 8 82 97 99 26 22 35 47 19 34 68 0 81
16 2
16 5
67 1
77 81
64 51
64 68
64 10
64 94
64 89
64 18
54 44
54 1
1 8
98 35
98 13
29 66
29 80
80 81
80 22
80 6
28 86
28 48
28 10
57 36
57 0
86 32
86 23
86 27
59 93
20 51
20 88
50 33
69 8
49 71
94 63
76 75
76 92
76 68
76 12
48 85
38 5
51 8
6 23
89 5
89 99
5 26
14 24
24 53
93 79
33 68
36 47
36 61
36 15
53 61
37 26
37 47
60 97
60 73
79 4
66 73
44 4
91 99
90 7
90 15
41 7
39 13
39 27
63 82
63 71
21 68
99 34
47 19