0 57 8 60 68 35 53 3 61 25 80 96 92 77 81 39 19 14 23 64 16 63 88 26 42 22 72 44 56 45 37 98 2 30 50 69 11 95 4 18 20 6 66 74 21 17 51 58 38 79 55 40 73 82 52 10 83 41 94 43 28 49 78 31 89 24 46 29 48 62 59 70
0 51
57 30
57 51
8 31
60 45
60 19
68 89
68 49
68 96
35 88
35 52
53 79
3 52
3 69
3 50
61 49
25 56
25 30
25 29
25 18
25 14
25 23
80 10
80 26
96 38
92 10
92 79
77 62
77 56
81 43
81 66
39 42
39 21
14 41
14 46
14 69
64 42
16 29
16 48
63 11
42 56
42 6
22 11
72 46
44 55
56 4
45 48
37 31
37 28
98 59
2 43
30 66
50 82
11 51
95 10
20 78
66 89
74 29
21 83
17 55
17 58
58 28
58 49
79 70
55 94
40 24
73 48
83 59
28 78
28 70
24 62