0 1 3 2 37 4 5 29 6 8 7 9 27 10 28 14 13 11 15 12 16 24 39 17 18 19 23 26 20 21 22 25 40 31 30 32 33 35 38 41 68 44 64 75 46 55 42 50 43 62 45 48 49 66 53 56 60 58 59 79 70 69 65
0 1
1 3
1 2
1 37
3 4
37 33
37 38
4 5
4 29
5 6
29 26
6 8
6 7
8 9
7 27
9 10
9 28
27 31
10 14
14 13
14 11
14 15
11 12
15 16
15 24
16 39
24 25
17 18
18 19
18 23
18 26
19 20
20 21
21 22
25 40
40 41
40 68
31 30
31 32
33 35
41 44
41 64
68 75
44 46
44 55
75 60
46 45
46 48
55 43
42 50
50 43
43 62
62 70
62 69
45 49
45 66
49 53
53 56
60 58
58 59
59 79
79 65