2 3 4 6 7 8 9 10 13 14 16 17 19 20 21 22 23 24 25 26 27 29 30 31 32 33 34 35 36 37 38 39 40 41 42 43 44 45 47 48 49 50 51 52 54 57 58 59 60 62 64 66 67 68 69 70 73 74 75 76 77 78 80 81 82 83 84 87 88 90 92 96 97 98 99
2 3
3 6
4 7
6 9
7 8
8 9
9 14
10 14
13 14
14 20
16 23
16 22
17 23
19 20
20 21
20 26
21 27
22 29
24 31
25 33
26 33
29 30
29 38
29 37
30 39
31 39
32 41
33 34
33 41
34 35
35 36
36 44
38 47
39 49
39 48
40 49
40 41
40 50
41 42
42 52
43 52
44 54
44 45
47 57
49 59
51 52
52 62
54 64
58 66
59 67
59 68
60 68
66 74
68 75
69 77
69 70
73 74
73 80
74 75
75 76
75 82
76 77
76 83
77 78
80 81
83 88
83 84
84 90
87 92
88 92
92 96
96 97
97 99
98 99