0 43 3 52 5 6 85 8 88 10 20 60 11 31 13 79 15 34 17 18 25 22 24 26 68 29 95 97 30 62 32 33 46 35 36 80 37 75 65 76 38 39 58 41 94 42 48 49 50 78 53 57 73 66 69 77 81 91
0 43
43 24
43 39
43 42
43 65
3 52
52 20
5 6
6 85
85 35
8 88
88 78
10 20
10 60
60 46
11 31
31 30
31 32
13 79
79 35
79 50
15 34
34 46
17 18
17 25
25 22
25 24
26 68
68 33
68 48
68 69
29 95
29 97
95 37
95 91
30 62
32 33
46 37
35 36
35 80
36 37
36 75
80 81
37 65
37 76
65 38
65 73
76 77
39 58
58 57
41 94
94 69
48 49
49 50
50 78
53 57
66 69