0 54 58 94 44 7 47 11 91 53 17 37 72 77 22 20 51 99 28 55 82 10 69 52 43 18 2 39 31 1 14 78 36 86 96 56 19 63 40 49 3 64 32 41 13 34 71 73 93 9 60 59 75 57 16 80 45 24 76 67 25 81 90 88 65 62 42
0 52
54 81
54 1
58 93
58 34
94 49
94 16
94 77
94 28
44 43
44 96
7 2
7 93
7 65
47 64
47 71
11 42
91 31
91 99
53 55
53 25
17 49
17 73
37 63
72 82
22 90
20 31
20 56
20 2
20 69
20 57
51 40
28 18
28 60
55 9
82 71
10 88
10 32
10 3
69 49
69 39
52 2
43 42
43 1
43 71
31 25
1 63
14 59
14 36
78 75
78 62
36 81
86 59
96 62
19 88
63 24
40 64
49 41
3 45
41 71
13 42
16 80
80 90
80 76
24 67
81 88