0 40 41 42 43 44 45 46 47 48 51 52 53 54 55 56 58 59 61 62 64 65 66 68 1 4 7 10 16 17 18 19 21 22 28 32 35 36 39 27 57 89 69 70 71 72 73 75 76 77 78 79 80 81 82 83 86 87 88 90 91 92 93 94 95 97 98 99 74 49 13 50 15 84 85 23 60 30 63 33 96 67 38 2 3 5 6 8 9 11 12 14 20 24 25 26 29 31 34 37
0 40
0 41
0 42
0 43
0 44
0 45
0 46
0 47
0 48
0 51
0 52
0 53
0 54
0 55
0 56
0 58
0 59
0 61
0 62
0 64
0 65
0 66
0 68
40 1
42 4
45 7
47 10
51 16
52 17
53 18
54 19
55 21
56 22
58 28
62 32
64 35
65 36
68 39
1 89
1 69
1 70
1 71
1 72
1 73
1 75
1 76
1 77
1 78
1 79
1 80
1 81
1 82
1 83
1 86
1 87
1 88
1 90
1 91
1 92
1 93
1 94
1 95
1 97
1 98
1 99
7 74
21 84
22 85
28 23
35 96
27 57
27 89
69 2
70 3
72 5
73 6
75 8
76 9
77 11
78 12
79 13
80 14
81 15
83 20
86 24
87 25
88 26
91 29
92 30
93 31
94 33
95 34
98 37
99 38
49 13
50 15
60 30
63 33
67 38