0 1 13 14 15 22 28 33 48 60 63 66 68 70 76 96 3 11 17 30 32 45 61 62 94 99 2 10 34 43 46 55 58 64 78 79 81 84 86 97 18 50 75 85 98 21 27 47 49 54 71 74 83 35 37 7 23 29 69 91 42 87 89 95 51 77 93 53 59 24 92
0 68
1 99
1 96
1 11
1 33
1 61
13 51
13 47
14 99
15 96
15 24
22 23
22 95
22 17
28 87
33 64
33 89
48 35
48 23
60 84
60 55
63 58
63 68
66 93
66 46
66 85
66 97
68 99
70 21
70 53
76 69
96 87
3 75
3 81
30 98
32 55
32 50
45 27
45 78
62 93
94 93
99 7
2 78
10 49
34 77
43 85
46 84
78 69
79 7
81 92
81 93
81 77
81 21
84 54
84 18
86 21
97 59
98 24
27 77
49 92
49 71
49 95
54 37
74 59
74 51
83 89
7 91
29 87
42 93
87 93