0 3 4 17 18 23 28 33 66 72 1 5 7 11 15 20 52 69 89 2 34 6 8 12 13 16 31 37 38 44 45 48 59 70 75 82 9 21 56 93 14 19 22 27 30 36 39 51 58 73 99 97 92 76 26 65 46 63 77 87 90 98 54 81 79 80 86
0 3
0 28
0 72
0 23
3 59
3 48
3 75
4 93
4 21
4 18
4 7
17 1
18 82
18 54
28 79
28 6
28 38
33 58
33 12
66 13
72 98
1 89
1 5
1 52
5 58
5 14
5 16
5 19
5 51
5 22
11 21
11 15
11 34
15 2
15 30
20 12
20 21
69 70
69 90
69 9
8 99
12 31
12 76
13 44
13 39
37 81
37 92
37 27
37 46
44 27
45 90
59 82
70 21
9 97
56 36
56 80
14 77
14 99
14 63
27 98
36 87
73 77
99 65
97 26
26 87
46 86