0 61 63 65 66 67 68 70 71 72 74 75 76 77 80 81 83 86 87 88 92 93 94 95 96 97 98 99 1 12 2 22 51 3 36 14 5 57 20 6 62 7 27 9 21 10 11 24 17 64 16 46 38 18 49 19 37 32 44 25 30 42 59 26 40 45 28 29 31 34 39 41 43 58 48 52
0 61
0 63
0 65
0 66
0 67
0 68
0 70
0 71
0 74
0 75
0 76
0 77
0 80
0 81
0 86
0 87
0 88
0 92
0 95
0 96
0 97
0 98
0 99
61 3
61 26
63 10
63 25
66 2
70 6
72 10
74 12
76 14
81 19
83 22
86 27
87 28
93 36
94 37
95 38
97 41
98 42
99 44
1 12
2 22
2 51
3 36
36 18
36 31
14 17
5 57
5 20
20 32
20 44
6 62
7 27
9 21
21 30
11 24
24 49
64 38
64 39
16 46
16 38
18 49
19 37
25 59
30 59
42 34
59 29
26 40
26 45
45 48
43 58
43 48
58 52