0 2 7 8 12 19 21 25 27 31 33 36 38 40 41 43 46 54 57 60 61 63 67 70 73 74 81 82 83 84 88 90 94 3 13 14 17 20 22 26 29 32 37 50 52 53 58 62 65 66 77 86 89 91 5 9 15 34 47 48 71 75 78 80 23 30 35 49 64 69 72 85 44 55 39
0 78
2 83
2 84
7 91
8 80
8 38
12 55
19 9
21 89
25 22
25 73
27 78
31 32
31 72
31 60
33 80
33 44
33 46
36 60
38 50
40 71
40 48
41 30
41 47
43 49
54 91
54 84
54 60
57 86
60 74
61 3
63 78
63 5
67 47
70 58
74 88
81 77
82 84
82 15
84 49
84 69
88 17
90 22
90 15
90 58
94 39
3 55
13 32
14 23
17 86
20 53
22 55
26 78
29 53
29 85
32 85
37 66
37 69
50 75
50 89
50 62
52 23
53 65
62 9
65 34
77 55
89 35
5 80
47 69
47 23
71 85
23 39
64 55
44 55