0 2 6 7 8 12 13 14 15 16 19 20 21 22 24 25 27 28 30 32 33 34 1 35 36 37 38 3 39 4 18 41 42 5 45 46 49 50 10 53 54 11 31 57 58 60 61 62 65 66 69 70 73 74 76 77 78 23 81 82 26 85 86 88 89 90 29 93 94 97 98
0 2
0 6
0 7
0 8
0 12
0 13
0 14
0 15
0 16
0 19
0 20
0 21
0 22
0 24
0 25
0 27
0 28
0 30
0 32
0 33
0 34
2 37
2 38
6 45
6 46
8 49
8 50
12 5
12 31
12 57
12 58
13 60
14 61
14 62
16 65
16 66
20 73
20 74
21 76
22 77
22 78
24 81
24 82
27 88
28 23
28 89
28 90
30 93
30 94
32 3
32 4
32 10
32 11
32 29
32 97
32 98
33 35
1 35
1 36
3 39
4 18
4 41
4 42
18 69
18 70
10 53
10 54
26 85
26 86
86 88