0 29 55 56 57 58 59 60 61 63 64 65 66 67 68 69 70 71 72 73 74 75 76 77 79 80 81 82 83 84 85 86 87 88 89 90 91 92 93 94 95 96 9 78 3 5 11 28 34 35 36 39 40 44 53 62 43 98 4 12 8 42 6 2 27 14 45 22 7 20 47 13 1 17 18 54 49 19 48 24 51 99 30 38 21 32 31
0 29
0 55
0 56
0 57
0 58
0 59
0 60
0 61
0 63
0 64
0 65
0 66
0 67
0 68
0 69
0 70
0 71
0 72
0 73
0 74
0 75
0 76
0 77
0 79
0 80
0 81
0 82
0 83
0 84
0 85
0 86
0 87
0 88
0 89
0 90
0 91
0 92
0 93
0 94
0 95
0 96
29 9
29 78
57 3
59 5
63 11
77 28
81 34
82 35
83 36
85 39
86 40
89 44
96 53
9 62
9 43
3 98
3 4
3 12
5 8
5 42
5 6
28 2
34 27
35 14
36 45
39 22
40 7
40 20
44 47
53 13
43 1
43 17
43 18
12 54
42 49
2 19
7 48
7 24
47 51
1 99
18 30
18 38
54 21
48 32
30 31