33 65 93 88 75 82 84 99 15 87 11 73 35 37 92 91 5 26 29 85 4 43 45 27 94 23 41 6 21 78 51 39 61 47 69 49 34 76 10 95 62 96 9 18 57 2 71 50 12 8 64 32 19 59 24 60 25 16 13 30 54 63 58 48 17 67 38 79 36 40 74 89
33 89
33 69
33 47
65 23
93 48
88 43
88 10
75 79
75 11
82 62
84 73
84 95
99 15
15 49
87 25
87 67
11 94
11 38
73 29
35 36
35 26
35 43
37 27
37 59
92 8
92 25
91 36
5 2
5 24
26 49
29 24
85 41
85 74
4 45
43 67
43 61
45 27
45 13
27 40
27 49
27 96
94 18
23 89
41 6
6 79
21 64
21 51
78 76
51 50
51 58
39 71
61 47
61 76
61 17
47 58
34 59
76 9
10 54
62 58
62 19
96 60
57 67
2 63
71 89
12 59
32 19
25 16
30 58
30 48
63 38
48 38