0 1 36 44 46 47 48 49 50 51 52 53 54 55 56 57 58 59 60 61 62 63 64 65 66 67 68 69 70 71 72 73 74 75 76 77 78 79 80 81 82 83 84 85 86 87 88 89 90 91 92 93 96 97 98 26 15 16 19 20 25 33 4 9 12 95 99 41 5 22 18 27 11 31 37
0 1
0 36
0 44
0 46
0 47
0 48
0 49
0 50
0 51
0 52
0 53
0 54
0 55
0 56
0 57
0 58
0 59
0 60
0 61
0 62
0 63
0 64
0 65
0 66
0 67
0 68
0 69
0 70
0 71
0 72
0 73
0 74
0 75
0 76
0 77
0 78
0 79
0 80
0 81
1 82
1 83
1 84
1 85
1 86
1 87
1 88
1 89
1 90
1 91
1 92
1 93
1 96
1 97
1 98
36 26
57 15
58 16
61 19
62 20
67 25
73 33
84 4
87 9
90 12
26 5
16 31
19 95
19 18
19 37
20 11
25 99
4 41
12 27
5 22