0 20 61 97 37 68 86 84 66 81 72 88 70 96 73 80 91 62 82 92 95 60 67 65 76 90 10 25 5 85 64 50 40 57 52 24 93 9 87 18 22 99 11 35 39 4 7 26 14 34 41 47 29 28 15 32 51 6 42 56 30 55 8 21 31 58 36 54 44 1 38 17 33 45 19 3
0 20
0 61
0 97
0 37
0 68
0 86
0 84
0 66
0 81
0 72
0 88
0 70
0 96
0 73
0 80
0 91
0 62
0 82
0 92
0 95
0 60
0 67
0 65
0 76
0 90
20 10
20 25
37 5
37 85
10 64
10 50
10 40
10 57
10 52
25 24
50 93
50 9
40 87
40 18
40 22
57 99
57 11
52 35
52 39
24 4
9 7
9 26
18 14
11 34
11 41
11 47
11 29
39 28
4 15
14 32
14 51
34 6
47 42
29 56
15 30
15 55
32 8
51 21
6 31
30 58
30 36
55 54
8 44
31 1
36 38
54 17
44 33
1 45
33 19
19 3