79 12 96 29 74 37 60 38 91 6 39 89 10 52 54 15 65 82 42 97 8 17 98 77 99 3 21 48 83 68 41 24 28 64 46 18 1 43 75 66 9 20 71 44 59 27 72 36 95 25 16 90 61 92 23 62 2 47 34 35 45 85 33 11 86 93 26 94 32 4 70 5 63
79 29
79 24
79 65
79 37
12 77
12 15
12 32
96 2
29 8
74 48
74 35
37 90
60 43
60 21
38 98
38 91
91 47
91 52
91 3
91 92
91 6
6 64
39 5
39 10
89 23
10 85
52 59
52 83
54 36
15 99
65 97
82 85
42 99
42 2
97 41
97 68
8 34
17 71
17 27
17 61
77 86
21 2
48 86
48 63
48 46
83 36
83 75
68 25
24 1
24 66
28 18
46 45
18 72
1 26
1 61
43 95
43 72
75 16
75 44
75 35
66 70
9 90
20 25
59 4
27 5
27 93
25 33
23 4
62 47
34 86
11 93
86 94