0 76 82 30 39 50 96 25 79 10 70 61 11 69 45 3 59 20 55 5 27 31 68 87 86 6 75 58 63 94 1 84 92 9 66 91 13 43 36 57 62 72 2 24 49 18 99 14 52 60 78 73 37 53 65 35 80 12 93 47 38 29 56 40 15 77
0 76
76 82
82 30
30 58
30 63
30 94
39 50
50 96
50 25
50 79
96 10
96 70
25 61
25 11
25 69
10 92
70 29
70 56
61 5
61 86
61 6
61 75
69 53
45 3
45 59
3 20
3 55
59 5
59 27
59 31
59 68
55 87
87 52
87 60
86 62
6 72
58 53
63 15
1 84
84 92
92 9
9 57
66 91
91 13
91 43
13 36
36 12
57 99
57 14
72 37
2 24
2 49
24 18
49 99
14 47
52 78
60 73
37 93
53 65
65 35
65 80
80 12
93 38
38 77
56 40