0 4 3 2 6 13 14 20 1 18 7 17 12 9 29 5 53 76 30 55 58 78 31 51 50 52 65 66 70 72 73 74 32 61 56 79 33 63 54 67 68 69 71 75 77 34 85 35 91 36 92 83 89 37 82 88 80 38 39 40 84 98 81 95 86 87
0 4
0 3
4 2
4 6
4 13
3 14
3 20
2 1
2 18
6 7
13 17
13 12
14 9
20 29
7 5
17 53
17 76
29 30
53 55
53 58
76 78
30 31
55 51
58 50
58 52
78 65
78 66
78 70
78 72
78 73
78 74
31 32
51 61
50 56
74 79
32 33
61 63
56 54
79 67
79 68
79 69
79 71
79 75
79 77
33 34
69 85
34 35
85 91
35 36
91 92
36 37
92 83
92 89
83 82
83 88
89 80
37 38
82 84
80 98
80 81
38 39
39 40
84 95
98 86
81 87