0 1 2 4 6 7 8 10 11 12 13 14 15 16 17 18 19 20 22 23 24 26 27 28 29 30 31 32 33 34 35 37 38 39 40 42 43 44 45 46 47 48 50 51 53 55 56 57 59 60 61 64 66 68 70 71 72 74 75 76 77 79 80 81 82 83 84 86 87 90 92 93 94 96 97 98 99
0 72
0 40
1 7
2 47
2 83
2 79
2 10
4 75
4 59
6 45
6 38
6 22
7 83
7 15
7 80
8 13
8 60
10 92
11 97
11 76
11 32
12 47
12 90
12 68
13 30
13 77
14 20
14 53
15 23
15 48
15 34
16 82
16 48
17 53
17 37
18 84
19 56
20 59
20 84
23 29
24 93
24 46
26 28
26 35
27 99
27 93
29 84
29 42
30 51
31 79
31 32
32 86
33 57
33 66
33 38
33 74
35 55
35 93
35 87
35 70
37 61
39 51
39 72
43 83
43 96
44 99
47 74
48 56
50 87
50 76
51 94
60 98
64 70
71 86
77 93
81 94