0 1 2 7 3 11 12 17 16 18 15 19 49 24 23 20 48 31 47 26 25 30 39 32 38 40 37 41 74 35 36 44 42 73 56 72 51 50 52 54 55 53 59 63 64 62 65 66 99 71 58 70 69 67 98 68 81 97 76 75 77 80 84 89 85 90 94 91 92
0 1
1 2
1 7
2 3
3 11
11 12
12 17
17 16
17 18
16 15
18 19
18 49
15 24
19 20
49 48
24 23
48 31
48 47
31 30
31 32
26 25
25 30
30 39
39 38
39 40
38 37
40 41
40 74
37 36
41 42
74 73
35 36
35 44
73 56
73 72
56 55
72 71
51 50
51 52
50 54
50 55
52 53
52 59
54 63
55 64
63 62
64 65
65 66
65 99
66 67
99 98
71 58
71 70
70 69
67 68
98 81
98 97
81 80
76 75
76 77
75 80
77 84
80 89
84 85
89 90
85 94
90 91
91 92