1 82 8 6 40 48 5 0 71 10 17 4 2 91 86 39 54 12 94 11 23 70 55 7 19 3 32 41 24 26 37 25 42 9 15 96 13 36 21 72 64 35 84 68 83 56 16 14 18 20 49 22 69 63 27 50 31 29 45 65 28 46 67 75
1 82
1 8
1 6
1 40
1 48
1 5
1 0
8 71
5 10
0 17
0 4
0 2
10 91
17 86
17 39
4 54
4 12
4 94
4 11
4 23
2 70
2 55
2 7
2 19
2 3
2 32
39 41
11 24
23 26
23 37
7 25
7 42
7 9
7 15
19 96
3 13
3 36
3 21
32 72
32 64
24 35
26 84
26 68
25 83
42 56
9 16
9 14
9 18
15 20
21 49
21 22
64 69
35 63
14 27
14 50
14 31
18 29
20 45
49 65
22 28
45 46
65 67
46 75