0 2 3 4 7 8 9 11 12 13 14 17 18 19 20 23 24 25 26 28 29 30 31 33 34 1 35 36 37 38 40 41 42 5 6 45 46 47 48 49 50 10 53 54 55 56 16 57 58 61 62 15 65 66 69 70 73 74 27 79 80 81 82 32 85 86 89 90 92 93 94 97 98 77 78
0 2
0 3
0 4
0 7
0 8
0 9
0 11
0 12
0 13
0 14
0 17
0 18
0 19
0 20
0 23
0 24
0 25
0 26
0 28
0 29
0 30
0 31
0 33
0 34
2 37
2 38
3 40
4 41
4 42
7 5
7 47
7 48
8 49
8 50
11 55
11 56
12 16
12 57
12 58
14 61
14 62
18 69
18 70
20 73
20 74
23 27
23 79
23 80
24 81
24 82
26 32
26 85
26 86
28 89
28 90
29 15
29 92
30 6
30 93
30 94
34 36
1 35
1 36
6 45
6 46
10 53
10 54
54 56
16 65
16 66
79 77
80 78
32 97
32 98