0 1 6 2 3 5 8 10 7 12 14 9 17 18 16 15 4 11 19 21 20 13 29 23 34 24 22 39 26 28 27 25 36 44 35 33 41 42 53 31 30 43 47 56 37 52 54 59 55 60 61 58 63 67 48 64 71 51 49 73 72 83 76 74 75 77 78 80 70 87 66 84 68 90 92 93 96
0 1
0 6
0 2
0 3
0 5
6 8
6 10
6 7
6 12
8 14
7 9
12 17
12 18
12 16
12 15
9 4
9 11
18 19
18 21
18 20
11 13
21 29
29 23
29 34
29 24
23 22
34 39
24 26
24 28
24 27
22 25
39 36
39 44
28 35
28 33
36 41
44 42
44 53
35 31
33 30
42 43
42 47
53 56
43 37
47 52
56 54
54 59
54 55
54 60
54 61
59 58
60 63
60 67
58 48
63 64
67 71
48 51
48 49
71 73
73 72
73 83
72 76
72 74
72 75
76 77
76 78
75 80
77 70
80 87
70 66
87 84
66 68
84 90
90 92
90 93
90 96