0 1 2 3 40 68 37 63 85 61 11 10 28 21 53 77 75 90 51 88 33 56 69 32 46 13 9 76 73 52 71 30 27 93 98 41 70 65 7 57 84 83 4 55 50 78 74 94 86 60 81 89 34 17 49 66 99 48 12 16 43 24 36 87 31 72 80 42 20 38 47 79 59 18 95
0 41
1 84
1 37
1 36
2 53
3 66
40 34
40 60
68 43
68 27
37 34
63 16
63 84
63 9
63 77
85 49
85 99
61 65
61 90
11 75
11 94
11 48
10 55
28 42
21 84
21 73
53 33
77 38
90 33
90 66
51 78
88 76
56 72
69 79
32 87
46 65
13 43
9 87
76 80
76 4
73 27
73 47
52 71
52 79
30 34
93 84
98 48
41 81
70 59
7 89
57 42
57 24
83 48
4 17
4 50
55 36
78 81
78 18
74 49
94 66
94 49
86 36
81 42
81 80
89 24
89 66
34 95
17 72
66 79
99 31
12 38
43 59
20 18
38 79