0 26 27 52 9 53 6 44 37 56 84 4 10 93 19 38 57 22 63 1 28 29 59 11 97 77 58 24 64 17 15 72 13 66 2 31 33 73 16 69 61 42 86 46 76 14 3 35 12 5 88 20 7 95 21 48 47 18 79 92 8 51 23
0 26
0 27
26 52
52 9
9 53
53 63
6 44
44 37
44 56
44 84
37 4
56 10
56 93
84 19
4 38
10 57
93 22
38 29
38 97
38 77
57 35
22 92
63 12
1 28
1 29
29 59
59 11
11 58
97 24
77 64
77 17
58 61
58 42
58 86
58 46
64 72
64 13
17 76
15 72
13 66
66 73
66 69
2 31
2 33
33 73
73 16
69 14
61 12
42 5
42 88
86 20
46 7
76 95
3 35
88 21
7 48
7 47
95 23
48 79
18 79
92 51
8 51