0 1 2 72 99 3 4 5 90 57 20 6 7 78 8 9 10 85 11 28 12 13 14 15 16 17 18 19 26 27 24 25 23 30 31 29 32 60 48 54 76 21 22 96 34 35 80 38 39 40 41 89 84 42 49 52 53 56 45 93 61 65 64 69 67 75 86 81
0 1
1 2
1 72
1 99
2 3
72 69
3 4
4 5
4 90
4 57
4 20
5 6
57 56
20 19
20 21
6 7
6 78
7 8
78 34
8 9
9 10
9 85
10 11
10 28
85 86
85 84
11 12
28 27
28 29
28 23
12 13
13 14
14 15
15 16
17 18
18 19
26 27
24 25
24 23
23 96
30 31
30 29
31 32
31 60
31 48
29 76
32 54
60 61
48 49
54 53
76 42
76 67
76 75
21 22
34 35
34 80
80 81
38 39
39 40
40 41
41 42
89 84
52 53
56 45
56 93
45 65
65 64