0 15 20 25 1 4 29 2 24 31 32 33 3 22 10 34 35 36 37 5 12 42 6 7 43 44 45 14 19 46 47 48 8 23 49 50 51 9 52 53 56 11 58 59 60 61 62 13 16 64 65 66 67 69 21 71 73 74 75 17 76 77 79 80 81 83 84 85 86 87 89 90 91 92 93 94 97 99
0 25
15 71
20 85
20 86
25 42
25 90
1 29
4 37
29 71
29 43
2 31
2 32
2 33
24 97
24 99
31 44
32 76
33 79
3 34
3 35
3 36
22 93
10 56
35 43
36 60
37 61
5 42
12 61
12 62
6 43
6 44
6 45
7 46
7 47
7 48
43 46
43 77
43 86
14 69
19 83
46 75
48 64
48 62
48 91
8 49
8 50
23 94
49 74
51 74
9 52
52 58
53 80
56 93
56 81
11 58
11 59
11 60
13 64
13 65
13 66
16 73
16 74
16 75
67 86
69 76
21 89
21 90
74 80
74 84
17 77
80 89
81 99
83 86
86 87
86 92
90 93
94 97