6 19 74 73 48 52 17 27 15 64 37 47 86 54 65 36 59 3 55 69 87 93 38 83 68 33 20 61 92 88 50 82 0 56 79 11 13 62 81 34 4 96 80 39 99 53 10 97 9 26 7 91 70 58 40 23 31 75 41 21 84 63 49 90 1
6 19
6 74
74 47
74 0
74 97
73 48
73 52
48 3
52 39
52 97
52 41
17 27
17 15
17 64
27 37
64 36
64 75
37 34
47 86
54 65
54 36
54 59
36 4
36 7
36 21
59 31
3 55
3 69
69 91
87 93
87 38
93 96
38 79
38 11
83 68
83 33
83 20
68 92
68 0
61 92
61 88
50 82
82 75
0 56
56 13
11 39
11 70
11 49
62 81
62 34
81 10
81 84
96 80
39 99
39 53
97 9
97 26
97 7
7 90
58 40
40 23
23 63
21 1
63 49