0 45 80 10 73 1 94 35 67 37 98 6 87 20 65 22 2 19 23 96 68 12 53 26 15 78 64 39 89 77 55 84 40 7 82 57 95 71 36 5 9 62 79 18 93 17 33 32 85 8 52 34 63 24 43 90 81 14 59 97 48 25 83
0 45
0 80
0 10
45 73
10 97
73 64
1 94
94 35
94 67
35 2
35 7
67 37
37 98
37 6
37 87
6 14
20 65
20 22
65 2
65 19
2 82
23 96
23 68
96 85
96 8
96 52
68 5
68 9
12 53
53 26
26 33
26 59
15 78
78 40
78 90
64 85
39 89
39 77
39 55
39 84
89 40
77 57
55 95
55 71
7 95
7 33
7 48
95 36
36 43
36 52
36 24
62 79
79 25
18 93
18 17
17 34
33 32
34 63
34 24
63 81
97 83
25 83