0 28 29 50 57 74 81 84 1 26 69 2 3 4 11 18 34 40 58 85 5 9 43 61 25 73 88 97 98 42 90 7 12 65 22 27 86 31 60 10 41 16 53 94 13 38 63 79 37 59 68 45 17 51 78 96 52 95 23 62 47 75 91 30 77 93 70 76 54 56 89
0 57
0 84
28 41
28 84
28 91
29 17
50 76
50 63
74 7
74 75
81 40
81 7
81 85
84 90
84 89
1 26
1 69
26 68
69 59
69 77
2 3
2 11
3 58
4 5
18 73
34 9
40 58
40 16
58 31
58 78
5 25
5 97
9 31
43 10
43 96
61 98
61 59
25 27
25 53
25 94
73 12
73 95
88 27
88 22
97 93
98 54
42 13
90 96
7 12
7 65
27 47
27 38
86 62
86 53
31 41
60 52
60 68
60 37
41 37
13 38
79 95
37 70
45 78
17 78
51 23
51 76
78 23
78 47
30 77
77 56