9 3 50 92 79 1 8 78 96 71 66 80 2 16 75 74 81 76 57 46 59 73 94 38 98 36 68 30 7 40 17 58 34 12 22 63 32 37 41 85 67 53 25 88 87 99 51 93 10 69 49 15 72 13 11 82 43 97 90 28 86 70 47 65 44 54
9 3
9 50
50 92
92 79
79 78
1 8
8 78
78 96
96 71
96 66
96 80
71 74
71 46
71 59
71 73
66 90
80 93
80 43
80 97
2 16
2 75
2 74
75 81
74 76
81 57
57 94
46 38
73 98
73 36
73 68
36 30
7 40
40 17
40 58
17 34
58 12
58 22
12 82
63 32
63 37
63 41
63 85
63 67
32 53
32 25
32 88
67 87
67 99
25 51
88 93
87 10
87 69
51 72
51 65
93 11
93 82
69 28
69 86
69 70
49 15
15 72
72 13
13 47
90 54
86 44