0 25 34 48 66 67 1 3 13 19 30 39 47 62 64 71 86 2 4 6 36 40 53 33 56 24 27 29 68 80 8 16 50 70 93 14 38 52 58 72 84 91 99 23 78 32 42 98 9 10 65 75 82 92 54 60 73 18 12 89 20 31 79 49 61 74 77 96 28 69 35 76 85 45
0 34
25 36
34 23
34 16
34 4
48 69
48 27
66 16
67 75
67 98
1 30
1 86
1 71
1 19
3 56
13 58
39 10
39 58
39 14
39 61
47 53
47 45
62 6
62 64
64 56
64 40
71 77
2 53
4 68
6 58
6 84
6 36
33 50
33 70
24 14
24 79
27 8
29 31
29 78
29 77
68 72
68 50
80 76
8 42
8 98
50 93
50 99
14 49
14 99
14 54
38 75
38 74
52 12
52 9
58 85
84 35
91 45
91 75
99 18
99 32
23 60
78 85
78 65
32 89
9 92
10 82
10 73
82 76
92 74
20 69
79 96
74 76
28 85