0 1 3 8 9 12 17 19 23 26 27 33 41 42 48 54 56 59 64 67 70 71 80 82 84 85 86 87 99 7 11 18 20 22 29 35 37 43 46 52 53 55 57 60 62 68 78 89 90 95 5 10 15 21 32 36 38 39 50 69 81 88 92 28 61 96 49 51 58 76 77 79 63 65
0 84
1 11
1 67
1 8
3 56
9 96
9 46
12 17
12 60
12 78
17 5
17 46
17 42
19 78
19 49
23 53
26 21
26 78
27 89
27 86
33 59
41 87
41 71
42 59
48 39
48 15
54 57
54 36
56 51
56 38
64 77
64 69
70 43
70 51
80 89
82 10
84 50
85 46
85 22
86 76
87 37
87 49
99 60
99 90
99 62
99 20
7 5
7 68
7 36
11 55
18 5
20 51
20 61
29 55
29 65
29 15
35 62
37 79
43 58
43 53
52 36
53 92
55 77
60 32
68 63
95 77
5 50
5 77
10 39
69 76
81 28
88 76
28 76