0 1 35 15 49 3 4 5 6 21 7 8 70 52 9 10 20 11 12 13 43 17 18 19 22 41 27 77 63 23 42 38 24 31 25 26 60 28 33 37 34 36 56 40 44 45 48 50 51 65 58 53 54 55 68 59 64 61 62 66 67 69 74 72 73 75 76
0 1
0 35
0 15
0 49
35 21
35 36
15 5
15 43
49 48
3 4
4 5
6 21
21 9
21 22
21 41
21 27
21 77
21 63
7 8
7 70
8 52
70 69
52 51
52 53
9 10
9 20
10 11
20 19
11 12
12 13
43 44
17 18
18 19
22 23
22 42
22 38
41 40
27 26
27 28
27 33
77 68
77 76
63 62
23 24
24 31
25 26
26 60
60 59
28 37
33 34
36 56
44 45
50 51
51 65
51 58
65 66
53 54
55 68
68 61
68 67
68 69
59 64
69 74
74 73
72 73
75 76