0 85 91 31 90 36 7 14 89 27 29 82 69 67 74 84 24 57 45 86 53 72 3 8 75 40 30 87 52 4 79 96 78 34 37 63 54 65 80 93 38 61 2 59 71 39 21 19 25 83 95 6 81 46 88 94 70 9 10 58 15 48 77 42 41 76 17
0 85
0 91
85 31
85 90
91 36
91 7
31 30
90 87
36 69
7 52
14 89
89 27
89 29
89 82
27 6
29 80
82 76
67 74
67 84
74 24
74 57
74 45
74 86
84 53
24 8
24 71
57 70
57 10
57 15
57 48
57 77
45 25
45 83
45 95
72 3
72 8
72 75
75 40
40 9
52 37
52 46
52 88
52 94
4 79
4 96
79 78
78 37
78 19
34 37
37 63
37 54
63 21
54 80
54 61
65 80
93 38
93 61
61 2
2 59
71 39
95 17
6 81
94 70
10 58
48 42
77 41