0 34 38 39 44 12 22 1 35 3 41 10 43 13 45 17 49 21 2 59 60 61 63 64 67 68 70 71 74 75 76 77 78 69 58 79 80 81 82 83 84 85 86 87 88 89 91 92 93 94 95 96 97 98 99 62 20 73 27 11 29 90 28 25 31 18
0 34
0 38
0 39
0 44
34 1
12 22
22 49
22 70
1 21
1 2
1 59
1 60
1 61
1 63
1 64
1 67
1 68
1 70
1 71
1 74
1 75
1 76
1 77
1 78
35 3
3 79
3 25
3 31
41 10
10 2
43 13
13 62
13 11
45 17
17 2
17 11
17 29
17 90
21 69
2 58
2 79
2 80
2 81
2 82
2 83
2 84
2 85
2 86
2 87
2 88
2 89
2 91
2 92
2 93
2 94
2 95
2 96
2 97
2 98
2 99
68 20
99 28
73 27
27 11
31 18