0 25 26 27 29 35 44 3 74 6 34 36 16 45 42 88 33 38 67 5 76 21 2 65 95 14 40 41 93 99 24 52 17 82 97 98 9 58 86 77 19 80 90 53 54 11 28 50 56 84 18 39 8 10 72 13 91 68 69 71 15 70 7 46 48 62
0 25
0 26
0 27
26 29
29 35
35 44
35 3
44 74
44 6
3 34
3 36
74 16
6 45
34 42
34 88
34 33
36 38
36 67
42 5
42 76
88 21
33 2
38 65
38 95
67 14
5 40
5 41
76 52
76 17
76 82
21 90
65 13
65 91
14 68
14 69
41 93
41 99
99 24
24 97
24 98
52 9
52 58
52 86
17 77
82 19
97 80
9 53
9 54
58 11
77 28
77 50
77 56
19 84
80 18
90 39
50 8
56 10
56 72
69 71
71 15
15 70
70 46
70 62
7 46
7 48