0 61 62 63 64 65 66 67 68 69 70 71 72 73 74 75 76 77 78 79 80 81 82 83 84 85 87 88 89 90 91 92 93 94 95 96 97 98 99 2 3 4 5 6 7 9 10 11 13 14 16 17 18 20 21 22 26 27 28 29 30 31 33 35 37 38 40 42 43 44 45 46 48 49 51 53 54 60 34 59 1 8 15 56 36 47 19 86 57
0 61
0 62
0 63
0 64
0 65
0 66
0 67
0 68
0 69
0 70
0 71
0 72
0 73
0 74
0 75
0 76
0 77
0 78
0 79
0 80
0 81
0 82
0 83
0 84
0 85
0 87
0 88
0 89
0 90
0 91
0 92
0 93
0 94
0 95
0 96
0 97
0 98
0 99
61 2
62 3
63 4
64 5
65 6
66 7
67 9
68 10
69 11
70 13
71 14
72 16
73 17
74 18
75 20
76 21
77 22
78 26
79 27
80 28
81 29
82 30
83 31
84 33
85 35
87 37
88 38
89 40
90 42
91 43
92 44
93 45
94 46
95 48
96 49
97 51
98 53
99 54
11 60
20 34
29 59
30 1
33 8
43 15
49 56
59 36
56 47
56 19
36 86
19 57