89 90 91 92 32 93 2 3 4 5 38 37 39 36 59 64 58 60 42 43 14 13 96 67 57 61 70 69 68 66 76 77 22 23 24 53 10 26 27 28 31 15 56 95 97 94 52 16 50 49 17 18 19 20 83 46 82 33 55 29 81 30 86 25 74 73
89 90
90 91
91 92
92 32
92 93
32 31
32 33
93 60
93 94
2 3
3 4
4 5
5 38
38 37
38 39
37 36
37 59
39 64
59 58
59 60
58 67
58 57
60 61
42 43
43 14
14 13
13 96
96 95
96 97
67 68
67 66
57 15
57 56
61 18
70 69
69 68
76 77
77 22
22 23
23 24
23 53
24 25
53 52
10 26
26 27
27 28
28 31
15 16
56 50
95 94
94 52
50 49
17 18
18 19
19 20
19 83
20 46
83 82
82 29
82 81
33 55
29 30
30 86
25 74
74 73