3 4 6 16 21 22 23 29 30 33 35 36 43 44 51 52 53 60 64 71 72 74 76 80 81 82 84 90 94 96 99 1 5 10 11 12 13 14 18 27 28 31 39 40 41 45 47 54 58 70 75 79 85 87 88 92 95 98 2 19 24 55 62 63 78 83 42 56 8 97
3 90
3 30
3 40
3 23
3 64
4 2
4 60
6 40
16 99
21 11
22 87
23 78
23 87
29 55
30 58
30 82
33 52
35 83
35 70
36 94
43 76
43 13
43 58
43 41
44 55
44 97
51 28
52 79
52 8
53 70
60 28
60 27
60 72
71 76
72 56
72 83
74 54
76 5
76 95
80 94
80 12
81 27
84 96
84 83
90 94
90 28
99 58
99 14
1 98
1 18
10 79
10 39
11 47
18 56
18 62
28 63
28 47
28 54
31 78
39 75
41 42
45 85
79 56
85 56
88 83
92 98
92 24
19 56
56 97