0 98 91 75 65 69 99 64 61 90 81 78 87 77 83 97 62 85 89 88 79 67 73 96 92 72 70 95 63 76 93 71 94 74 84 80 66 86 68 82 36 57 45 20 8 14 6 1 44 31 26 41 33 55 3 37 43 42 28 11 18 52 46 17 15 51 5 21 48 16 50 19 34 29 10 39 12 32 30 47 24 40 38 4 58 13 49 25 35 54 27 22 7 9 2 59 23 56 53 60
0 98
0 91
0 75
0 65
0 69
0 99
0 64
0 61
0 90
0 81
0 78
0 87
0 77
0 83
0 97
0 62
0 85
0 89
0 88
0 79
0 67
0 73
0 96
0 92
0 72
0 70
0 95
0 63
0 76
0 93
0 71
0 94
0 74
0 84
0 80
0 66
0 86
0 68
0 82
0 36
98 57
91 45
75 20
65 8
69 14
64 6
61 1
90 44
81 31
78 26
87 41
83 33
97 55
62 3
85 37
89 43
88 42
79 28
67 11
73 18
96 52
92 46
72 17
70 15
95 51
63 5
76 21
93 48
71 16
94 50
74 19
84 34
80 29
66 10
86 39
68 12
82 32
57 30
8 47
31 24
3 40
43 38
42 4
52 58
15 13
16 49
50 25
50 35
19 54
29 27
10 22
12 7
4 9
13 2
25 59
54 23
54 56
7 53
56 60