0 25 26 27 87 45 62 1 29 44 2 31 32 33 6 43 46 49 40 35 3 34 22 91 92 93 11 59 60 39 5 41 42 37 19 82 84 90 73 97 16 75 7 48 20 85 76 8 51 18 79 80 72 9 52 54 12 61 63 55 66 13 65 14 67 68 69 21 88 89 15 24 98 99 95
0 25
0 26
0 27
25 87
26 45
26 62
87 20
45 6
62 40
62 48
62 12
1 29
29 44
44 6
2 31
2 32
2 33
31 46
31 49
31 40
33 35
6 43
49 37
49 8
49 72
40 5
40 90
35 3
35 39
3 34
22 91
22 92
22 93
92 54
93 61
93 67
11 59
11 60
59 66
59 82
59 75
60 55
5 41
5 42
42 73
42 97
19 82
19 84
73 16
97 24
16 75
7 48
48 76
20 85
8 51
18 79
18 80
80 54
80 95
72 15
9 52
9 54
12 61
12 63
66 13
13 65
14 67
14 68
14 69
67 89
21 88
21 89
24 98
24 99