0 2 4 5 6 8 11 7 12 14 17 16 18 20 22 23 24 26 29 27 28 25 30 32 34 35 33 31 36 38 40 39 37 41 42 44 46 47 45 43 48 53 50 51 52 49 54 56 57 58 59 55 60 62 64 63 65 61 66 68 71 69 70 72 74 76 77 75 73 78 82 83 80 84 86 89 85 90 92 94
0 2
0 4
0 5
4 6
6 8
6 11
11 7
11 12
12 14
12 17
17 16
17 18
18 20
20 22
22 23
23 24
24 26
24 29
26 27
29 28
29 25
29 30
30 32
30 34
30 35
32 33
35 31
35 36
36 38
36 40
38 39
40 37
37 41
41 42
42 44
42 46
42 47
44 45
47 43
47 48
48 53
53 52
53 54
50 51
50 52
52 49
54 56
56 57
56 58
58 59
59 55
59 60
60 62
60 64
62 63
64 65
65 61
65 66
66 68
66 71
68 69
68 70
71 72
72 74
72 76
72 77
74 75
76 73
77 78
78 82
78 83
82 80
83 84
84 86
84 89
89 85
89 90
90 92
92 94