0 1 2 4 14 16 17 19 20 30 33 34 15 27 29 35 36 9 37 38 41 42 13 61 62 6 8 21 23 25 28 65 66 3 5 11 73 74 7 12 18 31 32 93 94 45 46 24 26 49 50 89 90 67 68 44 58 69 70 10 22 97 98 81 82 85 86 53 54 77 78
0 1
0 2
0 4
0 14
0 16
0 17
0 19
0 20
0 30
0 33
0 34
1 15
1 27
1 29
1 35
1 36
2 9
2 37
2 38
4 41
4 42
14 13
14 61
14 62
16 6
16 8
16 21
16 23
16 25
16 28
16 65
16 66
20 3
20 5
20 11
20 73
20 74
30 7
30 12
30 18
30 31
30 32
30 93
30 94
6 45
6 46
8 24
8 26
8 49
8 50
28 89
28 90
65 67
66 68
5 44
12 58
18 69
18 70
32 10
32 22
32 97
32 98
24 81
24 82
26 85
26 86
10 53
10 54
22 77
22 78