0 7 34 1 43 44 54 42 32 41 51 40 37 49 55 48 46 50 52 29 36 3 67 71 31 69 68 66 61 62 58 74 63 72 64 15 10 19 77 98 59 9 8 23 39 82 11 47 5 83 28 4 21 17 25 2 27 18 26 79 20 30 6 24 16
0 7
0 34
0 1
0 43
0 44
0 54
0 42
0 32
0 41
0 51
0 40
0 37
0 49
0 55
0 48
0 46
0 50
0 52
7 29
7 36
1 3
1 67
1 71
1 31
1 69
1 68
1 66
1 61
1 62
1 58
1 74
1 63
1 72
1 64
43 15
3 10
3 19
3 77
3 98
3 59
3 9
15 8
15 23
10 39
10 82
10 11
19 47
19 5
11 83
11 28
5 4
28 21
28 17
28 25
4 2
4 27
17 18
2 26
2 79
27 20
18 30
79 6
30 24
24 16