0 2 5 54 56 71 78 1 37 63 70 94 7 10 55 62 3 15 43 38 50 92 65 98 8 23 72 9 19 27 44 76 81 11 36 40 12 34 75 13 51 61 97 14 22 41 67 96 18 60 17 21 28 46 53 82 90 42 95 73 79 80 86 25 49 26 74 31 45 32 33 35 91 57
0 56
2 62
2 55
5 38
54 55
54 18
54 75
54 37
56 32
56 26
56 27
71 78
71 57
78 61
1 94
63 11
63 53
63 49
70 72
70 91
94 79
94 42
7 92
7 3
10 81
55 98
62 80
15 96
15 65
43 98
43 73
43 21
38 13
50 73
92 76
92 33
98 40
8 23
23 19
23 25
9 27
9 76
9 19
19 96
19 95
27 22
27 74
27 41
44 60
44 51
76 75
81 25
81 31
11 36
36 45
12 75
34 42
34 90
13 61
51 14
61 25
97 82
14 41
22 79
67 82
96 82
60 91
17 28
17 46
28 74
82 35
82 86
31 45