1 2 4 7 8 13 14 15 16 17 18 19 20 21 22 23 24 25 28 29 30 31 32 33 35 37 38 39 40 41 43 46 48 49 51 52 53 54 55 56 57 58 59 62 63 64 65 66 67 68 69 70 72 73 74 75 76 77 79 80 81 83 84 85 87 91 92 93 94 95 96 97 98
1 2
1 25
2 19
4 68
7 79
8 28
13 63
13 14
14 15
14 51
15 16
16 68
16 57
16 17
17 18
18 19
20 70
20 21
21 22
22 23
24 87
25 33
28 52
29 72
30 31
31 32
32 33
35 93
37 38
38 39
38 79
38 98
39 70
39 40
40 41
43 84
46 94
46 64
48 49
49 84
52 77
53 67
54 55
55 56
56 57
57 79
58 67
58 81
59 97
62 63
65 87
65 66
66 67
67 68
69 73
69 96
72 73
74 75
75 76
75 80
76 77
79 80
80 93
83 84
84 85
85 97
91 92
92 93
93 94
94 95
95 96
96 97