0 14 5 8 25 1 15 4 29 30 2 3 32 33 12 34 35 36 23 37 38 39 17 40 6 19 10 44 45 7 11 20 47 48 13 16 51 9 21 52 53 54 56 58 59 60 61 62 63 64 67 68 69 70 71 72 18 24 73 74 75 76 78 81 82 83 84 86 88 90 22 92 94 96 97 98 99
0 25
14 67
14 68
14 69
5 40
8 51
25 45
25 76
1 30
15 70
4 37
4 38
4 39
29 68
30 45
2 32
2 33
3 34
3 35
3 36
32 64
32 81
33 47
12 61
12 62
12 63
34 59
35 44
35 82
36 38
36 69
23 94
23 96
39 47
39 52
17 76
17 78
40 97
6 45
19 82
19 83
19 84
10 56
7 47
7 48
11 58
11 59
11 60
20 86
48 53
13 64
16 73
16 74
51 90
9 53
9 54
21 88
21 90
54 92
56 61
59 71
62 74
63 68
70 96
72 99
18 81
24 97
24 98
24 99
73 94
75 84
78 83
83 99
86 90
88 97
22 92