1 2 3 18 17 6 5 8 10 12 14 11 16 19 20 21 22 23 30 29 55 57 25 31 32 24 28 26 27 33 54 56 34 35 36 37 38 40 39 42 48 47 50 45 46 52 51 53 65 58 59 61 75 60 74 62 76 70 69 63 64 68 66
1 2
2 3
3 18
18 17
17 10
6 5
6 8
8 10
8 12
10 14
14 16
11 16
16 19
19 20
20 21
21 22
22 23
22 30
22 29
23 25
30 31
29 32
55 57
57 56
57 58
25 24
25 28
31 54
32 27
32 33
28 26
33 34
33 35
33 36
54 56
56 65
36 37
37 38
38 40
40 39
39 42
42 45
48 47
48 50
47 45
50 46
50 52
52 51
51 53
65 68
65 66
58 59
58 61
59 75
61 60
60 74
62 76
76 70
76 63
76 64
76 68
70 69