2 13 12 14 86 56 15 57 6 47 32 46 49 30 10 45 94 50 29 9 69 33 44 89 93 95 18 38 8 82 70 34 39 43 24 92 72 96 19 68 98 41 66 83 77 23 52 25 73 36 99 40 65 78 74 62 16 54 61 76 60
2 13
13 12
13 14
13 86
12 56
14 15
56 57
15 6
15 47
57 32
47 46
47 49
32 30
46 10
46 45
46 94
49 50
30 29
10 9
10 69
45 33
45 44
94 89
94 93
94 95
50 18
50 38
9 8
9 82
69 70
33 34
44 39
44 43
89 24
93 92
95 72
95 96
18 19
38 68
8 98
8 41
82 66
82 83
43 77
24 23
24 52
92 25
72 73
19 36
98 99
41 40
66 65
77 78
73 74
40 62
65 16
78 54
62 61
54 76
61 60