32 73 38 2 41 59 68 75 72 52 67 86 95 1 30 23 37 39 98 11 15 26 27 43 88 89 78 94 97 50 17 33 53 81 84 7 25 40 47 71 79 16 20 54 58 80 48 3 10 60 19 91 93 49 65 76 56 69 90 64 96 34 36 63 12 14
32 73
73 84
73 49
73 60
73 36
38 2
2 30
2 11
2 15
2 26
2 27
2 43
2 59
2 88
2 89
41 59
59 72
59 17
59 33
59 53
59 81
68 75
75 84
72 52
72 67
52 65
86 95
95 48
1 30
30 23
30 37
30 39
30 98
37 48
39 84
39 3
39 19
39 91
39 93
43 78
43 94
43 97
88 50
89 16
89 20
89 54
89 58
89 80
94 69
94 90
84 7
84 25
84 40
84 47
84 71
84 79
7 76
47 14
79 34
20 64
80 63
10 60
60 96
56 69
36 12