0 27 10 55 56 57 24 97 1 28 30 16 74 75 23 94 95 96 12 61 62 72 84 2 31 32 33 6 43 45 21 89 90 18 79 80 81 3 34 35 36 82 54 4 37 38 39 86 68 87 5 40 41 42 9 92 17 76 77 49 47 50 51 69 11 58 59 60 70 64 14 67 22 91 71 73 83 19 20 85
0 27
27 57
10 55
10 56
10 57
55 45
55 69
56 90
24 97
97 43
1 28
1 30
28 72
28 84
16 74
16 75
74 61
75 83
23 94
23 95
23 96
94 71
94 80
95 38
95 73
96 31
12 61
12 62
62 70
72 64
84 42
84 19
2 31
2 32
2 33
6 43
6 45
43 49
21 89
21 90
18 79
18 80
18 81
79 47
80 76
3 34
3 35
3 36
34 82
36 54
82 38
82 50
82 59
82 19
54 9
4 37
4 38
4 39
37 86
38 68
39 87
86 20
68 14
5 40
5 41
5 42
40 92
92 22
17 76
17 77
51 69
69 14
11 58
11 59
11 60
14 67
22 91
83 19
20 85