0 73 1 68 90 89 14 64 79 86 47 10 94 97 4 30 29 22 96 58 34 8 87 44 77 9 40 71 63 23 16 37 15 45 70 74 51 80 57 12 88 43 3 56 84 2 21 31 42 65 46 13 92 11 19 50 32 18 6 49 20 5 17 35 7
0 73
73 1
73 68
73 90
1 89
68 14
89 64
89 79
89 86
64 47
64 10
79 94
86 97
47 4
94 30
97 29
4 22
30 96
29 58
22 34
22 8
96 87
58 44
34 77
34 9
34 40
34 71
87 63
44 23
44 16
77 45
9 31
9 42
9 65
40 46
40 13
71 92
71 11
23 7
37 15
37 45
37 70
15 74
45 51
70 80
74 57
74 12
51 88
80 43
57 3
12 56
88 84
43 2
56 21
2 19
21 50
42 32
46 18
92 6
19 49
50 20
32 5
18 17
18 35