30 48 72 90 98 35 15 17 58 36 32 78 73 14 67 16 87 25 86 51 91 85 41 2 43 38 60 63 57 27 52 12 84 34 81 65 96 64 77 95 71 92 68 82 89 75 46 56 80 79 33 31 94 61 70 76 10 97 20 59 55
30 63
48 82
72 70
90 94
90 87
98 2
98 17
98 94
35 94
15 82
58 94
36 82
32 25
32 81
32 71
78 82
73 56
73 63
14 27
67 94
67 46
16 56
87 38
87 60
86 63
86 64
51 65
91 63
85 82
41 33
43 94
63 27
63 33
63 96
63 57
27 82
27 10
27 31
27 70
27 94
52 94
12 94
84 94
34 92
81 75
81 94
81 92
65 95
77 94
95 20
95 94
68 79
82 76
82 79
89 70
80 94
94 55
94 97
94 59
61 97