0 2 6 8 10 13 14 15 16 17 18 20 23 27 33 34 1 37 38 3 4 26 41 42 5 45 46 49 50 9 51 12 19 21 22 25 28 29 32 53 54 11 57 58 61 62 65 66 67 69 70 24 73 74 76 31 77 78 81 82 85 86 89 90 91 30 93 94 95 97 98 35 36 52 55 56
0 2
0 6
0 8
0 10
0 13
0 14
0 15
0 16
0 17
0 18
0 20
0 23
0 27
0 33
0 34
2 37
2 38
6 45
6 46
8 49
8 50
10 1
10 3
10 5
10 9
10 12
10 19
10 21
10 22
10 25
10 26
10 28
10 29
10 32
10 53
10 54
14 61
14 62
16 65
16 66
17 67
18 11
18 69
18 70
20 24
20 73
20 74
33 35
34 36
4 26
4 41
4 42
26 85
26 86
50 52
9 51
12 57
12 58
21 76
22 31
22 77
22 78
28 89
28 90
29 91
32 97
32 98
53 55
54 56
24 81
24 82
31 95
30 93
30 94
93 95