65 78 52 94 3 96 89 6 71 25 67 75 33 85 10 54 48 46 4 97 53 68 81 93 83 64 23 90 26 84 2 92 57 91 88 87 63 79 98 39 61 8 73 82 49 44 95 12 21 69 28 55 56 18 80 9 37 15 40 51
65 78
65 52
78 94
52 3
94 96
96 89
89 6
89 71
89 25
6 67
6 75
71 33
71 85
67 10
67 54
75 48
75 46
33 4
33 97
33 53
48 68
48 81
97 93
97 83
97 64
53 23
53 90
93 26
93 84
93 2
83 92
64 57
23 91
23 88
26 87
84 63
57 79
91 98
91 39
91 61
88 8
88 73
87 28
87 55
87 56
87 18
79 51
98 21
82 49
82 44
49 95
95 12
95 21
12 69
56 80
56 9
9 37
9 15
37 40