0 2 1 3 7 91 94 5 9 93 8 10 14 12 16 15 17 21 19 23 22 24 28 26 30 29 31 35 33 37 36 38 42 40 44 43 45 49 47 51 50 52 56 54 58 57 59 63 61 65 64 66 70 68 72 71 73 77 75 79 78 80 84 82 86 85 87 89 92 96
0 7
0 91
0 1
0 3
0 2
2 9
2 93
2 5
7 14
7 8
7 10
91 84
91 92
91 94
9 16
9 12
93 86
93 96
14 21
14 15
14 17
16 23
16 19
21 28
21 22
21 24
23 30
23 26
28 35
28 29
28 31
30 37
30 33
35 42
35 36
35 38
37 44
37 40
42 49
42 43
42 45
44 51
44 47
49 56
49 50
49 52
51 58
51 54
56 63
56 57
56 59
58 65
58 61
63 70
63 64
63 66
65 72
65 68
70 77
70 71
70 73
72 79
72 75
77 78
77 80
79 82
84 85
84 87
86 89