93 6 79 49 91 1 18 65 8 19 34 60 52 23 2 47 66 73 20 22 5 4 67 15 42 53 27 63 21 84 7 41 82 10 58 30 74 24 9 11 48 31 12 69 55 70 44 29 13 14 90 94 39 85 46 32 37 62 16 28 54 17 43 99 50 83 86 26 72 97 35 61 45 76
93 6
93 79
6 27
6 63
79 10
49 91
91 70
1 18
1 65
18 8
18 19
18 34
18 60
65 23
8 58
8 30
8 74
19 52
34 99
60 11
60 84
52 50
23 26
2 47
2 66
47 73
66 20
73 62
73 54
20 22
20 13
22 5
4 67
67 15
67 42
67 53
15 32
15 39
53 17
27 21
27 84
84 32
84 86
7 41
41 82
82 44
82 28
30 24
24 9
11 48
11 31
48 12
48 69
31 55
12 70
55 62
44 29
14 90
14 94
90 39
90 85
94 46
39 37
46 83
16 28
28 54
54 35
17 43
99 61
83 97
72 97
97 45
61 76