0 1 11 12 14 19 20 23 25 27 28 29 30 32 39 40 44 46 47 49 53 54 56 57 6 60 61 62 63 66 69 7 70 75 77 78 79 8 80 81 84 85 86 87 88 89 93 94 96 97 98 10 13 15 17 3 31 35 37 38 42 43 5 51 67 68 71 74 82 9 34 41 48 76 92 95 21 45 4
0 81
0 70
1 49
1 47
11 53
11 39
11 23
12 44
12 96
14 43
19 61
19 77
19 89
20 53
23 84
23 95
25 5
25 77
27 43
27 35
28 29
28 5
28 43
29 63
30 31
32 93
32 60
40 71
44 56
46 62
47 54
47 10
47 82
49 87
49 74
49 69
53 21
53 94
53 13
54 95
54 62
57 74
6 71
6 76
62 67
66 7
66 5
66 15
69 48
7 78
70 79
75 43
77 42
79 92
8 15
80 82
81 89
81 51
84 88
85 43
85 41
86 98
87 98
93 96
93 4
97 3
97 31
10 76
13 68
17 92
17 34
31 92
37 21
38 45
38 9
38 95
41 4
92 21