0 1 2 4 32 3 9 17 33 65 6 10 18 34 66 11 19 35 67 12 20 36 68 13 21 37 69 14 22 70 15 23 39 24 40 25 73 26 74 27 28 44 76 29 77 30 46 78 31 47 48 80 49 50 82 51 83 52 53 54 55 87 56 88 57 89 58 90 59 91 60 92 61 93 62 95 97 98
0 1
1 9
2 6
2 66
2 3
4 20
32 33
32 36
32 40
9 73
17 25
17 21
33 97
65 97
65 67
6 22
6 70
10 74
18 82
18 50
34 35
34 50
66 98
66 82
11 27
19 51
12 14
12 13
20 21
36 44
36 52
68 76
68 69
21 53
21 23
37 39
14 30
14 46
14 15
14 78
22 30
22 54
23 31
23 55
23 87
39 55
24 25
24 88
25 89
73 89
26 27
26 30
26 90
74 90
27 31
27 91
28 29
76 92
29 31
77 93
46 47
31 95
48 52
80 88
49 51
51 59
51 55
83 87
52 60
52 53
53 61
54 62
56 57
56 58
57 59
89 93
92 93