0 80 82 89 92 1 11 29 33 70 2 37 3 52 61 63 4 21 7 59 95 6 8 66 64 99 35 9 16 62 69 58 81 24 41 12 25 28 43 14 74 15 48 98 31 67 17 40 42 57 34 20 36 39 45 97 27 96 32 73 54 49 51 38 77 88 84 75 87 86
0 82
0 92
80 11
80 57
89 27
89 32
89 54
92 3
92 86
1 70
11 61
29 6
29 15
29 39
29 66
33 3
70 40
70 41
2 37
37 16
37 49
37 51
3 61
52 74
61 8
61 12
63 6
63 16
4 21
21 99
7 59
7 99
95 77
95 81
8 35
66 20
66 43
66 74
64 75
64 88
99 12
99 25
99 45
35 24
9 16
9 62
9 69
16 25
16 67
62 58
41 42
25 14
25 48
28 17
48 31
48 98
98 40
31 73
17 40
34 54
20 36
39 96
45 84
97 32
27 96
38 77
38 88
88 84
75 87