0 78 30 34 19 20 92 71 18 9 7 49 56 59 4 85 79 51 35 43 17 80 53 16 3 15 26 52 25 29 28 14 50 8 77 57 39 81 45 68 6 99 88 36 72 37 76 67 40 83 10 22 44 93 55 64 31 61 63 65 46 89 66 23 5 69 60 48 24 90 94 73 84 12 21
0 78
0 30
78 34
78 19
19 20
20 92
20 71
92 18
92 9
9 7
9 49
9 56
7 59
49 4
49 85
4 79
79 51
51 35
51 43
35 80
35 25
35 29
35 28
17 80
17 53
80 16
80 3
80 15
3 26
15 52
26 14
52 50
52 8
52 77
25 57
50 39
50 81
50 45
8 68
8 6
77 99
57 88
39 36
39 72
68 37
6 76
6 67
99 40
99 83
99 10
99 22
88 44
36 93
72 55
72 64
40 31
40 61
40 63
83 65
44 46
93 89
64 66
31 23
31 5
31 69
65 60
46 48
89 24
89 90
23 94
60 73
90 84
73 12
12 21