0 1 3 5 7 8 10 12 13 14 15 17 18 20 21 22 23 26 27 28 29 30 32 33 35 36 37 38 39 41 43 44 45 46 47 48 51 52 55 56 58 60 62 63 64 69 70 71 72 73 74 75 76 77 78 79 80 82 86 87 88 91 93 94 95 96 98 99
0 17
0 48
1 76
1 45
3 52
3 72
5 64
5 80
5 86
7 80
8 87
8 33
8 78
10 39
10 80
10 95
12 74
12 75
12 56
12 46
13 76
13 51
14 56
15 26
17 60
18 95
20 23
20 26
21 41
21 93
22 82
23 52
26 35
26 43
26 41
27 35
28 71
29 38
29 98
30 32
30 64
32 36
35 46
37 63
38 69
39 87
39 76
41 63
44 79
47 77
48 71
48 91
48 55
52 99
56 70
58 95
60 70
62 64
63 88
70 96
71 82
73 82
75 76
76 94
77 94
79 80
93 98