0 8 10 11 16 17 18 19 23 30 52 56 57 58 59 62 66 70 71 72 73 75 80 82 85 86 90 91 92 94 95 12 13 27 32 34 41 42 43 50 54 55 67 68 69 81 83 84 89 96 9 20 21 26 35 36 60 61 77 3 5 38 40 46 79 99 6 88 25 51 97 7
0 72
0 80
0 66
8 70
10 5
11 6
11 90
16 92
17 12
18 32
19 68
23 89
23 91
30 51
52 26
56 21
57 69
57 12
58 84
58 3
58 50
58 92
59 99
59 9
62 97
62 61
66 25
70 73
70 83
71 21
71 86
72 42
72 84
73 32
75 95
75 40
82 94
82 9
82 84
85 46
86 27
90 35
91 41
94 32
94 81
95 42
13 60
32 88
32 35
34 36
42 21
43 89
43 26
50 60
54 77
54 36
55 88
67 7
67 46
68 84
69 81
84 97
84 96
89 5
96 38
20 51
20 36
20 21
35 5
46 6
79 99