0 1 7 3 8 2 9 17 4 13 10 51 20 23 27 16 37 43 21 15 12 33 18 25 24 19 29 22 28 30 38 54 26 61 57 55 60 56 58 44 80 42 59 74 52 78 35 34 40 36 41 48 50 39 47 46 49 82 73 81 53 62 71 79 64 69 72 66 88 68 90 76 89 67 92 97 98 77 84 93 96 87 85 95
0 1
0 7
1 3
7 8
8 16
2 9
9 17
17 21
17 43
4 13
13 10
13 51
10 15
51 18
20 23
20 27
23 24
27 26
27 61
16 37
16 43
37 33
43 30
43 38
21 15
21 29
15 12
18 25
25 54
24 19
22 28
28 57
30 44
30 58
30 80
38 35
38 48
38 50
54 55
61 60
57 56
57 58
60 59
60 64
60 69
60 72
56 53
56 62
58 59
58 74
44 42
80 52
80 78
42 40
42 46
74 71
74 79
78 87
35 34
40 36
40 41
36 39
48 47
47 49
47 82
49 73
82 81
81 84
71 67
64 66
64 88
69 68
69 90
72 76
66 89
90 92
90 97
90 98
76 77
77 93
93 96
87 85
87 95