0 4 5 7 8 11 12 14 15 17 19 23 24 25 28 33 34 41 42 43 44 47 48 27 29 49 50 57 58 22 61 62 67 6 9 21 31 71 72 81 82 3 10 13 20 26 30 89 90 36 32 77 78 45 46 70 53 54 2 73 74 85 86 93 94 91 92 1 16 97 98 18 37 38 35 65 66 69
0 4
0 5
0 7
0 8
0 11
0 12
0 14
0 15
0 17
0 19
0 23
0 24
0 25
0 28
0 33
0 34
4 41
4 42
5 43
5 44
7 47
7 48
8 27
8 29
8 49
8 50
12 57
12 58
14 22
14 61
14 62
17 67
19 6
19 9
19 21
19 31
19 71
19 72
24 81
24 82
28 3
28 10
28 13
28 20
28 26
28 30
28 89
28 90
34 36
22 32
22 77
22 78
6 45
6 46
72 70
10 53
10 54
20 2
20 73
20 74
26 85
26 86
30 93
30 94
89 91
90 92
36 1
32 16
32 97
32 98
70 18
2 37
2 38
1 35
16 65
16 66
18 69