0 44 92 74 4 89 98 86 7 87 84 79 81 91 99 76 77 15 53 58 37 30 42 9 64 60 50 14 27 82 57 47 3 40 73 54 24 1 63 13 36 55 45 23 67 32 29 17 61 35 70 49 10 25 20 12 8 66 62 65 6 18 16 2 38 5 22 72 51 28 56
0 44
0 92
0 74
0 4
0 89
0 98
0 86
0 7
0 87
0 84
0 79
0 81
0 91
0 99
0 76
0 77
44 15
44 53
4 58
4 37
4 30
7 42
15 9
15 64
15 60
53 50
53 14
30 27
9 82
64 57
64 47
50 3
50 40
14 73
27 54
57 24
3 1
3 63
40 13
40 36
24 55
1 45
63 23
13 67
36 32
32 29
32 17
29 61
29 35
17 70
17 49
61 10
61 25
70 20
70 12
49 8
10 66
10 62
25 65
20 6
8 18
8 16
66 2
62 38
65 51
38 5
38 22
22 72
51 28
28 56