0 2 3 4 5 6 12 16 10 11 13 18 21 7 15 27 25 30 32 17 20 19 22 33 34 35 36 39 41 38 42 40 44 43 45 54 46 48 51 47 49 50 52 61 53 55 56 59 58 65 57 64 67 66 68 73 72 77 70 71 76 69 81 88 79 78 75 89 82 86 99 91 90 97 93 95 96
0 2
2 3
3 4
4 12
4 16
5 6
6 10
6 7
12 18
12 13
10 11
10 13
11 15
13 21
18 30
18 32
21 17
21 20
15 27
15 25
20 19
19 22
19 33
33 34
33 35
34 36
34 39
35 41
39 38
39 42
41 40
41 44
44 43
44 45
44 54
45 46
45 48
45 51
46 47
51 49
49 50
50 52
52 61
52 53
52 55
55 56
55 59
59 58
59 65
58 57
65 64
65 67
65 66
65 68
67 73
73 72
73 77
72 69
77 71
77 88
77 79
70 71
70 76
76 81
81 75
88 89
79 78
79 82
89 86
89 99
86 91
99 97
91 90
90 93
97 96
95 96