0 4 5 6 7 8 9 10 11 14 15 16 17 18 19 20 21 22 24 26 27 30 31 32 33 34 1 35 36 2 37 38 3 41 42 45 46 25 49 50 51 53 54 12 57 58 13 28 29 61 62 65 66 67 69 70 73 74 77 78 23 81 82 85 86 89 90 93 94 97 98
0 4
0 5
0 6
0 7
0 8
0 9
0 10
0 11
0 14
0 15
0 16
0 17
0 18
0 19
0 20
0 21
0 22
0 24
0 26
0 27
0 30
0 31
0 32
0 33
0 34
4 41
4 42
6 45
6 46
8 2
8 25
8 49
8 50
9 51
10 53
10 54
14 28
14 29
14 61
14 62
16 12
16 65
16 66
17 67
18 69
18 70
20 73
20 74
22 77
22 78
24 81
24 82
26 3
26 85
26 86
30 13
30 23
30 93
30 94
32 97
32 98
33 35
1 35
1 36
2 37
2 38
12 57
12 58
28 89
28 90