0 3 4 7 77 54 73 1 10 22 61 76 5 9 21 80 95 8 48 84 23 33 25 17 40 94 31 11 78 43 12 81 90 93 13 14 16 18 24 50 70 53 45 51 63 96 83 89 36 87 27 28 60 26 30 82 55 62 71 32 92 34 35 37 41 59 67 72 52 91 42 88 58 56 85 68 86
0 4
3 17
3 5
4 31
4 22
4 9
7 8
77 72
54 52
54 27
73 70
73 78
73 71
1 21
10 70
22 24
22 26
61 27
61 87
76 71
5 8
9 90
21 23
80 34
95 96
8 11
48 31
84 35
84 83
84 88
23 26
33 37
33 36
25 50
40 63
94 93
94 90
11 45
11 90
11 63
11 53
78 90
78 32
43 27
12 13
12 96
12 16
81 86
13 18
14 18
16 87
50 51
50 32
45 82
51 37
51 56
63 60
96 68
96 34
83 89
89 62
87 86
87 85
28 26
60 67
30 32
55 52
62 41
32 59
92 67
92 91
34 72
35 37
37 52
52 58
42 58