0 14 22 62 64 65 66 67 68 69 72 73 74 76 79 80 81 82 83 84 85 86 87 89 90 91 94 96 97 98 99 25 2 40 3 48 44 38 5 15 39 52 7 6 29 18 31 61 8 42 9 10 43 11 51 12 59 30 54 34 45 17 19 47 20 50 21 53 23 24 33 46 37 41 58 35 60 56
0 90
0 89
0 22
0 91
0 81
0 14
0 64
0 74
0 65
0 87
0 62
0 85
0 73
0 72
0 83
0 96
0 82
0 98
0 97
0 84
0 86
14 54
14 38
14 34
22 53
22 79
66 5
67 7
68 8
69 9
76 18
80 23
94 42
99 47
25 50
25 6
25 5
2 40
40 11
40 21
3 44
3 48
48 56
48 41
44 53
44 35
44 31
38 17
5 39
5 52
5 15
5 7
7 61
7 31
7 18
6 29
31 8
61 9
8 42
9 10
10 43
43 24
11 51
51 24
12 59
59 34
30 37
45 60
19 47
47 35
20 50
53 23
24 33
33 58
46 58
37 35
60 56