<<<<<<< HEAD
0 81 83 25 31 68 74 11 19 36 54 95 5 35 40 43 79 93 39 53 49 6 94 20 30 18 52 33 34 85 73 7 92 9 82 12 57 41 37 16 46 51 48 75 80 38 89 63
=======
0 81 83 25 31 68 74 11 19 36 54 95 7 30 9 82 12 57 43 39 53 41 5 35 40 79 93 49 89 6 94 20 18 52 33 34 85 73 16 46 51 38 92 37 80 48 75 63
>>>>>>> ee77869a8b7fe06ada838d2fc2f03607efdccd8b
0 81
0 83
81 25
83 31
25 68
68 74
68 11
68 19
68 36
68 54
68 95
74 7
11 30
11 9
11 82
36 12
36 57
54 43
54 39
54 53
95 41
<<<<<<< HEAD
=======
7 92
30 20
30 33
30 34
82 37
43 35
43 93
41 80
>>>>>>> ee77869a8b7fe06ada838d2fc2f03607efdccd8b
5 35
35 40
40 79
<<<<<<< HEAD
43 93
93 49
49 89
=======
93 49
49 89
89 63
>>>>>>> ee77869a8b7fe06ada838d2fc2f03607efdccd8b
6 94
94 20
20 18
20 52
<<<<<<< HEAD
30 33
30 34
=======
>>>>>>> ee77869a8b7fe06ada838d2fc2f03607efdccd8b
18 85
52 73
34 16
34 46
34 51
85 38
<<<<<<< HEAD
7 92
82 37
41 80
51 48
51 75
89 63
=======
51 48
51 75
>>>>>>> ee77869a8b7fe06ada838d2fc2f03607efdccd8b
