0 1 3 10 12 4 11 13 18 20 2 14 16 21 22 8 15 23 6 7 9 28 24 5 19 29 30 44 45 31 33 35 36 34 39 50 32 38 49 72 48 74 47 57 76 46 51 56 58 87 75 43 40 41 42 52 60 71 86 88 82 54 61 70 68 81 83 73 69 80 84 66 79
0 1
0 3
0 10
1 12
3 4
3 11
10 13
11 18
11 20
13 2
13 14
13 16
20 21
20 22
14 8
14 15
22 23
8 6
8 7
8 9
8 28
23 24
6 5
9 19
28 29
28 30
19 44
19 45
30 31
30 33
30 35
35 36
35 34
35 39
35 50
34 32
39 38
50 49
50 72
49 48
72 74
48 47
48 57
74 76
47 46
47 51
47 56
57 58
76 87
76 75
46 43
46 40
46 41
46 42
51 52
56 60
56 71
87 86
87 88
75 82
52 54
60 61
71 70
86 68
82 81
82 83
70 73
68 69
81 80
83 84
69 66
80 79