0 1 2 4 6 7 8 9 10 18 71 11 12 14 15 16 17 19 3 5 44 57 72 13 40 45 50 73 39 41 42 43 46 47 48 25 51 52 53 54 55 56 58 59 60 74 22 26 27 28 29 30 31 32 33 34 35 61 81 75 23 36 62 84 90 76 24 37 63 91 77 64 78 65 79 66 80 67 68 69 70
0 1
0 2
0 4
0 6
0 7
0 8
0 9
0 10
0 18
0 71
1 11
2 12
4 14
6 15
7 16
9 17
18 19
71 3
71 5
71 44
71 57
71 72
3 13
44 40
44 45
57 50
72 73
40 39
40 41
40 42
40 43
45 46
45 47
45 48
50 25
50 51
50 52
50 53
50 54
50 55
50 56
50 58
50 59
50 60
73 74
25 22
25 26
25 27
25 28
25 29
25 30
25 31
25 32
25 33
25 34
25 35
60 61
60 81
74 75
22 23
26 36
61 62
81 84
81 90
75 76
23 24
36 37
62 63
90 91
76 77
63 64
77 78
64 65
78 79
65 66
79 80
66 67
67 68
68 69
69 70