0 45 1 59 44 2 43 3 42 4 41 5 40 6 39 90 7 38 83 91 8 37 84 86 9 36 85 88 87 12 68 67 66 65 64 63 69 62 70 61 81 60 82 35 92 14 15 16 17 18 19 20 21 22 23 24 25 26 75 27 74 28 73 29 72 30 76 31 77 32 78 33 79 34 89 94 95
0 45
0 1
0 59
45 44
1 2
44 43
2 3
43 42
3 4
42 41
4 5
41 40
5 6
40 39
40 90
6 7
39 38
39 83
90 91
7 8
38 37
38 84
83 86
8 9
37 36
37 85
84 88
84 87
36 35
85 89
12 68
68 67
67 66
66 65
65 64
64 63
64 69
63 62
69 70
62 61
70 81
61 60
81 82
60 35
82 92
35 34
92 94
14 15
15 16
16 17
17 18
18 19
19 20
20 21
21 22
22 23
23 24
24 25
25 26
25 75
26 27
75 74
27 28
74 73
28 29
73 72
29 30
72 76
30 31
76 77
31 32
77 78
32 33
78 79
33 34
94 95