<<<<<<< HEAD
0 25 47 65 91 7 13 56 62 5 40 42 85 80 94 66 18 23 95 70 44 34 6 64 10 12 27 49 8 54 50 51 33 2 3 39 53 84 4 69 19 14 76 71 37 59 79 81 87 83 98
=======
0 25 47 65 91 7 13 56 62 64 66 10 12 5 40 42 85 80 94 18 23 70 39 53 84 79 81 95 44 34 6 3 49 27 8 54 50 51 33 2 4 69 19 14 76 71 83 37 59 87 98
>>>>>>> ee77869a8b7fe06ada838d2fc2f03607efdccd8b
0 25
25 47
25 65
25 91
47 7
65 13
91 56
91 62
13 64
13 66
56 10
62 12
<<<<<<< HEAD
=======
64 49
66 80
66 39
66 53
66 84
>>>>>>> ee77869a8b7fe06ada838d2fc2f03607efdccd8b
5 40
5 42
42 85
42 80
80 94
80 18
94 23
94 70
<<<<<<< HEAD
66 39
66 53
66 84
18 79
18 81
23 95
95 44
=======
18 79
18 81
23 95
>>>>>>> ee77869a8b7fe06ada838d2fc2f03607efdccd8b
70 34
39 4
39 69
84 19
79 59
81 87
95 44
44 6
34 3
<<<<<<< HEAD
64 49
27 49
=======
49 27
>>>>>>> ee77869a8b7fe06ada838d2fc2f03607efdccd8b
49 8
49 54
8 50
8 51
51 33
33 2
<<<<<<< HEAD
39 4
39 69
84 19
=======
>>>>>>> ee77869a8b7fe06ada838d2fc2f03607efdccd8b
69 14
69 76
69 71
19 83
83 98
37 59