0 26 56 10 39 50 55 57 4 8 38 37 72 58 53 15 40 11 93 9 71 86 65 20 13 5 59 60 22 41 81 63 64 98 48 91 92 90 18 12 74 24 7 69 28 1 29 79 80 62 16 97 99 46 47 14 2 31 32 44 6 35 19 82 83 84 96 78 23 94 67 68
0 26
26 56
56 10
56 39
56 50
10 55
10 57
39 4
50 8
4 38
4 37
38 72
38 58
37 53
72 15
58 40
58 11
58 93
53 9
15 71
40 5
11 59
11 60
93 22
71 86
86 65
86 20
65 13
5 41
59 81
59 63
59 64
60 98
60 48
22 91
22 92
41 90
81 18
63 12
64 74
98 24
48 7
48 69
91 28
18 79
18 80
12 62
74 16
24 97
24 99
7 46
7 47
69 14
28 1
1 29
97 31
97 44
46 84
47 96
47 78
14 67
14 68
2 31
2 32
44 6
44 35
19 82
19 83
19 84
96 23
23 94