0 1 4 6 7 10 11 12 13 14 15 16 17 18 19 20 21 23 24 25 26 27 28 29 30 32 33 34 36 41 45 46 53 54 57 58 5 8 61 62 65 69 70 3 31 73 74 75 76 79 81 82 85 86 22 89 90 9 93 94 2 97 98 35 49 77 78 37 38
0 1
0 4
0 6
0 7
0 10
0 11
0 12
0 13
0 14
0 15
0 16
0 17
0 18
0 19
0 20
0 21
0 23
0 24
0 25
0 26
0 27
0 28
0 29
0 30
0 32
0 33
0 34
1 36
4 41
6 45
6 46
10 53
10 54
12 57
12 58
14 5
14 8
14 61
14 62
16 65
18 69
18 70
20 3
20 31
20 73
20 74
21 75
21 76
23 79
24 81
24 82
26 85
26 86
28 22
28 89
28 90
30 9
30 93
30 94
32 2
32 97
32 98
33 35
8 49
22 77
22 78
2 37
2 38