3 7 4 11 12 15 16 13 17 9 20 23 19 26 30 31 34 35 28 33 39 36 40 27 32 42 41 45 24 46 37 44 47 43 48 50 53 52 57 54 56 58 61 62 51 55 60 65 66 63 59 69 70 73 75 78 77 82 79 81 83 86 87 76 85 91 88 92 74 84 94 95 96 72 67
3 7
7 4
7 11
7 12
11 15
11 16
12 13
12 17
15 9
16 20
20 23
23 19
23 26
26 30
30 31
30 34
30 35
31 28
34 33
34 39
35 36
35 40
28 27
33 32
39 42
36 41
40 45
27 24
42 46
41 37
45 44
45 47
46 43
46 48
48 50
50 53
53 52
53 57
57 54
57 56
57 58
57 61
57 62
54 51
54 55
61 60
61 65
61 66
62 63
60 59
66 69
69 70
69 73
73 75
75 78
78 77
78 82
82 79
82 81
82 83
82 86
82 87
79 76
86 85
86 91
87 88
87 92
76 74
85 84
91 94
91 95
92 96
74 72
72 67