61 85 31 95 89 23 72 51 40 68 47 73 9 1 12 42 76 30 11 57 99 71 87 20 46 36 67 43 27 8 59 44 4 39 45 92 82 35 7 97 56 83 49 84 62 96 98 81 69 5 94 10 0 15 65 77 70 22 48 88 3 25 38 32 17 21
61 85
61 31
61 95
61 89
85 23
85 72
85 51
31 40
31 68
31 47
31 73
95 9
23 1
23 12
23 42
23 76
23 30
72 11
72 57
72 99
51 71
51 87
40 20
40 46
40 36
68 67
68 43
73 27
9 8
9 59
1 44
1 4
1 39
1 45
12 92
12 82
11 35
57 7
71 97
71 56
20 83
20 49
46 84
43 62
8 96
44 98
44 81
39 69
39 5
39 94
92 10
92 0
82 15
83 65
83 77
83 70
84 22
69 48
10 88
0 3
22 25
88 38
88 32
3 17
32 21