0 11 7 42 43 44 45 46 47 48 49 51 52 53 54 55 56 57 59 60 62 63 64 65 66 67 68 69 70 72 73 30 50 1 2 4 13 23 36 39 17 22 74 75 76 77 78 79 80 83 85 86 87 88 90 91 92 93 96 97 98 99 25 32 16 82 58 21 5 8 61 31 34 18 37 40 41
0 11
0 7
0 42
0 43
0 44
0 45
0 46
0 47
0 48
0 49
0 51
0 52
0 53
0 54
0 55
0 56
0 57
0 59
0 60
0 62
0 63
0 64
0 65
0 66
0 67
0 68
0 69
0 70
0 72
0 73
11 30
11 50
7 1
43 2
45 4
52 13
59 23
70 36
72 39
1 17
1 22
1 74
1 75
1 76
1 77
1 78
1 79
1 80
1 83
1 85
1 86
1 87
1 88
1 90
1 91
1 92
1 93
1 96
1 97
1 98
1 99
2 25
4 32
39 16
17 82
22 58
22 21
75 5
76 8
25 61
32 31
16 34
5 18
5 37
34 40
40 41