87 4 63 32 60 8 68 54 41 39 70 33 27 78 66 77 55 56 62 64 13 18 25 43 29 50 91 90 9 84 26 89 45 12 49 52 79 31 48 94 92 30 34 35 24 93 6 10 11 82 20 0 51 81 53 44 46 97 98 22 99 40 47 1 67 2 69 95 14 76
87 4
87 63
4 32
4 60
63 26
63 44
63 46
8 68
8 54
68 64
54 78
41 39
39 66
70 33
70 27
33 64
33 48
33 94
66 77
66 55
77 43
55 84
55 67
55 93
56 62
56 64
56 13
62 22
62 93
64 26
64 89
13 97
13 47
18 25
18 43
18 29
25 9
43 10
43 98
50 91
50 90
91 30
91 2
91 69
91 95
90 93
26 45
26 12
89 6
12 53
49 52
52 81
79 31
31 35
92 30
92 34
35 24
35 93
24 20
24 0
6 99
10 11
82 20
20 51
20 81
81 14
81 76
99 40
47 1