0 1 49 2 3 48 50 4 47 51 5 46 52 6 45 53 7 44 54 8 43 55 9 42 56 10 41 57 13 40 58 12 14 15 11 17 16 18 19 20 21 22 23 24 25 26 27 28 29 30 31 32 33 34 35 36 37 38 39 59 60 61 62 63 64 65 66 67 68 69 70 71 72 73 74 75 76 77 78 79 80 81 82 83 84 85 86 87 88 89 90 91 92 93 94 95 96 97 98
0 1
1 49
49 2
49 3
49 48
49 50
3 4
48 47
50 51
4 5
47 46
51 52
5 6
46 45
52 53
6 7
45 44
53 54
7 8
44 43
54 55
8 9
43 42
55 56
9 10
42 41
56 57
10 13
41 40
57 58
13 12
13 14
13 15
40 39
58 59
12 11
12 17
15 16
17 18
18 19
19 20
20 21
21 22
22 23
23 24
24 25
25 26
26 27
27 28
28 29
29 30
30 31
32 33
33 34
34 35
35 36
36 37
37 38
38 39
59 60
60 61
61 62
62 63
63 64
64 65
65 66
66 67
67 68
68 69
69 70
70 71
71 72
72 73
73 74
74 75
75 76
76 77
77 78
78 79
79 80
80 81
81 82
82 83
83 84
84 85
85 86
86 87
87 88
88 89
89 90
90 91
91 92
92 93
93 94
94 95
95 96
96 97
97 98