0 30 4 66 70 73 74 75 76 77 78 79 82 83 84 87 88 89 90 92 93 95 97 99 32 29 48 21 85 36 37 39 42 46 1 22 2 54 28 57 5 11 61 3 44 7 56 63 6 52 31 65 8 16 9 35 55 41 62 18 10 27 15 59 33 12 43 23 49 47 13 50
0 30
0 4
0 66
0 70
0 73
0 74
0 75
0 76
0 77
0 78
0 79
0 82
0 83
0 84
0 87
0 88
0 89
0 90
0 92
0 93
0 95
0 97
0 99
30 32
4 29
4 48
76 21
89 36
90 37
92 39
95 42
97 46
32 85
48 56
48 63
21 16
36 62
37 3
37 7
39 57
39 49
42 10
46 22
46 50
1 22
2 54
2 28
2 57
28 5
28 11
57 61
11 15
11 59
61 31
3 44
7 65
63 18
6 52
6 31
8 16
9 35
9 55
55 41
55 62
41 13
10 27
15 33
12 43
12 23
12 49
23 47