0 81 56 61 25 4 71 60 65 8 12 41 11 74 34 46 3 17 84 70 95 80 48 20 87 92 27 83 21 22 43 29 85 72 28 86 96 37 68 53 88 1 66 54 32 14 62 45 44 13 7 19 76 47 26 24 5 31 73 51 57 98 59 30 64 16
0 81
0 56
81 61
81 25
56 4
61 71
25 60
71 65
71 8
60 12
65 41
65 11
8 74
12 34
12 46
12 3
11 17
74 84
34 70
46 95
46 80
3 48
3 20
3 87
17 92
70 27
48 83
20 21
20 22
20 43
27 29
27 85
21 72
29 28
72 86
72 96
28 37
28 68
86 53
86 88
37 1
53 66
53 54
66 32
54 19
54 76
32 14
14 62
14 45
14 44
14 13
44 7
19 47
19 26
19 24
19 5
26 31
26 73
26 51
26 57
24 98
31 59
51 30
51 64
59 16