0 27 76 17 77 78 58 36 51 70 11 66 28 3 8 47 92 95 15 59 60 13 34 35 49 50 22 56 23 63 71 72 74 64 65 98 91 93 10 94 96 16 85 48 24 31 45 53 55 68 20 7 97 99 2 82 6 86 32 19 43 44 37 61 90 4 21
0 27
27 76
76 17
17 77
17 78
77 58
77 36
77 51
58 70
58 11
58 66
36 28
36 3
51 8
51 47
51 92
70 95
70 15
11 59
11 60
66 13
3 34
3 35
8 49
8 50
92 22
92 56
95 23
95 63
15 71
15 72
59 74
13 64
13 65
34 98
22 91
22 93
56 10
23 94
23 96
74 16
64 85
98 48
98 24
91 31
93 45
93 53
10 55
96 68
85 20
48 7
24 97
24 99
31 2
31 82
45 6
20 86
2 32
82 19
6 43
6 44
86 37
32 61
43 90
37 4
90 21