0 1 2 4 5 6 7 9 10 12 13 15 18 19 20 21 22 23 24 25 26 28 29 31 32 33 34 35 36 39 40 42 43 44 45 47 48 49 51 53 55 56 57 58 59 60 61 63 64 65 66 67 68 70 71 76 77 78 79 80 81 83 84 85 86 87 88 89 91 92 93 95 96 97 98 99
0 64
0 85
0 91
1 6
1 26
1 24
2 93
4 18
4 66
5 93
5 35
6 33
7 47
7 98
9 66
10 64
12 61
12 59
12 97
12 71
13 48
13 34
15 79
18 57
18 88
19 34
19 40
19 25
20 63
20 26
21 25
21 43
22 39
23 34
23 70
23 31
23 24
24 39
24 60
24 36
25 80
25 89
26 76
26 86
28 98
28 45
29 99
32 53
32 84
35 53
40 83
40 55
42 81
44 92
44 51
44 96
47 78
48 96
49 58
49 76
51 91
51 68
55 81
56 98
61 87
61 83
65 83
66 93
67 92
70 95
77 85
78 84
79 85
83 88
89 99