0 20 10 57 58 59 61 62 63 65 67 70 71 72 76 77 78 79 80 81 82 83 85 86 87 88 89 90 91 1 40 9 94 96 99 2 24 3 4 7 47 23 46 5 30 41 8 35 36 12 15 54 16 27 18 48 19 22 50 38 43 25 26 31 42 32 52 34 37 39 44
0 20
0 10
0 57
0 58
0 59
0 61
0 62
0 63
0 65
0 67
0 70
0 71
0 72
0 76
0 79
0 81
0 82
0 83
0 85
0 86
0 87
0 88
0 90
0 91
20 3
20 24
10 99
58 5
61 9
72 27
76 35
77 39
78 41
79 42
80 43
81 44
83 46
87 50
89 52
1 40
1 96
9 36
94 5
96 7
2 24
4 47
4 46
7 5
23 38
23 43
46 19
5 30
5 41
8 35
35 18
35 26
12 15
12 54
54 42
16 27
18 48
48 37
19 22
50 25
50 34
43 42
31 42
42 39
32 52
52 44