0 32 61 85 80 14 26 74 96 82 33 3 89 7 13 42 11 71 6 45 54 21 76 57 99 48 34 97 94 59 81 24 51 62 43 64 28 55 40 53 58 49 5 22 12 91 30 70 23 93 20 46 41 95 98 52 4 92 29
0 32
0 61
32 85
61 80
85 14
80 26
14 74
14 96
14 82
26 33
96 3
96 89
3 7
89 13
7 42
7 11
42 6
11 99
11 48
11 34
11 97
71 6
71 45
6 54
45 21
54 76
76 57
99 94
99 59
48 81
34 24
97 51
97 62
24 43
51 64
43 28
43 55
64 40
64 53
40 58
40 49
40 5
58 22
22 12
22 91
22 30
12 70
12 23
30 93
70 20
70 46
23 41
93 95
46 98
41 52
52 4
4 92
92 29