0 32 2 3 19 4 5 20 21 6 7 8 9 24 10 11 13 25 12 36 38 14 15 39 16 17 26 18 23 27 22 28 29 43 44 45 37 41 42 52 48 49 50 54 51 55 56 58 59 60 63 61 62 64 69 66 68 75 67 70 71 79 80 78 72 77 81 73 84 85 89 86 88 90 95 94 92
0 32
32 19
2 3
3 4
19 18
4 5
4 20
4 21
5 6
5 7
5 60
21 23
7 58
8 9
8 24
24 23
24 25
10 13
11 12
11 13
11 36
11 38
13 25
36 37
36 39
38 52
14 15
15 16
39 48
16 17
17 27
26 18
26 27
26 28
26 29
18 23
23 22
29 43
29 44
43 42
45 42
41 42
48 49
49 50
50 51
54 55
55 56
55 58
59 63
59 61
60 61
63 64
62 64
64 69
69 75
66 68
66 67
75 84
75 88
67 72
70 71
70 79
79 80
79 78
79 95
80 77
78 72
72 73
77 81
73 84
84 85
84 86
89 90
88 90
95 92
94 92