0 27 68 14 67 80 83 18 72 53 32 79 81 15 9 41 57 2 87 61 70 71 54 5 10 31 33 20 39 12 23 94 95 96 77 17 76 78 40 42 55 69 59 89 43 75 64 99 84 11 21 6 85 86 4 62 63 1 30 74 16 92 51 22 8 13 49 50 65 90 46 34 7 3
0 27
27 68
68 14
14 67
67 80
80 83
80 18
80 72
83 53
83 32
18 79
18 81
72 15
53 9
53 41
53 57
32 2
79 87
81 61
15 70
15 71
9 54
41 5
57 10
2 31
2 33
87 20
61 39
61 12
54 96
5 40
5 42
10 55
31 75
31 64
33 99
20 85
20 86
39 4
12 62
12 63
23 94
23 95
23 96
94 77
77 17
17 76
17 78
40 69
42 59
55 89
55 43
69 84
59 11
89 21
43 6
75 16
75 92
64 13
21 90
86 46
1 30
30 74
74 16
92 51
92 22
51 8
8 49
8 50
13 65
90 34
46 7
34 3