0 27 6 15 20 14 32 33 3 35 36 4 13 9 38 39 5 42 17 43 44 45 7 11 47 48 50 52 53 54 12 56 60 61 62 63 23 65 66 24 67 18 70 71 16 73 74 76 77 78 19 80 81 82 83 84 85 86 91 95 96 99
0 27
27 32
6 43
6 44
6 45
15 70
15 71
20 85
20 86
14 67
32 60
32 33
33 53
3 35
3 36
35 81
36 39
4 38
4 39
13 65
13 66
9 52
9 53
9 54
5 42
42 65
17 76
17 77
17 78
43 65
44 82
44 81
45 52
45 96
45 56
7 47
7 48
11 60
47 99
48 67
50 80
12 62
12 63
61 82
63 81
23 95
23 96
24 99
18 80
18 81
71 95
16 73
16 74
73 77
73 82
19 82
19 83
19 84
81 91
83 99
85 95