0 1 10 2 20 12 3 21 4 13 22 14 5 15 23 6 25 26 16 7 35 24 27 46 33 8 37 36 28 45 56 32 9 44 67 42 41 38 53 57 98 68 30 51 50 31 40 52 48 88 60 43 58 89 71 69 62 72 80 70 59 84 90 81 49 74 82 64 83 54 93 92 55 94 66 85 76 86
0 1
0 10
1 2
10 20
2 12
2 3
20 21
3 4
3 13
21 22
4 14
14 5
14 15
14 23
5 6
15 25
15 26
15 16
6 7
25 35
25 24
16 27
35 46
24 33
27 8
27 37
27 36
27 28
46 45
46 56
33 32
28 9
45 44
56 67
32 42
32 41
9 38
44 53
67 57
67 98
67 68
41 30
41 51
41 50
41 31
41 40
41 52
57 48
98 88
50 60
52 43
48 58
88 89
60 71
58 69
71 62
71 72
71 80
71 70
69 59
72 84
80 90
80 81
59 49
84 74
81 82
74 64
82 83
64 54
83 93
83 92
54 55
93 94
55 66
94 85
66 76
76 86