0 25 26 59 56 9 53 36 64 18 79 89 11 10 1 29 39 8 50 51 71 78 20 85 61 4 45 41 2 31 24 98 66 69 34 3 35 55 95 38 23 12 63 94 16 73 75 90 5 14 7 47 48 91 57 22 13 21 88 84 19
0 25
0 26
25 59
26 56
59 11
56 10
9 53
53 36
53 64
36 31
36 34
64 13
18 79
79 89
89 21
10 55
10 57
1 29
29 39
39 4
39 45
39 41
8 50
8 51
50 71
51 78
71 38
71 61
20 85
85 61
61 12
4 38
41 5
2 31
24 98
98 66
98 69
66 13
69 14
34 3
34 55
3 35
35 95
95 23
23 94
12 63
63 94
94 73
16 73
16 75
75 90
90 21
7 47
7 48
47 91
48 57
91 22
21 88
88 84
84 19