95 9 50 68 66 55 1 6 87 34 24 54 10 7 69 20 33 73 84 62 65 36 56 76 92 3 44 4 51 80 5 86 47 27 17 94 48 81 14 93 2 21 18 26 91 29 23 8 72 22 74 85 90 43 59 30 39 89 16 98 11 82 63 25
95 9
95 50
95 68
50 66
66 55
66 1
66 6
55 87
1 34
1 24
1 54
1 10
6 7
6 69
6 20
6 33
6 73
87 84
24 62
24 65
54 36
54 56
54 76
10 92
7 3
7 44
69 4
69 51
33 80
84 5
84 86
62 47
62 27
65 17
65 94
36 48
36 81
56 14
76 93
92 2
92 21
3 18
51 26
51 91
5 29
86 23
47 8
27 72
48 22
81 74
93 85
2 90
21 43
21 59
26 30
29 39
74 89
85 16
43 98
16 11
98 82
98 63
82 25