0 1 2 3 4 5 6 7 8 9 10 11 12 13 14 15 16 17 18 19 20 21 22 23 24 25 26 27 28 29 30 31 32 33 34 35 36 37 38 39 40 41 42 43 44 45 46 49 50 53 54 57 58 61 62 65 66 69 70 71 73 74 75 77 78 81 82 85 86 89 90 93 94 95 97 98
0 3
0 4
0 5
0 7
0 8
0 10
0 12
0 14
0 18
0 20
0 21
0 24
0 31
0 32
0 33
0 34
1 35
1 36
2 37
2 38
3 39
3 40
4 6
4 41
4 42
5 13
5 15
5 17
5 25
5 27
5 29
5 43
5 44
6 16
6 22
6 45
6 46
8 9
8 49
8 50
10 53
10 54
11 21
12 57
12 58
14 61
14 62
16 65
16 66
18 69
18 70
19 20
19 71
20 30
20 73
20 74
21 23
21 75
22 26
22 77
22 78
24 81
24 82
26 85
26 86
28 32
28 89
28 90
30 93
30 94
31 95
32 97
32 98
34 36
38 40