1 4 6 11 18 20 23 29 31 32 33 35 36 37 39 42 43 46 50 53 57 61 62 63 67 68 70 74 85 86 92 94 95 96 98 15 21 28 30 41 45 49 54 65 66 71 75 79 87 7 10 22 44 48 52 55 69 73 78 82 84 90 3 24 34 58 83 47 60 76 91
1 45
1 11
1 30
4 32
4 98
6 50
18 95
18 94
20 45
23 21
29 28
31 82
31 87
31 35
32 44
32 58
33 71
35 60
36 79
37 70
37 92
37 52
39 22
39 43
42 69
42 70
42 60
43 96
46 83
46 86
46 92
50 79
50 90
50 54
53 73
57 44
61 30
62 63
62 95
67 48
68 90
70 71
74 7
74 91
85 91
86 15
92 7
92 73
92 55
94 28
95 78
96 73
15 49
15 41
21 83
21 79
28 54
28 47
30 48
30 84
45 3
49 34
49 58
49 10
54 75
65 84
66 47
79 24
87 76
3 83