0 27 93 22 92 39 4 9 52 53 54 32 75 2 70 16 61 31 15 73 74 46 12 87 71 72 7 88 62 63 20 57 48 47 21 79 97 99 64 13 37 38 19 82 84 60 44 34 11 6 18 80 81 51 86 14 68 24 98 89 90 41 5
0 27
27 93
93 22
22 92
92 39
39 4
4 37
4 38
9 52
9 53
9 54
52 32
52 75
32 2
75 70
75 16
75 61
2 31
70 15
16 73
16 74
61 46
61 12
31 87
15 71
15 72
46 7
46 88
12 62
12 63
87 20
71 57
7 48
7 47
88 21
62 79
63 97
63 99
20 86
57 64
48 84
21 89
21 90
79 38
79 18
97 68
97 24
64 13
37 60
37 44
38 34
19 82
19 84
60 11
44 6
18 80
18 81
81 51
14 68
24 98
89 41
41 5