2 3 5 6 8 9 16 18 19 21 22 23 24 25 28 31 36 39 42 45 48 51 60 61 64 65 68 70 73 76 77 81 85 87 88 90 93 97 99 4 7 13 14 15 20 29 33 40 49 54 55 62 63 66 69 72 78 86 10 46 47 57 59 67 83 92 96 43 52 53
2 93
3 73
3 99
3 6
5 25
8 42
9 4
9 46
9 85
9 63
9 93
9 55
16 70
18 39
18 46
18 96
18 68
19 69
21 85
22 70
22 46
22 99
22 49
22 87
23 24
24 13
25 53
28 99
28 78
28 62
28 86
28 61
31 7
31 52
36 43
42 59
42 83
45 13
48 72
48 4
48 67
51 10
51 40
51 73
60 69
60 97
60 59
64 76
65 81
65 13
68 92
76 46
77 7
81 14
85 15
88 54
88 53
90 54
4 7
7 29
13 69
20 63
33 69
62 53
62 43
66 53
69 67
47 96
57 53