22 87 34 42 85 36 73 91 23 92 1 82 93 96 4 43 11 61 95 56 29 41 65 25 86 98 2 83 8 9 78 47 69 7 62 3 19 28 60 75 64 48 76 97 18 72 89 88 53 77 5 13 70 6 51 38 99 24 39 52 68 54 14 21 80 71 15 16 46 44 79 45 58 49 17 55 33 94 20
22 87
87 7
87 62
34 42
34 85
42 99
85 78
36 73
73 38
91 23
91 92
23 96
23 70
23 28
92 71
1 82
1 93
1 96
82 25
4 43
43 53
11 61
11 95
61 25
95 79
56 29
56 41
56 65
41 48
65 47
86 98
98 21
2 83
83 69
8 9
9 64
78 47
69 18
69 60
69 72
69 89
7 52
62 88
62 6
62 72
3 19
19 28
19 60
19 75
60 77
60 44
64 48
64 76
64 97
48 20
76 14
76 21
97 16
18 58
72 17
72 21
72 33
88 53
5 13
5 70
13 38
70 24
6 51
51 39
38 46
39 80
68 54
54 46
14 45
15 16
16 49
58 94
17 55