0 57 74 75 77 78 79 80 81 82 84 85 87 89 90 91 92 93 94 95 97 98 99 1 52 41 2 58 24 3 4 36 61 45 5 72 73 71 7 23 8 35 48 9 10 27 11 43 12 19 13 32 34 70 16 51 37 60 40 18 31 20 22 26 28 29 69 30 55 33 44 67 39 64 50 54 49 53 63 65 68
0 57
0 74
0 75
0 77
0 78
0 79
0 80
0 81
0 82
0 84
0 85
0 87
0 89
0 90
0 92
0 93
0 94
0 95
0 97
0 98
57 26
57 31
75 2
77 4
80 8
81 9
84 13
87 16
90 19
91 20
93 22
99 31
1 52
1 41
41 16
2 58
2 24
58 28
58 39
24 10
3 4
4 36
4 61
4 45
61 44
45 54
5 72
5 73
72 7
72 12
71 49
71 68
71 70
7 23
8 35
8 48
10 27
11 43
43 40
43 50
12 19
13 32
13 34
13 70
34 67
70 69
16 51
16 60
37 22
37 30
40 20
40 31
40 64
18 31
29 69
30 55
33 44
67 53
54 65
53 63