0 1 10 11 16 20 30 2 9 60 40 3 21 22 23 24 25 26 27 28 29 51 52 53 54 55 56 57 58 59 80 4 31 32 33 34 35 36 37 38 39 7 43 49 61 62 63 64 65 66 67 68 69 71 72 73 74 75 76 77 78 79 88
0 1
0 10
0 11
0 16
0 20
0 30
1 2
10 9
20 60
30 40
2 3
2 21
2 22
2 23
2 24
2 25
2 26
2 27
2 28
2 29
2 51
2 52
2 53
2 54
2 55
2 56
2 57
2 58
2 59
60 80
3 4
3 31
3 32
3 33
3 34
3 35
3 36
3 37
3 38
3 39
80 7
4 43
4 49
33 61
33 62
33 63
33 64
33 65
33 66
33 67
33 68
33 69
33 71
33 72
33 73
33 74
33 75
33 76
33 77
33 78
33 79
7 88