0 26 46 99 7 78 24 47 48 31 17 51 2 57 50 77 76 33 32 10 8 70 69 59 37 49 15 14 90 44 11 71 67 68 21 6 54 58 60 65 61 88 43 45 9 74 94 41 56 66 81 13 12 91 53 52 23 5 18 64 62 22 75 38 95 40 42 79 80 85 82 92 16 39 36 20 73 87 29 1
0 26
26 46
26 99
46 7
46 78
99 24
7 47
7 48
78 31
78 17
48 51
31 2
31 57
31 50
17 77
17 76
2 33
2 32
57 10
50 8
77 70
33 69
33 59
32 37
8 49
70 15
69 14
69 90
59 44
59 11
15 71
14 67
14 68
90 21
44 6
44 54
11 58
11 60
67 65
68 61
21 88
6 43
6 45
54 9
54 74
54 94
58 41
58 56
58 66
60 81
65 13
61 12
88 91
9 53
9 52
94 23
41 5
81 18
13 64
12 62
91 22
53 75
52 38
23 95
5 40
5 42
18 79
18 80
64 85
62 82
22 92
75 16
38 39
95 36
85 20
16 73
20 87
73 29
29 1