54 69 64 90 50 49 23 97 78 25 35 27 11 52 14 40 1 67 76 42 19 81 0 41 96 55 92 10 44 74 17 60 91 36 24 34 26 43 79 4 86 61 57 83 80 15 31 48 84 46 38 65 87 13 85 6 82 2 93 39 66 58 68 75 33 59 37 3 29 28
54 69
54 64
54 90
54 50
69 49
69 23
69 97
64 78
64 25
90 35
90 27
90 11
90 52
90 14
90 40
90 1
50 67
23 76
23 42
23 19
97 81
78 0
27 41
27 96
52 55
52 92
14 10
0 44
0 74
96 17
96 60
96 91
55 36
55 24
10 34
10 26
44 43
44 79
44 4
74 86
74 61
17 57
17 83
17 80
24 15
24 31
43 48
79 84
4 46
86 38
61 65
61 87
80 13
31 85
48 6
65 82
65 2
65 93
87 39
85 66
85 58
82 68
68 75
75 33
75 59
75 37
75 3
59 29
29 28