0 27 49 8 51 50 1 28 29 30 81 34 18 85 91 3 20 22 35 36 11 58 60 65 94 42 78 13 23 44 5 89 64 95 45 77 99 41 21 87 86 93 16 73 74 75 53 9 54 14 67 69 48 7 46 47 4 37 84 19 82 10 55 61 12 63 62 15 71 72 59 90 76
0 27
27 49
49 8
8 51
8 50
51 28
51 85
51 91
1 28
1 29
1 30
28 81
28 34
81 18
34 3
85 20
91 22
3 35
3 36
20 87
20 86
22 93
11 58
11 60
58 65
58 94
60 42
60 78
65 13
94 23
94 44
42 5
78 89
13 64
23 95
44 45
44 77
44 99
5 41
89 21
95 67
95 86
21 90
87 72
87 54
87 63
93 59
16 73
16 74
16 75
74 53
53 9
9 54
14 67
14 69
67 48
48 7
7 46
7 47
4 37
37 84
84 19
19 82
82 61
10 55
55 61
61 12
12 63
12 62
15 71
15 72
90 76