1 2 3 4 5 6 8 9 10 11 12 13 14 16 17 19 20 21 22 23 24 25 26 28 29 30 31 32 33 34 35 36 37 38 41 42 44 46 47 48 50 52 53 54 55 56 57 58 59 61 63 64 66 67 68 70 71 73 74 75 76 78 79 80 82 83 84 85 87 90 92 93 94 95 97 98 99
1 38
1 57
1 95
2 58
2 61
2 14
2 71
3 10
3 30
3 33
3 63
4 13
5 44
6 59
6 70
6 90
6 66
8 11
8 34
8 56
8 29
9 22
10 48
10 44
11 30
12 52
13 73
13 23
13 68
14 53
14 44
16 28
16 84
17 32
17 74
19 79
19 80
20 33
21 71
21 76
22 54
22 83
23 46
23 64
23 67
24 42
24 90
25 83
26 90
31 93
32 46
35 36
35 73
36 84
37 68
41 47
42 87
42 92
47 74
48 50
52 71
53 90
53 95
53 75
54 93
55 79
55 94
56 82
63 83
64 93
66 78
66 97
71 99
76 80
78 98
85 98