43 2 33 76 4 3 6 26 10 20 55 48 66 14 9 57 39 27 80 21 59 13 1 78 35 95 79 12 29 77 58 65 85 68 84 36 24 7 51 54 30 31 93 16 75 28 61 89 88 56 83 98 64 82 5 8 25 23 63 92 38 15 60 86 97 40 47 69 72 42
43 2
2 33
33 76
76 4
76 3
4 6
3 26
6 10
6 20
6 55
6 48
10 66
10 14
10 9
20 57
20 39
66 27
14 80
14 21
9 59
57 13
27 28
27 64
27 82
80 47
80 69
13 60
1 78
78 35
35 95
35 79
95 12
12 29
29 77
77 58
58 65
65 28
85 68
68 84
68 36
36 24
36 7
36 51
24 54
7 30
51 31
51 93
54 16
54 75
31 28
31 61
31 89
28 88
28 56
89 83
88 98
83 5
64 8
64 25
5 23
5 63
8 97
25 40
23 72
92 38
38 15
15 60
60 86
72 42