0 80 95 7 86 23 81 24 1 54 67 72 34 14 99 78 52 4 77 17 94 43 42 27 30 61 6 28 9 68 20 51 38 11 32 90 98 53 15 29 44 45 74 93 36 97 33 87 63 41 37 82 25 69 73 79 59 57 71 96 64
0 80
0 23
0 81
80 64
95 97
7 20
86 38
86 96
23 94
81 9
81 99
24 43
24 77
1 72
54 29
67 11
67 78
72 74
34 43
14 27
14 61
78 15
78 29
78 38
78 82
52 98
4 17
4 94
77 27
77 90
94 20
43 6
42 97
30 29
28 63
68 38
20 97
20 98
51 97
38 25
38 57
38 97
32 37
32 97
90 63
98 36
98 41
98 53
98 59
98 87
53 74
53 69
44 93
44 97
45 59
74 63
93 71
33 73
33 69
33 79