0 37 49 50 51 52 53 54 55 56 57 59 60 61 62 63 64 65 66 67 68 69 70 72 73 74 75 76 78 79 80 81 82 83 14 8 11 16 33 35 41 42 45 58 96 18 24 17 90 47 23 46 3 20 43 48 2 6 13 1 98 31 19 28 4 30 26 27 9 22 84 88 29 32 87 92 39 86 71 40 34 77
0 37
0 49
0 50
0 51
0 52
0 53
0 54
0 55
0 56
0 57
0 59
0 60
0 61
0 62
0 63
0 64
0 65
0 66
0 67
0 68
0 69
0 70
0 72
0 73
0 74
0 75
0 76
0 78
0 79
0 80
0 81
0 82
0 83
37 14
53 8
55 11
60 16
73 33
74 35
78 41
79 42
82 45
14 58
14 96
14 18
14 24
14 17
8 90
11 47
16 23
16 46
33 3
35 20
35 43
35 48
42 2
45 6
45 13
96 1
18 98
17 31
17 19
47 28
23 4
46 30
3 26
20 27
43 9
48 22
2 84
6 88
1 29
1 32
1 87
1 92
28 39
4 86
30 71
30 40
39 34
40 77