0 1 3 4 5 8 9 11 12 15 17 19 21 24 25 26 27 28 30 33 34 35 36 20 41 42 44 18 49 50 6 16 52 7 55 56 29 57 58 63 22 81 82 10 13 83 84 2 14 23 85 86 87 89 90 32 93 94 73 74 69 51 31 45 46 65 66 53 54 77 78 37 38 61 62 97 98
0 1
0 3
0 4
0 5
0 8
0 9
0 11
0 12
0 15
0 17
0 19
0 21
0 24
0 25
0 26
0 27
0 28
0 30
0 33
0 34
1 35
1 36
4 20
4 41
4 42
5 44
8 18
8 49
8 50
9 6
9 16
9 52
11 7
11 55
11 56
12 29
12 57
12 58
15 63
24 22
24 81
24 82
25 10
25 13
25 83
25 84
26 2
26 14
26 23
26 85
26 86
27 87
28 89
28 90
30 32
30 93
30 94
20 73
20 74
18 69
49 51
6 31
6 45
6 46
16 65
16 66
55 53
56 54
22 77
22 78
2 37
2 38
14 61
14 62
32 97
32 98