0 12 1 18 37 9 43 20 3 25 13 49 45 39 6 57 46 41 24 29 47 55 48 88 83 89 86 75 80 81 99 85 82 23 2 26 16 22 27 30 65 60 35 72 76 44 61 84 11 5 17 62 42 59 64 95 93 7 15 63 21 50 71 77 79 97 68 73 98
0 35
0 24
12 13
1 81
1 99
1 93
18 43
18 44
37 46
9 26
9 29
20 41
20 57
3 49
3 17
3 73
25 68
25 55
13 71
13 89
45 23
45 17
39 5
39 80
6 7
57 76
46 5
46 30
46 71
46 83
24 61
24 15
24 81
24 62
47 62
48 84
88 30
83 68
89 63
89 77
89 95
86 30
75 59
81 42
81 16
81 21
85 60
82 79
2 11
2 15
26 84
16 5
16 22
22 44
27 11
65 98
65 79
60 42
72 59
72 50
72 98
76 95
61 97
84 5
17 62
64 63
95 50
7 73