0 9 13 14 16 21 25 36 46 52 54 55 57 65 66 67 72 76 80 81 88 89 1 4 10 15 19 22 23 28 31 35 38 44 49 50 51 63 64 68 70 82 96 98 7 32 40 41 48 60 62 73 5 17 47 85 93 27 79 83 11 20 37 61 69 24 86 92 99 34 29 56 18
0 81
0 65
9 11
13 66
14 85
14 86
14 28
16 63
16 60
21 47
25 11
36 7
46 48
52 49
52 10
54 83
54 82
55 24
57 99
65 29
65 47
66 11
67 24
72 61
72 41
72 73
76 1
76 60
76 37
80 18
80 28
81 17
88 32
88 20
89 99
89 1
1 68
1 35
4 19
10 79
15 38
15 48
15 69
19 47
19 56
22 31
23 64
31 61
35 93
38 47
38 98
44 73
49 11
50 63
51 92
64 27
64 73
70 41
82 37
82 92
96 79
98 40
7 92
41 47
41 79
48 24
48 85
62 92
5 61
27 92
79 34
20 86