0 1 2 3 5 6 7 8 9 10 11 12 13 14 16 17 19 20 21 22 23 24 25 26 28 29 30 31 32 34 35 37 39 40 42 43 44 46 47 48 50 51 53 55 56 58 59 60 61 62 64 67 71 72 74 75 76 81 82 83 84 85 86 87 89 90 94 95
0 34
0 11
1 35
1 3
2 37
2 16
2 11
3 40
3 24
3 28
3 39
5 43
5 44
5 11
6 46
6 29
6 32
7 47
7 48
7 12
8 50
8 11
9 51
9 22
10 19
11 55
11 56
11 28
12 26
12 58
12 14
13 60
13 19
13 30
13 28
13 59
14 62
14 24
14 61
17 67
17 20
19 71
19 20
19 72
20 74
21 75
21 76
22 29
23 31
24 81
24 82
25 31
25 28
26 86
26 85
28 89
28 90
30 94
31 95
42 44
46 48
53 55
62 64
74 76
81 83
82 84
85 87