0 26 27 7 46 47 48 4 37 38 39 45 57 62 1 28 36 17 76 77 78 23 95 22 91 92 93 32 87 99 33 64 34 82 5 40 42 98 12 61 63 49 84 6 43 15 70 8 69 88 53 59 24 9 54 73 11 60 86 81 18 79 67 16 74
0 26
0 27
26 48
27 45
27 57
27 62
27 39
7 46
7 47
7 48
46 69
46 88
46 53
47 33
47 40
48 59
48 92
48 70
4 37
4 38
4 39
39 98
45 6
62 12
62 86
1 28
28 36
36 76
17 76
17 77
17 78
78 93
23 95
95 42
95 67
22 91
22 92
22 93
32 87
32 99
99 24
33 64
64 81
34 82
82 54
5 40
5 42
42 49
42 84
98 24
12 61
12 63
49 8
6 43
15 70
53 9
53 73
59 11
9 54
73 16
11 60
81 18
18 79
16 74