1 92 91 62 96 63 19 43 78 95 70 73 7 24 30 93 17 42 44 77 79 20 9 28 71 6 68 25 81 59 50 41 86 21 10 27 36 72 2 53 74 80 85 60 22 57 13 67 75 0 51 82 33 12 34 64 65 98 3 47 99
1 92
92 91
91 62
91 96
62 63
62 19
62 43
62 78
96 95
96 70
96 73
63 7
63 24
63 30
63 93
19 17
43 42
43 44
78 77
78 79
95 20
95 9
70 28
70 71
7 6
7 68
24 25
24 81
30 59
93 50
42 41
20 86
20 21
9 10
28 27
71 36
71 72
6 2
6 53
6 74
81 80
86 85
86 60
21 22
10 57
53 13
74 67
74 75
85 0
60 51
67 82
75 33
82 12
33 34
12 64
64 65
64 98
65 3
65 47
98 99