0 9 12 5 1 73 4 16 7 39 2 18 53 32 96 15 38 63 3 13 6 10 29 52 54 84 65 20 22 21 67 92 30 94 55 41 82 19 17 57 34 70 71 64 23 47 44 58 27 68 31 93 72 90 89 24 51 81 61 83 37 69 33 36 88 86 60 8 74 85 87 28 75 98 97 49 48 46 77
0 9
9 12
12 5
5 1
5 73
1 4
1 16
1 7
1 39
4 2
16 18
16 53
7 32
7 96
39 15
39 38
39 63
2 3
2 13
18 6
32 10
32 29
32 52
63 54
63 84
63 65
3 20
3 22
13 21
6 67
10 92
29 30
52 94
54 55
84 41
20 82
21 19
67 17
67 57
92 34
92 70
92 71
92 64
30 23
41 47
17 44
57 58
34 27
34 68
34 31
70 93
71 72
23 90
23 89
23 24
23 51
47 81
44 61
58 83
27 37
93 69
72 33
72 36
89 88
24 86
61 60
33 8
36 74
88 85
86 87
60 98
74 28
74 75
28 49
98 97
49 48
48 46
46 77