0 6 1 12 13 19 18 20 26 7 2 8 9 4 14 3 11 10 5 15 33 32 31 21 22 27 38 24 23 17 29 16 34 35 51 50 41 28 54 56 25 30 36 37 42 43 39 40 52 49 58 53 63 46 44 95 96 91 47 45 48 87 92 57 75 60 61 55 84 83 62 64 98 68 67 86 82 90 73 76 77 81 97 80 79 88
0 6
6 1
6 12
12 13
12 19
12 18
13 20
13 26
20 14
20 15
26 33
26 32
26 31
7 2
2 8
8 9
9 4
9 14
4 3
4 11
11 10
10 5
15 21
33 27
32 38
31 24
21 22
22 23
22 17
22 29
38 39
24 25
24 30
17 16
29 34
29 35
29 51
29 50
34 41
35 28
51 54
50 56
41 40
41 52
54 49
54 58
56 53
56 63
30 36
36 37
36 42
36 43
37 44
39 46
58 57
58 75
63 60
46 47
46 45
44 95
95 96
96 91
91 87
91 92
47 48
87 55
87 84
92 97
60 61
61 62
61 64
84 83
83 80
62 98
64 68
64 67
98 86
86 82
86 90
82 81
73 76
76 77
77 81
80 79
80 88