1 0 3 4 5 2 6 8 9 10 11 12 13 15 17 19 20 21 22 23 24 25 26 27 28 29 32 33 34 35 37 39 40 41 42 43 44 45 46 47 48 49 51 52 53 54 55 56 57 58 59 60 61 62 64 65 66 67 68 69 72 73 74 79 80 81 83 84 85 86 88 90 91 92 93 94 95 96 97 98
1 98
1 39
0 9
3 57
4 85
4 93
4 46
5 98
5 49
5 92
5 58
2 80
2 29
6 17
6 44
8 90
9 58
9 62
10 53
11 37
12 32
13 97
13 92
15 83
15 53
17 68
19 24
20 46
20 24
21 45
21 79
22 80
23 90
23 83
24 61
25 49
25 81
25 61
26 67
27 47
27 54
28 80
28 59
32 51
32 68
32 40
32 73
33 81
34 66
34 88
34 86
35 45
35 64
37 47
40 48
40 62
41 58
42 49
43 44
45 85
47 91
47 66
51 55
52 95
56 80
57 58
58 96
60 67
65 69
65 94
66 90
67 81
68 80
69 93
72 84
74 96
84 90
84 98
91 95