0 25 26 27 5 40 24 98 99 96 77 73 1 28 30 16 74 75 36 9 52 53 54 3 34 35 95 62 97 4 37 38 39 11 59 60 93 6 43 44 45 14 67 68 69 7 46 48 21 88 89 90 76 8 49 13 64 65 66 56 83 10 55 57 22 19 84 12 63 17 78 61 20 85 86 87 72 23 94 79
0 25
0 26
0 27
26 96
26 77
27 73
5 40
40 93
24 98
24 99
98 73
77 17
73 16
73 68
73 83
1 28
1 30
30 36
16 74
16 75
74 55
74 60
75 36
75 39
75 88
36 3
9 52
9 53
9 54
52 43
52 83
3 34
3 35
34 95
34 62
35 97
95 23
62 12
4 37
4 38
4 39
11 59
11 60
93 22
93 88
6 43
6 44
6 45
14 67
14 68
14 69
67 61
68 72
7 46
7 48
48 76
21 88
21 89
21 90
76 17
8 49
49 56
13 64
13 65
13 66
64 63
56 10
83 19
10 55
10 57
19 84
12 63
17 78
78 87
20 85
20 86
20 87
87 79
23 94