69 80 10 85 95 18 66 73 40 25 62 14 78 96 1 58 72 29 24 52 63 19 50 3 13 12 83 89 57 31 4 55 75 76 94 97 36 38 32 17 30 82 74 27 77 64 65 23 21 35 33 47 92 43 44 71 22 48 45 46 37 56 67
69 80
80 10
10 85
10 95
85 18
85 66
95 73
18 40
18 25
18 62
66 14
66 78
66 96
40 58
62 29
14 24
14 52
14 63
78 19
96 50
1 58
58 72
24 75
24 23
24 21
52 43
52 44
52 71
63 22
50 56
50 67
3 13
13 12
13 83
13 89
89 57
89 31
57 4
57 55
57 75
57 76
57 94
57 97
31 36
31 38
31 32
4 17
55 30
55 82
75 74
38 27
17 77
74 35
74 33
77 64
64 65
65 47
33 92
43 48
44 45
22 46
22 37