0 1 2 5 4 3 28 13 29 30 35 36 37 38 14 19 12 6 11 8 15 21 23 32 34 17 18 44 42 41 46 47 48 50 51 55 52 74 53 56 54 58 60 61 73 57 70 59 68 62 67 69 66 63 64 65 71 72 75 76 77 78 79
0 6
0 3
0 17
1 2
2 5
2 77
5 12
5 13
4 3
28 13
29 30
30 77
30 35
30 19
30 34
35 36
36 37
37 38
14 19
12 65
12 11
6 55
6 8
15 75
21 23
23 76
32 78
17 46
18 79
18 41
44 52
42 41
47 48
48 72
50 51
50 55
51 75
55 54
52 53
74 53
53 56
56 58
56 57
56 73
54 60
54 58
61 69
57 70
57 59
70 68
70 76
59 62
62 63
62 64
62 65
67 66
67 78
69 71
66 71
66 64
71 72
78 79