84 9 85 31 51 58 32 59 48 60 35 86 50 24 70 71 10 11 62 81 61 67 72 76 77 25 75 23 12 6 34 5 45 73 7 64 20 36 41 37 40 13 44 46 27 26 80 79 57 74 2 1 3 19 56 55 14 87 68 28 88 21 43
84 9
84 85
9 10
85 86
31 51
31 58
31 32
58 6
58 35
58 71
58 57
59 48
59 60
48 35
60 61
35 55
50 24
24 23
24 40
24 87
24 68
70 71
71 72
71 74
10 11
11 25
11 75
11 23
11 77
11 12
62 81
62 61
81 80
67 72
72 45
72 23
72 73
76 77
23 7
23 64
6 34
6 5
5 88
45 13
45 44
45 46
7 20
20 19
20 21
36 41
36 37
41 40
13 1
13 14
44 43
46 27
27 26
80 79
2 1
2 3
56 55
68 28