0 1 3 5 9 14 16 18 20 21 25 30 32 33 34 40 61 62 65 66 4 7 8 10 11 12 15 17 22 23 26 28 29 31 69 70 73 74 93 94 97 98 35 36 38 41 42 6 24 49 50 53 54 57 58 77 78 85 86 89 90 91 71 72 2 45 46 81 82 37
0 1
0 3
0 5
0 9
0 14
0 16
0 18
0 20
0 21
0 25
0 30
0 32
0 33
0 34
3 40
14 61
14 62
16 65
16 66
18 4
18 7
18 8
18 10
18 11
18 12
18 15
18 17
18 22
18 23
18 26
18 28
18 29
18 31
18 69
18 70
20 73
20 74
30 93
30 94
32 97
32 98
33 35
34 36
40 38
4 41
4 42
8 6
8 24
8 49
8 50
10 53
10 54
12 57
12 58
22 77
22 78
26 85
26 86
28 89
28 90
29 91
69 71
70 72
38 2
6 45
6 46
24 81
24 82
2 37