0 4 18 51 54 57 58 62 63 65 67 68 71 72 74 77 78 79 80 81 85 1 22 48 6 86 87 88 89 90 91 92 93 94 95 96 97 98 99 2 19 10 3 8 41 5 46 49 14 21 7 36 39 47 9 30 23 11 32 12 44 13 40 15 28 16 17 38 35 20 24 45 25 37 34 33
0 4
0 18
0 54
0 57
0 58
0 62
0 65
0 67
0 68
0 71
0 72
0 74
0 77
0 78
0 80
0 81
0 85
18 38
18 41
18 49
51 3
63 22
79 40
1 22
1 48
1 6
1 86
1 88
1 90
1 91
1 92
1 93
1 94
1 96
1 97
1 98
1 99
22 95
48 17
6 3
6 14
6 21
6 87
89 8
2 19
2 10
19 35
10 5
10 23
3 8
3 41
8 47
5 46
5 49
21 12
21 40
21 45
7 36
7 39
39 17
39 28
9 30
30 13
30 33
11 32
32 35
12 44
13 40
15 28
28 34
16 17
20 24
24 45
25 37
37 34