0 1 2 4 6 8 10 11 12 14 15 16 18 20 22 23 24 25 26 27 28 29 30 32 33 34 35 36 37 38 41 42 45 46 49 50 53 54 57 58 61 62 65 66 69 70 73 74 77 78 81 82 85 86 89 90 91 93 94 97 98
0 4
0 6
0 11
0 12
0 14
0 15
0 18
0 20
0 22
0 25
0 29
0 30
0 32
0 33
0 34
1 35
1 36
2 12
2 37
2 38
4 41
4 42
6 45
6 46
8 20
8 49
8 50
10 20
10 53
10 54
12 57
12 58
14 61
14 62
16 32
16 65
16 66
18 69
18 70
20 23
20 26
20 27
20 73
20 74
22 77
22 78
24 32
24 81
24 82
26 85
26 86
28 89
28 90
29 91
30 93
30 94
32 97
32 98
34 36
89 91