2 3 4 7 8 9 11 13 15 17 18 19 23 24 25 28 30 31 32 33 36 37 39 40 41 43 45 46 47 48 49 50 51 52 53 55 56 59 61 63 65 66 67 69 78 80 81 82 84 86 90 91 92 96 97 99 5 12 14 16 22 26 27 29 38 42 54 57 64 73 76 79 83 98 6 21 62 72 87 58
2 50
2 18
2 90
2 4
3 9
3 69
4 58
7 16
7 51
7 26
7 11
8 28
9 84
11 25
11 79
13 37
13 81
15 45
15 43
15 64
17 39
17 26
18 62
18 55
18 46
18 73
19 57
23 12
24 5
24 28
24 96
25 63
28 37
28 36
28 57
30 27
31 39
32 65
32 98
33 78
40 76
41 61
41 82
43 47
45 65
46 49
47 38
48 87
49 76
50 52
50 27
52 72
53 26
55 91
56 66
56 69
59 92
61 67
63 99
65 12
66 22
67 5
69 98
78 5
78 42
80 76
80 92
86 79
92 38
97 26
5 29
14 83
14 57
26 21
26 54
57 6
76 87
6 21
21 87