<<<<<<< HEAD
65 64 60 59 61 53 62 1 2 12 52 3 8 13 22 25 50 51 11 14 20 23 54 44 26 55 45 27 56 57 43 35 28 42 37 34 29 41 31
=======
65 64 60 59 61 53 62 52 54 1 2 12 3 8 13 22 25 50 51 11 14 20 23 44 26 55 45 27 56 43 35 28 57 42 37 34 29 41 31
>>>>>>> ee77869a8b7fe06ada838d2fc2f03607efdccd8b
65 64
64 60
60 59
60 61
59 53
61 62
53 52
53 54
1 2
1 12
<<<<<<< HEAD
1 52
=======
>>>>>>> ee77869a8b7fe06ada838d2fc2f03607efdccd8b
2 3
2 8
12 13
12 22
12 25
<<<<<<< HEAD
52 50
52 51
=======
>>>>>>> ee77869a8b7fe06ada838d2fc2f03607efdccd8b
8 11
13 14
13 20
22 23
50 44
51 26
<<<<<<< HEAD
54 55
=======
>>>>>>> ee77869a8b7fe06ada838d2fc2f03607efdccd8b
44 45
26 27
55 56
27 43
27 35
27 28
56 57
43 42
35 37
28 34
28 29
42 41
29 31