14 19 27 1 2 29 32 16 36 10 5 17 41 6 15 12 43 44 45 7 9 46 47 48 8 18 49 50 51 52 24 55 56 11 58 60 61 13 22 64 69 70 71 72 73 75 78 79 80 81 82 85 87 21 88 89 91 92 93 95 96 97 98 99
14 69
19 82
27 52
27 91
1 29
2 32
29 32
32 92
16 75
36 45
36 64
10 55
10 56
5 41
17 78
41 58
6 43
6 44
6 45
15 70
15 71
15 72
12 61
43 95
43 93
7 46
7 47
7 48
9 52
47 71
8 49
8 50
8 51
18 79
18 80
18 81
49 89
49 61
50 60
50 73
50 81
24 97
24 99
55 78
56 80
11 58
11 60
13 64
22 91
22 92
22 93
69 79
71 81
75 82
80 88
81 85
81 93
81 99
82 92
87 91
21 88
92 96
93 98