1 5 4 49 62 80 29 9 2 55 91 88 28 54 3 94 12 69 13 26 82 64 53 21 92 30 23 8 11 24 36 79 42 51 15 32 7 10 39 52 71 17 25 35 83 85 63 81 38 31 22 67 6 93 74 16 87 20 34 84 75 57 27 48 56 73 77 19 78 61 60
1 5
1 4
1 49
1 62
1 80
1 29
5 9
4 2
62 55
29 91
9 88
9 28
9 54
2 3
2 94
2 12
2 69
91 13
91 26
88 82
88 64
54 53
3 21
94 92
94 30
94 23
12 8
12 11
26 24
64 36
64 79
21 42
92 51
92 15
23 32
8 7
11 10
11 39
11 52
24 71
24 17
24 25
36 35
36 83
15 85
32 63
32 81
7 38
10 31
52 22
52 67
71 74
17 16
25 87
35 20
35 34
83 84
85 75
31 57
22 27
22 48
22 56
22 73
6 93
6 74
16 78
20 19
75 77
19 61
61 60