0 1 2 3 5 6 7 8 9 10 11 12 13 14 15 16 17 18 19 20 21 22 23 24 25 26 27 28 31 32 33 34 35 38 39 40 43 44 45 46 49 50 51 54 57 58 59 62 63 64 66 67 69 70 71 72 73 74 75 77 78 81 82 85 87 88 89 90 91 92 93 95 96
0 18
0 13
0 34
1 15
1 8
1 35
2 27
2 38
3 40
3 10
3 39
5 44
5 43
5 14
6 45
6 46
6 26
6 23
7 26
7 8
8 49
8 22
8 28
8 21
8 50
9 51
9 20
10 54
11 25
12 57
12 58
13 59
13 16
13 25
14 62
15 64
15 63
16 66
17 67
17 19
17 28
18 70
18 69
18 21
19 72
20 73
20 74
20 24
21 75
22 77
22 78
23 31
24 81
24 82
26 85
27 87
27 88
28 89
28 90
31 95
31 32
31 96
33 35
38 40
57 59
62 64
69 71
73 75
85 87
89 91
90 92
93 95