85 55 99 14 53 67 72 78 26 8 17 94 19 24 3 34 4 1 95 20 41 10 6 52 33 74 84 96 54 2 9 56 37 57 82 81 98 75 35 32 89 88 13 11 73 5 27 47 42 60 46 87 29 7 16 48 76 18 69 12 25 43
85 55
55 99
55 14
14 53
53 67
53 72
53 78
67 26
67 8
67 17
67 94
26 19
94 24
19 3
19 34
19 4
3 1
3 95
3 20
3 41
34 10
1 6
20 52
10 33
10 74
10 84
10 96
52 54
33 2
33 9
33 56
33 37
96 57
9 82
9 81
56 98
56 75
37 35
37 32
37 89
37 88
32 13
32 11
32 73
32 5
32 27
32 47
32 42
32 60
13 46
11 87
11 29
11 7
11 16
73 48
73 76
87 18
87 69
29 12
69 25
69 43