70 28 23 51 36 64 55 48 85 10 25 88 16 6 95 15 75 54 74 9 56 84 52 46 21 93 91 76 24 20 14 17 69 1 72 41 4 29 31 42 79 83 82 92 3 86 77 94 97 39 7 60 59 90 87 13 38 73 68 26 27 61 19 89 81 37 43 49 44 57 98 32 80
70 28
28 23
23 51
23 36
23 64
23 55
23 48
23 85
23 10
23 25
23 88
23 16
23 6
23 95
23 15
23 75
23 54
36 74
36 9
36 56
36 84
64 52
48 46
85 21
10 93
25 91
25 76
6 24
6 20
6 14
6 17
15 69
75 1
75 72
9 41
9 4
52 29
46 31
24 42
24 79
14 83
14 82
17 92
17 3
17 86
69 77
1 94
72 97
41 39
4 7
4 60
4 59
29 90
42 87
83 13
83 38
86 73
94 68
7 26
59 27
59 61
90 19
26 89
19 81
19 37
81 43
43 49
43 44
43 57
49 98
44 32
98 80