0 6 5 9 14 17 11 10 15 23 20 26 37 34 32 33 40 47 41 54 50 59 53 62 68 69 71 79 72 74 89 87 84 85 94 99 12 21 52 13 36 45 75 3 7 88 82 80 8 78 43 81 38 49 22 24 48 61 55 19 39 91 44 65 93 27 95 92 64 51 58
0 99
0 47
0 37
0 6
0 14
5 81
9 43
14 69
14 17
11 39
11 12
10 87
15 62
15 19
23 37
20 24
26 85
37 36
37 33
34 3
32 59
40 43
47 64
47 59
47 22
41 45
54 52
54 81
54 24
54 84
50 82
50 55
53 19
62 88
62 58
62 68
62 13
68 93
69 65
71 75
71 45
71 78
79 85
79 95
72 38
72 74
74 44
89 87
87 85
87 91
84 61
85 88
85 44
94 88
99 92
21 88
21 8
52 51
45 48
3 80
7 48
88 81
82 80
80 43
38 39
49 58
22 24
48 55
48 64
65 27