33 91 95 13 63 82 64 99 11 79 19 77 14 45 80 2 17 1 37 49 27 40 39 76 86 23 60 3 81 84 83 69 61 53 15 52 20 56 67 9 16 32 68 73 58 30 51 94 28 59 54 90 93 29 31 35 50 88 47 96 7 44 72 42 92 48 8 21 26 98 41 12 5 25
33 91
91 69
91 27
91 48
95 13
95 63
95 82
95 64
95 99
95 11
13 30
13 29
63 68
63 31
82 76
82 86
64 83
64 32
64 94
99 20
11 48
79 19
79 77
19 14
77 53
77 58
45 80
80 12
2 17
2 1
17 3
1 39
37 49
37 27
49 40
27 12
39 56
23 60
23 3
23 81
60 84
3 72
3 90
81 7
61 53
61 15
61 52
53 16
52 93
52 29
56 59
67 9
9 28
73 58
51 94
51 28
94 90
28 54
59 41
93 42
31 35
31 50
31 88
35 98
35 5
50 21
47 96
96 26
96 98
44 72
72 92
48 8
48 25