0 32 34 38 36 68 69 70 71 72 73 74 75 76 77 78 79 80 81 82 83 84 85 86 87 89 90 91 92 94 95 96 97 98 99 53 7 25 64 65 6 18 31 42 51 93 8 14 23 30 88 35 2 44 3 43 4 50 37 28 5 39 20 29 9 66 59 13 45 12 26 54 15 27 57 16 60 22 33 52 62 63 24 56 61 58 49
0 32
0 34
0 38
0 36
0 68
0 69
0 70
0 71
0 72
0 73
0 74
0 75
0 76
0 77
0 78
0 79
0 80
0 81
0 82
0 83
0 84
0 85
0 86
0 87
0 89
0 90
0 91
0 92
0 94
0 95
0 96
0 97
0 98
0 99
34 53
38 7
38 25
38 64
38 65
36 6
36 18
36 31
36 42
36 51
36 93
73 8
78 14
85 23
87 30
92 35
25 24
64 58
31 88
51 43
51 60
8 20
14 39
14 9
14 13
23 12
23 26
30 2
30 44
35 33
44 45
44 61
3 43
4 50
4 37
37 28
28 12
28 54
5 39
20 29
9 66
66 59
59 15
59 57
26 63
54 56
15 27
57 22
57 52
57 62
16 60
52 49