0 1 5 8 9 11 12 15 16 18 22 27 30 32 34 35 37 39 40 46 47 52 59 62 67 71 72 75 77 79 85 90 94 95 99 3 19 20 31 49 50 51 53 55 63 76 87 88 91 96 6 13 25 26 56 65 66 84 86 10 45 69 36 23 83 38 44 68
0 5
0 95
1 53
1 30
5 83
5 88
8 16
8 3
8 84
8 87
9 38
9 49
9 55
11 88
11 85
12 18
12 26
15 19
15 62
15 79
15 85
15 10
16 38
16 94
16 63
18 91
18 31
22 38
22 44
22 30
27 6
27 67
32 36
34 72
35 76
35 68
37 66
37 75
39 25
40 84
46 47
46 86
47 85
52 95
59 75
62 90
67 76
71 19
72 23
72 83
72 65
75 69
77 65
95 26
99 84
20 13
20 50
49 91
50 38
51 13
53 96
76 36
25 36
25 45
56 36
56 66
84 45