14 15 91 87 75 33 68 93 34 86 45 16 76 23 84 57 92 29 77 31 60 56 39 20 73 13 58 59 4 12 79 40 32 22 30 28 61 43 96 85 74 82 90 44 7 52 67 41 36 80 69 48 2 71 17 26 95 42 72 99 25 46 5 8 27 49 78 63 35 11 88 21 53
14 15
15 91
91 87
91 75
75 49
75 84
33 68
33 93
68 26
68 95
93 80
93 21
34 86
34 45
45 59
45 79
16 76
16 23
76 84
23 30
84 46
57 92
92 20
92 59
92 4
92 12
29 77
77 46
31 60
60 8
60 27
56 39
39 74
20 73
73 7
13 58
58 41
4 36
4 26
4 46
4 85
12 88
12 17
12 53
40 32
40 22
32 30
30 74
28 61
28 43
43 52
43 67
43 74
96 85
82 90
90 44
90 7
67 41
80 69
80 48
2 71
2 17
26 42
95 35
42 72
72 99
25 46
46 5
27 11
49 78
63 35
11 88