0 1 3 4 5 6 7 8 10 11 12 13 14 15 16 17 18 19 21 22 23 24 25 26 27 28 29 31 32 33 34 41 42 45 46 49 50 53 54 55 2 9 57 58 59 61 62 63 65 66 69 70 71 75 76 77 78 30 81 82 85 86 87 89 90 91 97 98 35 36 37 38 73 74 93 94 20
0 1
0 3
0 4
0 5
0 6
0 7
0 8
0 10
0 11
0 12
0 13
0 14
0 15
0 16
0 17
0 18
0 19
0 21
0 22
0 23
0 24
0 25
0 26
0 27
0 28
0 29
0 31
0 32
0 33
0 34
4 41
4 42
6 45
6 46
8 49
8 50
10 53
10 54
11 55
12 2
12 9
12 57
12 58
13 59
14 61
14 62
15 63
16 65
16 66
18 69
18 70
19 71
21 75
21 76
22 77
22 78
24 30
24 81
24 82
26 85
26 86
27 87
28 89
28 90
29 91
32 97
32 98
33 35
34 36
2 37
2 38
75 73
76 74
30 93
30 94
74 20