2 4 8 17 35 65 34 80 64 88 32 33 81 92 67 66 89 0 6 13 27 54 75 55 85 74 90 52 53 84 93 73 91 39 38 36 37 82 83 10 21 42 69 43 68 40 41 70 71 45 44 46 47 12 25 24 51 48 72 50 86 87 14 28 29 56 59 76 77 57 79 78 63 62 60 61 15 31 19 22
2 4
4 8
8 17
17 35
35 65
65 34
65 80
80 64
80 88
64 32
64 33
88 81
88 92
81 67
81 66
92 89
92 0
67 39
67 38
66 36
66 37
89 82
89 83
0 93
6 13
13 27
27 54
54 75
75 55
75 85
85 74
85 90
74 52
74 53
90 84
90 93
84 73
93 91
73 51
73 50
91 86
91 87
39 19
82 69
82 68
83 70
83 71
10 21
21 42
42 69
69 43
68 40
68 41
70 45
70 44
71 46
71 47
45 22
12 25
12 24
25 51
24 48
48 72
86 76
87 79
87 78
14 28
14 29
28 56
29 59
56 76
59 77
76 57
79 63
79 62
78 60
78 61
63 31
15 31