0 25 26 27 75 77 61 14 68 69 35 62 41 82 17 64 37 12 20 85 86 88 3 28 87 45 2 31 60 78 74 11 70 81 6 7 46 47 43 18 79 15 71 92 4 38 49 8 50 96 5 42 19 63 99 22 93 23 9 52 54 66 67 13 56 98 53 55 10 57 24 97 58 59 65
0 25
0 26
0 27
26 75
27 77
27 61
77 17
77 64
61 37
61 12
14 68
14 69
68 35
68 62
69 41
69 82
35 3
62 45
62 12
62 99
41 5
82 19
17 78
37 4
37 49
12 63
20 85
20 86
85 88
88 59
28 87
87 45
45 31
45 6
2 31
31 60
60 11
60 70
60 81
78 74
11 58
11 59
70 15
81 18
6 43
7 46
7 47
47 43
18 79
15 71
71 92
92 22
4 38
49 8
49 96
8 50
96 23
5 42
99 24
22 93
9 52
9 54
52 66
52 67
66 13
67 56
67 98
13 65
56 10
98 24
53 55
55 10
10 57
24 97