0 1 2 4 98 18 68 96 16 17 21 97 15 20 22 88 7 25 19 3 24 74 5 39 10 26 27 28 44 14 38 6 8 11 12 13 9 70 69 71 45 79 49 75 82 23 37 47 46 48 34 33 36 42 60 85 29 30 31 32 35 40 41 43 62 83 50 55 57 65 64 73 72 84 92
0 1
0 2
0 4
1 98
2 18
2 68
98 96
18 16
18 17
18 21
96 97
16 15
21 20
21 22
97 88
15 7
20 25
20 19
20 3
22 24
88 74
7 5
7 39
25 10
25 26
25 27
25 28
19 44
24 14
24 38
74 64
5 6
10 12
10 9
27 70
44 45
14 23
38 37
38 47
8 11
11 12
12 13
70 69
70 71
71 79
45 49
79 75
79 82
49 34
75 60
82 85
47 46
46 48
34 33
34 36
34 42
33 35
42 40
42 41
42 43
60 62
85 83
29 30
29 31
29 32
32 35
83 84
50 55
55 57
57 65
65 64
64 73
73 72
84 92