0 3 25 26 1 28 30 2 11 31 33 18 34 35 7 12 38 39 8 42 43 46 47 48 22 49 50 51 10 54 55 56 57 59 60 62 63 13 65 66 16 67 68 15 71 72 24 74 75 17 19 76 77 78 80 81 82 83 84 21 86 87 90 23 91 92 94 95 97 98 99
0 25
0 26
3 34
3 35
25 39
26 97
1 28
1 30
28 67
30 55
30 91
2 31
2 33
11 59
11 60
33 75
18 80
18 81
34 57
7 46
7 47
7 48
12 62
12 63
38 84
8 49
8 50
8 51
42 49
43 76
48 56
48 80
22 91
22 92
49 94
50 54
10 55
10 56
10 57
55 82
55 71
56 66
57 74
57 76
59 90
60 82
62 86
63 72
63 80
13 65
13 66
16 74
16 75
68 82
15 72
24 97
24 98
24 99
17 76
17 77
17 78
19 82
19 83
19 84
76 87
80 99
84 95
21 90
23 94
23 95