67 52 63 99 13 24 28 37 48 91 64 5 7 15 69 68 92 81 9 72 4 57 25 18 50 55 17 35 36 41 98 84 53 89 51 33 42 21 27 30 38 66 85 75 47 11 23 40 97 46 44 29 62 60 80 78 26 79
67 52
67 63
52 99
52 9
52 57
52 5
52 42
52 21
52 27
52 30
52 38
52 66
52 69
52 85
63 33
99 13
13 91
24 28
28 69
37 48
37 91
91 78
64 5
5 7
5 18
5 53
5 89
15 69
69 81
69 72
69 55
69 97
69 46
69 44
69 29
69 23
69 62
69 26
69 47
69 79
69 92
68 92
4 57
57 50
57 17
57 35
57 36
57 41
57 98
25 18
18 51
98 84
98 40
98 80
66 60
75 47
11 23