1 2 4 5 6 7 8 9 10 11 12 14 15 16 17 18 19 20 21 22 23 25 27 28 29 30 31 33 34 35 36 37 38 39 41 42 43 44 45 46 48 50 51 52 53 54 55 56 57 58 59 60 61 62 64 65 66 67 68 69 70 71 72 74 75 76 78 80 81 83 85 88 90 93 94 95 96 98 99
1 2
2 42
4 80
5 95
5 6
7 17
8 93
8 9
8 71
8 39
9 20
9 36
10 99
11 41
12 31
12 64
14 62
14 15
15 56
16 17
16 27
16 96
18 19
18 48
18 33
19 94
21 55
22 66
22 98
22 25
23 70
23 85
23 72
27 50
27 28
27 61
27 99
28 29
29 67
30 38
30 31
31 35
33 42
34 35
34 45
35 52
35 60
35 36
36 37
41 42
43 69
43 44
44 45
45 57
46 80
48 50
48 76
48 55
48 88
51 52
51 70
53 54
53 83
53 94
56 80
57 76
57 58
59 94
59 90
64 65
65 66
67 68
67 81
69 95
71 80
74 76
75 76
78 83