1 63 3 4 21 31 9 5 16 6 8 7 10 22 24 38 11 12 13 14 15 17 77 29 32 88 18 36 47 61 19 20 43 23 25 26 46 48 27 85 33 64 45 28 62 40 41 58 78 90 99 35 55 87 37 39 54 82 44 52 59 57 81 96 50 49 60 93 53 65 56 67 68 83 72 66 80 84 89 79 94 97 86 92
1 63
63 60
63 67
3 4
3 21
3 31
4 9
9 6
5 16
16 12
16 18
16 47
16 61
6 8
6 7
6 10
6 22
6 24
8 38
24 27
24 85
11 12
13 14
14 15
14 17
14 77
15 29
15 32
15 88
17 18
17 36
77 84
77 86
18 19
36 55
36 87
47 53
61 35
19 20
20 43
43 52
43 59
23 25
23 26
23 46
23 48
25 33
25 64
26 45
46 49
46 60
46 93
48 37
48 65
27 28
85 84
33 40
33 41
33 58
33 78
33 90
33 99
64 68
64 83
45 50
28 62
40 44
78 66
78 94
78 97
39 54
39 82
54 44
44 57
44 81
44 96
52 56
65 72
67 89
72 79
66 80
66 84
84 92