2 76 3 7 9 10 49 20 95 51 14 8 21 11 6 12 43 4 5 50 1 48 88 55 19 22 46 60 63 13 15 45 53 61 75 96 18 33 47 62 17 26 27 93 64 42 98 28 31 40 58 80 34 84 87 30 94 72 70 99 52 66 83 41 36 56 81 35 59 38 23 25 54 78 37 67
2 76
76 3
3 7
3 9
3 10
7 49
9 20
9 95
10 51
10 14
49 8
20 21
51 11
8 6
8 12
21 43
11 4
6 5
12 50
4 1
4 48
1 88
88 55
55 19
55 22
55 46
55 60
55 63
19 13
19 15
22 45
22 53
60 61
13 75
15 96
45 18
53 33
61 47
61 62
18 17
18 26
18 27
18 93
33 64
47 42
62 98
17 28
26 31
26 40
26 58
27 80
64 34
64 84
98 87
28 30
80 94
84 72
87 70
87 99
72 52
70 66
70 83
52 41
52 36
66 56
41 81
36 35
36 59
56 38
81 23
35 25
35 54
59 78
54 37
54 67