0 2 18 19 29 52 62 98 73 9 33 53 74 94 3 6 23 65 24 31 55 61 5 28 84 96 44 7 8 47 68 97 12 72 81 27 32 85 92 10 42 48 56 60 86 50 78 63 58 37 45 46 59 71 99 66 76 26 35 75 82 54 30 39 90 69 95 93
0 98
0 18
2 94
18 61
19 52
19 92
19 59
19 72
19 9
29 26
29 98
29 86
52 75
52 63
52 68
62 56
62 24
62 71
98 66
73 39
73 54
9 27
33 26
53 3
74 26
74 84
74 75
74 30
94 7
3 23
6 44
6 31
23 99
23 42
65 50
65 97
24 44
24 42
55 99
5 28
5 96
28 8
44 59
7 97
7 8
7 47
8 81
8 72
68 93
68 85
97 37
97 46
12 50
72 82
32 45
32 60
10 48
10 56
48 39
56 78
56 69
58 90
58 76
45 35
59 35
99 95
54 90