0 1 2 72 53 52 54 86 36 34 35 37 55 63 43 93 8 44 71 3 83 64 5 9 62 84 6 49 90 76 82 20 48 25 24 85 27 81 11 12 26 79 78 80 32 87 92 39 38 97 70 69 13 14 30 91 15 59 21 22 75 67 68 58 99 65 66 17 18 46 73 94 47 23 89 77 28 41 40 45 88 98 96
0 1
1 2
1 72
2 63
72 8
72 44
72 71
53 52
53 54
53 86
54 55
86 32
86 87
36 34
36 35
36 37
36 55
34 70
35 41
37 17
63 64
43 93
93 92
93 94
71 70
71 73
71 45
71 66
3 83
83 5
83 9
83 62
83 84
64 97
5 6
9 82
84 85
49 90
49 76
90 91
76 75
76 77
82 81
20 48
48 47
48 66
25 24
24 23
24 73
85 27
27 28
81 80
11 12
11 26
12 92
79 78
79 80
80 92
92 70
92 91
39 38
38 73
97 96
70 69
13 14
13 30
14 15
14 59
59 58
59 99
21 22
21 75
22 67
67 68
99 66
99 98
65 66
18 46
46 47
73 89
47 88
41 40