0 86 77 70 93 90 99 68 94 95 69 92 79 82 87 85 76 80 73 97 75 88 96 83 78 74 71 81 72 89 84 98 16 27 11 3 32 48 1 39 40 2 36 14 20 28 26 10 17 7 42 9 30 41 22 13 8 4 18 5 31 23 47 35 15 53 51 56 33 29 67 57 19 55 46 37 6 63 62 34 25 54 44 52 91 50 66 12 43 24 61 60 49 45 21 65 59 58 38 64
0 86
0 77
0 70
0 93
0 90
0 99
0 68
0 94
0 95
0 69
0 92
0 79
0 82
0 87
0 85
0 76
0 80
0 73
0 97
0 75
0 88
0 96
0 83
0 78
0 74
0 71
0 81
0 72
0 89
0 84
0 98
0 16
86 27
77 11
70 3
90 32
99 48
68 1
94 39
95 40
69 2
92 36
79 14
82 20
87 28
85 26
76 10
80 17
73 7
97 42
75 9
88 30
96 41
83 22
78 13
74 8
71 4
81 18
72 5
89 31
84 23
98 47
16 35
16 15
32 53
48 51
39 56
20 33
28 29
28 67
7 57
7 19
7 55
42 46
42 37
41 6
41 63
41 62
8 34
8 25
4 54
4 44
35 52
33 91
67 50
57 66
46 12
37 43
63 24
34 61
25 60
44 49
50 45
66 21
24 65
21 59
59 58
58 38
38 64