0 1 3 31 4 5 88 6 67 87 89 64 66 68 77 86 90 69 76 78 91 50 45 70 75 92 51 46 71 74 10 93 42 52 47 26 72 41 53 25 27 61 33 73 99 13 14 15 16 17 18 23 24 28 20 21 60 59 62 34 98 35 97 36 96 39 40 82 81 83 54 55 56
0 1
0 3
1 31
3 4
4 5
4 88
5 6
5 67
88 87
88 89
6 64
67 66
67 68
67 77
87 86
89 90
68 69
77 76
77 78
90 91
90 50
90 45
69 70
76 75
91 92
50 51
45 46
70 71
75 74
92 10
92 93
51 42
51 52
46 47
71 26
71 72
42 41
52 53
26 25
26 27
72 61
72 33
72 73
72 99
41 40
41 82
53 54
25 24
27 28
61 60
61 62
33 34
99 98
13 14
14 15
15 16
16 17
17 18
18 23
23 24
20 21
20 60
60 59
34 35
98 97
35 36
97 96
39 40
82 81
82 83
54 55
55 56