0 25 26 27 54 42 86 5 81 40 41 18 19 83 49 60 64 98 8 71 55 61 13 24 50 51 10 32 12 65 66 97 99 29 67 79 80 30 58 11 59 33 2 31 44 35 6 88 3 95 21 34 36 23 63 89 90 39 94 37 4 52 9 53 56 57 91 48 22 92 14 74 72 78 85 17 76 77
0 25
0 26
0 27
25 54
26 42
27 86
42 5
42 81
5 40
5 41
81 18
40 61
41 67
18 79
18 80
19 83
83 49
83 60
83 64
83 98
49 8
49 71
60 55
64 61
64 13
98 24
8 50
8 51
55 10
61 32
61 12
13 65
13 66
24 97
24 99
10 56
10 57
32 2
12 63
99 29
67 14
80 74
30 58
58 11
11 59
59 33
33 2
2 31
31 44
31 35
44 6
44 88
35 3
35 95
88 21
3 34
3 36
95 23
21 89
21 90
36 39
23 94
89 72
90 78
39 37
94 52
37 4
52 9
9 53
56 91
91 48
91 22
22 92
72 85
78 17
17 76
17 77