0 1 11 10 12 20 13 14 4 15 24 16 23 25 34 17 26 33 35 44 7 27 32 36 43 54 8 28 31 37 46 53 55 64 9 38 47 52 56 63 65 39 48 51 73 66 49 50 83 59 40 60 82 84 61 70 92 85 91 93 86 95 87 77 97 78 98 99
0 1
1 11
11 10
11 12
10 20
12 13
13 14
14 4
14 15
14 24
15 16
24 23
24 25
24 34
16 17
25 26
34 33
34 35
34 44
17 7
26 27
33 32
35 36
44 43
44 54
7 8
27 28
32 31
36 37
36 46
54 53
54 55
54 64
8 9
37 38
46 47
53 52
55 56
64 63
64 65
38 39
47 48
52 51
63 73
65 66
48 49
51 50
73 83
49 59
50 40
50 60
83 82
83 84
60 61
60 70
82 92
84 85
92 91
92 93
85 86
85 95
86 87
87 77
87 97
77 78
97 98
98 99