0 17 57 1 35 29 33 50 83 85 96 27 10 66 38 69 56 90 42 79 88 34 11 94 25 40 58 13 76 87 41 99 49 20 48 91 12 2 43 73 95 26 51 16 37 45 53 84 97 28 60 21 64 75 32 44 89 63 61 24 30
0 17
17 57
57 1
57 35
1 29
1 33
1 50
1 83
1 85
1 96
29 27
29 10
29 66
50 38
50 69
85 56
85 90
96 42
96 79
96 88
27 34
27 11
10 94
10 25
10 40
10 58
38 13
90 76
42 87
79 41
79 99
88 49
88 20
88 48
34 91
34 12
94 2
94 43
40 73
13 95
76 26
99 51
49 16
49 37
49 45
12 53
73 84
95 97
95 28
95 60
95 21
51 64
16 75
37 32
97 44
97 89
28 63
28 61
44 24
63 30