0 25 26 27 78 83 65 85 17 19 13 20 77 84 86 72 79 75 58 18 68 90 11 60 29 47 1 52 32 7 30 9 2 48 36 31 33 61 50 3 63 8 80 14 21 12 41 5 23 95 56 44 10 6 24 97 38 4 37 39 69 91 22
0 25
0 26
0 27
25 78
26 83
27 65
27 85
78 17
83 19
65 13
85 20
17 77
19 84
20 86
77 72
84 79
86 75
72 58
79 18
79 68
75 90
58 11
18 80
68 14
90 21
11 60
60 29
60 47
29 1
47 52
47 32
47 7
1 30
52 9
32 2
7 48
30 36
2 31
2 33
48 61
48 50
36 3
61 63
50 8
63 12
63 41
80 95
80 56
14 69
41 5
23 95
56 44
56 10
44 6
24 97
97 38
38 4
4 37
4 39
37 69
37 91
91 22