0 1 2 3 4 5 6 7 8 9 10 11 12 13 14 15 16 17 18 19 20 21 23 24 26 27 28 29 30 32 33 36 37 38 39 40 42 43 45 46 48 49 50 51 52 54 55 57 58 59 60 61 64 66 67 68 69 72 73 74 75 76 79 80 81 82 84 85 86 89 90 91 93 94 95
0 33
0 1
1 36
1 20
2 37
3 39
3 8
3 40
3 12
4 6
4 42
5 29
5 19
5 43
6 45
6 46
7 48
7 17
8 49
8 50
8 21
9 52
9 26
9 51
9 30
10 54
10 21
11 55
11 15
11 20
12 58
12 29
12 57
13 60
13 18
13 59
14 23
14 18
14 61
15 24
15 19
15 16
15 64
16 66
17 68
17 67
18 69
19 72
20 73
20 74
20 32
21 76
21 75
23 80
23 79
24 82
24 81
26 85
26 86
27 28
28 90
28 29
29 91
30 94
30 93
37 39
38 40
46 48
49 51
58 60
66 68
82 84
89 91
93 95