0 49 84 31 46 50 82 21 20 85 29 73 52 18 68 57 1 15 62 47 32 72 22 81 56 64 74 65 44 11 25 77 19 61 60 10 30 4 42 92 91 5 67 9 53 63 7 12 34 28 75 69 16 54 83 90 48 66 79 33 45 71 36 70
0 49
0 84
0 31
49 46
49 50
84 82
31 21
46 20
82 85
21 44
21 19
21 68
85 75
29 73
73 52
73 18
73 68
73 57
52 91
18 5
68 54
68 48
1 15
1 62
15 47
15 32
15 72
62 22
72 81
72 56
72 64
22 45
81 10
81 30
56 65
64 70
74 65
65 44
65 11
65 25
44 77
25 53
25 63
77 61
77 60
19 79
61 92
4 42
42 92
92 71
5 67
67 9
9 7
63 28
63 36
12 34
34 28
75 69
16 54
16 83
83 90
90 66
79 33