<<<<<<< HEAD
17 7 38 8 21 43 10 40 48 3 27 22 4 34 42 36 6 19 46 45 30 31 15 11 35 2
=======
17 7 38 8 21 43 10 40 48 3 27 22 4 34 19 46 42 31 15 11 35 36 6 2 45 30
>>>>>>> ee77869a8b7fe06ada838d2fc2f03607efdccd8b
17 7
7 38
38 8
8 21
8 43
21 10
43 40
43 48
10 3
10 27
10 22
40 4
3 34
3 42
27 36
22 6
34 19
34 46
<<<<<<< HEAD
6 45
6 30
=======
>>>>>>> ee77869a8b7fe06ada838d2fc2f03607efdccd8b
46 31
31 15
31 11
31 35
<<<<<<< HEAD
15 2
=======
15 2
6 45
6 30
>>>>>>> ee77869a8b7fe06ada838d2fc2f03607efdccd8b
