0 11 6 25 26 27 1 8 28 29 30 2 14 24 32 33 3 17 34 35 36 4 21 23 37 39 5 18 40 41 42 12 44 45 7 10 46 48 15 13 50 51 9 53 54 55 56 20 58 59 60 61 66 67 69 70 71 72 73 74 77 78 79 80 81 85 87 88 89 90 91 94 95 96 97 98 99
0 25
0 26
0 27
11 58
11 59
11 60
6 44
6 45
26 97
1 28
1 29
1 30
8 50
8 51
28 79
30 99
2 32
2 33
14 67
14 69
24 97
24 98
24 99
33 39
33 55
3 34
3 35
17 77
17 78
35 69
36 54
4 37
4 39
21 88
21 89
21 90
23 94
23 95
5 40
5 41
5 42
18 79
18 80
18 81
41 85
42 67
42 60
12 61
45 89
7 46
7 48
10 55
10 56
46 91
46 61
48 94
15 70
15 71
15 72
13 66
51 90
9 53
9 54
53 77
56 78
20 85
20 87
60 94
66 73
69 78
72 78
73 88
74 96
74 89
78 79
81 88