0 5 24 25 26 27 1 16 30 2 9 31 33 3 34 35 36 4 11 39 40 41 6 14 43 44 45 7 21 46 48 8 13 49 53 54 10 22 19 56 57 12 58 60 17 61 63 20 18 65 67 68 69 15 70 72 73 74 75 76 77 79 81 82 84 85 86 88 91 92 93 95 96 98 99
0 25
0 26
0 27
5 40
5 41
24 98
24 99
26 96
26 77
27 73
1 30
16 73
16 74
16 75
30 36
2 31
2 33
9 53
9 54
33 35
3 34
3 35
3 36
34 95
35 53
4 39
11 58
11 60
39 75
39 99
40 93
6 43
6 44
6 45
14 67
14 68
14 69
43 81
44 68
7 46
7 48
21 88
48 76
8 49
13 65
49 56
53 57
54 84
10 56
10 57
22 91
22 92
22 93
19 82
19 84
56 75
12 61
12 63
58 65
60 74
17 76
17 77
61 67
20 85
20 86
18 79
18 81
68 72
68 73
15 70
15 72
75 88
79 86
88 93