0 4 7 8 11 12 13 14 19 23 24 28 33 34 41 42 49 50 57 58 22 61 62 6 72 81 82 10 20 26 30 89 90 36 1 35 2 37 38 73 74 45 46 53 54 32 77 78 16 65 66 97 98 18 69 70 85 86 93 94 92
0 4
0 7
0 8
0 11
0 12
0 13
0 14
0 19
0 23
0 24
0 28
0 33
0 34
4 41
4 42
8 49
8 50
12 57
12 58
14 22
14 61
14 62
19 6
19 72
24 81
24 82
28 10
28 20
28 26
28 30
28 89
28 90
34 36
22 32
22 77
22 78
6 45
6 46
72 70
10 53
10 54
20 2
20 73
20 74
26 85
26 86
30 93
30 94
90 92
36 1
1 35
2 37
2 38
32 16
32 97
32 98
16 65
16 66
18 69
18 70