0 14 85 44 17 46 1 41 15 2 71 29 12 51 37 16 28 73 95 19 3 7 24 43 45 9 31 90 63 78 94 93 5 11 33 87 34 35 59 48 89 91 21 20 8 38 50 62 56 58 30 49 18 22 66 86 36 40 81 54 76 27 74 67
0 14
0 85
14 44
85 17
85 46
44 21
44 22
46 34
46 89
46 27
1 41
41 19
15 2
15 71
71 19
71 35
29 12
29 51
51 21
37 16
37 28
37 73
37 95
28 63
28 30
95 18
3 7
7 24
7 43
7 45
24 20
45 78
9 31
9 90
90 11
90 21
63 78
63 94
78 87
78 35
78 50
93 5
93 11
93 33
93 87
87 59
35 54
48 89
91 21
21 36
8 38
38 50
62 56
62 58
56 30
30 49
66 86
86 40
40 81
81 54
81 76
76 74
74 67