0 37 49 51 53 54 56 59 60 64 65 66 67 68 69 74 75 76 78 79 80 82 83 14 8 58 16 26 28 71 30 35 77 40 41 42 45 1 29 32 87 92 96 84 2 86 4 88 6 90 98 18 3 33 23 47 11 13 34 39 20 27 9 43 17 22 48 46
0 37
0 49
0 51
0 53
0 54
0 56
0 59
0 60
0 64
0 65
0 66
0 67
0 68
0 69
0 74
0 75
0 76
0 78
0 79
0 80
0 82
0 83
37 14
53 8
60 16
67 26
69 28
74 35
78 41
79 42
82 45
14 58
14 96
14 18
14 17
8 90
16 23
16 46
26 3
28 47
28 39
71 30
30 40
30 46
35 20
35 43
35 48
77 40
42 2
45 6
45 13
1 29
1 32
1 87
1 92
1 96
84 2
86 4
4 23
88 6
98 18
3 33
47 11
34 39
20 27
9 43
22 48