0 61 62 63 64 65 66 67 68 69 70 71 73 74 75 76 77 78 79 80 81 82 83 84 85 86 87 88 89 90 91 92 93 94 95 96 97 98 99 1 2 5 6 7 9 10 11 12 13 17 18 19 20 21 23 24 25 26 27 29 30 31 32 33 34 35 36 37 40 41 42 43 44 38 58 28 14 55 16 56 22 3 47 57 4 51 39 59 54 8 45 46 52 50 49 60 15 72 53 48
0 61
0 62
0 63
0 64
0 65
0 66
0 67
0 68
0 69
0 70
0 71
0 73
0 74
0 75
0 76
0 77
0 78
0 79
0 80
0 81
0 82
0 83
0 84
0 85
0 86
0 87
0 88
0 89
0 90
0 91
0 92
0 93
0 94
0 95
0 96
0 97
0 98
0 99
61 1
62 2
63 5
64 6
65 7
67 9
68 10
69 11
70 12
71 13
73 17
74 18
75 19
76 20
77 21
79 23
80 24
81 25
82 26
83 27
84 29
85 30
86 31
87 32
88 33
89 34
90 35
91 36
92 37
95 40
96 41
97 42
98 43
99 44
1 38
1 58
2 28
5 14
9 55
18 16
18 56
18 22
20 3
27 47
27 57
31 4
32 51
33 39
36 59
36 54
37 8
37 45
37 46
37 52
41 50
42 49
43 60
28 15
14 72
57 53
59 48