0 25 24 62 63 64 65 67 68 70 71 72 73 74 76 77 78 79 81 82 83 87 88 89 92 94 97 99 1 36 46 43 3 33 44 4 8 5 10 37 52 31 9 58 11 28 56 13 14 38 15 41 16 55 40 17 45 20 18 22 21 29 54 27 30 34 50 53 39 57
0 25
0 24
0 62
0 63
0 67
0 68
0 70
0 71
0 72
0 74
0 76
0 77
0 78
0 79
0 81
0 82
0 83
0 87
0 89
0 92
0 94
0 97
0 99
25 9
24 54
24 41
64 4
65 5
68 8
71 13
73 15
74 16
77 20
82 28
88 36
89 39
92 43
97 50
99 52
1 36
1 46
1 43
3 33
3 44
44 4
44 18
4 8
5 10
5 37
37 30
37 53
37 41
52 21
31 17
9 58
9 11
58 57
11 56
14 38
38 27
15 41
16 55
16 40
17 45
17 20
18 22
22 29
27 30
34 50