93 6 79 27 63 10 21 84 60 32 86 18 11 15 1 8 19 34 48 31 67 39 49 91 70 12 69 65 23 58 30 74 52 99 26 24 50 61 9 76 55 62 73 4 42 53 90 37 2 47 66 20 54 22 13 28 35 5 82 16 41 44 7 29 17 43 14 85 94 46 83 97 72 45
93 6
93 79
6 27
6 63
79 10
27 21
27 84
84 60
84 32
84 86
60 18
60 11
32 15
18 1
18 8
18 19
18 34
11 48
11 31
15 67
15 39
1 65
8 58
8 30
8 74
19 52
34 99
48 12
48 69
31 55
67 4
67 42
67 53
39 90
39 37
49 91
91 70
70 12
65 23
23 26
30 24
52 50
99 61
24 9
61 76
55 62
62 73
73 47
73 54
53 17
90 14
90 85
2 47
2 66
66 20
20 22
20 13
54 28
54 35
22 5
28 82
28 16
82 41
82 44
41 7
44 29
17 43
14 94
94 46
46 83
83 97
97 72
97 45