0 10 21 26 27 1 23 16 29 30 2 33 3 11 34 35 4 13 38 39 5 9 40 42 44 45 7 8 46 47 48 15 49 50 18 52 54 55 57 58 60 12 62 63 19 65 66 14 68 69 72 75 17 76 79 80 24 83 84 87 88 89 91 94 95 96 97
0 26
0 27
10 55
10 57
21 88
21 89
26 44
27 34
1 29
1 30
23 94
23 95
23 96
16 75
30 94
2 33
33 96
3 34
3 35
11 58
11 60
35 40
35 68
4 38
4 39
13 65
13 66
38 45
39 72
5 40
5 42
9 52
9 54
45 97
7 46
7 47
7 48
8 49
8 50
46 76
47 60
15 72
50 88
18 79
18 80
52 91
54 84
55 89
57 83
58 83
12 62
12 63
62 89
19 83
19 84
65 91
14 68
14 69
68 87
75 87
17 76
80 94
24 97
83 95
83 87
84 97