82 89 92 1 11 29 33 70 2 37 3 52 61 63 4 21 71 5 7 53 79 6 8 66 99 35 83 9 16 62 13 58 23 24 41 12 22 25 28 43 68 74 48 98 31 67 17 40 42 50 56 19 34 47 20 36 39 45 46 55 90 27 85 96 30 32 73 54 49 51 38 88 93 84 44 94 91 86
82 56
82 96
89 27
89 54
92 3
92 86
1 70
11 61
29 2
29 6
29 39
29 66
33 3
33 70
70 40
70 41
37 16
37 49
37 51
52 74
61 8
61 12
63 6
63 16
4 21
21 99
71 8
5 79
7 99
53 9
53 38
79 44
79 68
8 35
8 83
66 20
66 43
66 74
99 12
99 25
35 24
9 16
9 62
16 25
16 67
62 58
13 43
23 24
41 42
22 50
22 90
25 48
28 17
68 36
48 31
48 98
98 40
31 73
17 40
50 85
19 34
34 54
47 30
47 32
47 93
20 36
39 96
45 84
46 54
55 94
90 54
27 96
85 91
85 94
38 88
38 93
88 84