0 49 84 29 1 15 86 74 3 44 10 52 5 35 7 8 46 9 81 11 65 12 37 85 16 54 83 18 19 79 20 21 31 22 45 62 23 75 25 28 61 90 67 91 36 92 63 39 40 68 48 50 56 72 57 59 66 60 77 64 73 69 82 70
0 49
0 84
0 31
49 46
49 50
84 56
84 82
29 61
29 73
1 15
1 40
1 62
15 72
86 83
86 64
74 65
3 10
44 21
44 77
10 81
52 91
52 73
5 18
5 67
35 91
35 75
7 9
8 46
46 20
46 23
9 67
81 72
11 65
65 25
65 56
12 37
37 16
85 75
16 83
54 68
83 90
18 73
19 79
19 21
21 31
21 68
22 45
22 62
75 69
25 63
28 63
61 92
90 66
36 63
92 39
68 48
68 73
56 72
72 64
57 73
59 66
60 77
64 70