0 1 91 2 90 3 4 5 6 7 8 11 12 13 68 14 15 16 17 18 19 20 21 22 23 24 25 26 27 28 29 30 31 32 33 34 35 36 60 37 61 38 85 39 84 89 40 83 87 41 86 42 43 44 62 80 63 79 64 65 69 70 71 81 72 82 73 76 92 94 93 95 56 46 58 57 48 50 51 52 54
0 1
0 91
1 2
91 90
2 3
90 40
3 4
4 5
5 6
6 7
7 8
11 12
12 13
12 68
13 14
14 15
15 16
16 17
17 18
18 19
19 20
20 21
21 22
22 23
23 24
24 25
25 26
26 27
27 28
28 29
29 30
30 31
31 32
32 33
33 34
34 35
35 36
35 60
36 37
60 61
37 38
37 85
61 62
61 80
38 39
38 84
85 89
39 40
39 83
84 87
89 56
40 41
83 86
41 42
42 43
43 44
62 63
80 79
63 64
64 65
64 69
69 70
70 71
70 81
71 72
81 82
72 73
72 76
82 92
92 94
94 93
94 95
56 46
46 58
46 57
46 48
46 50
46 51
46 52
46 54