0 4 6 8 10 11 12 14 15 16 18 21 22 23 24 25 26 27 28 31 32 33 34 41 42 45 46 49 50 53 54 2 57 58 61 62 65 66 69 70 76 77 78 30 81 82 85 86 89 90 97 98 35 36 37 38 20 73 74 93 94
0 4
0 6
0 8
0 10
0 11
0 12
0 14
0 15
0 16
0 18
0 21
0 22
0 23
0 24
0 25
0 26
0 27
0 28
0 31
0 32
0 33
0 34
4 41
4 42
6 45
6 46
8 49
8 50
10 53
10 54
12 2
12 57
12 58
14 61
14 62
16 65
16 66
18 69
18 70
21 76
22 77
22 78
24 30
24 81
24 82
26 85
26 86
28 89
28 90
32 97
32 98
33 35
34 36
2 37
2 38
76 74
30 93
30 94
20 73
20 74