0 45 80 10 73 97 64 1 94 35 67 2 7 37 98 6 87 14 20 65 22 19 82 23 96 68 85 8 52 5 9 12 53 26 33 59 15 78 40 90 39 89 77 55 84 57 95 71 48 36 43 24 62 79 25 18 93 17 34 32 63 81 83
0 45
0 80
0 10
45 73
10 97
73 64
97 83
64 85
1 94
94 35
94 67
35 2
35 7
67 37
2 65
2 82
7 95
7 33
7 48
37 98
37 6
37 87
6 14
20 65
20 22
65 19
23 96
23 68
96 85
96 8
96 52
68 5
68 9
52 36
12 53
53 26
26 33
26 59
33 32
15 78
78 40
78 90
40 89
39 89
39 77
39 55
39 84
77 57
55 95
55 71
95 36
36 43
36 24
24 34
62 79
79 25
25 83
18 93
18 17
17 34
34 63
63 81