0 1 2 4 48 19 45 47 5 8 9 55 7 6 89 58 28 85 10 12 14 11 63 53 60 64 18 16 20 22 23 87 21 73 88 24 82 83 26 29 27 75 42 25 32 34 33 31 30 49 81 98 99 80 35 37 39 43 38 44 62 74 40 41 84 46 70 71 56 59 57 90 91 68 67 69 66 94 77 79 86 92 97 96
0 1
1 2
2 4
4 48
48 19
48 45
48 47
19 18
45 49
45 46
47 70
5 8
5 9
5 55
8 7
9 6
9 89
55 58
89 28
89 85
58 59
28 25
85 86
85 88
10 12
10 14
12 11
11 63
11 53
63 60
63 64
64 57
18 16
20 22
20 23
20 87
22 21
23 73
87 88
21 24
21 82
82 83
83 84
83 80
26 29
26 27
26 75
75 42
42 62
32 34
32 33
34 31
33 30
33 49
33 81
31 98
81 80
98 99
99 97
35 37
35 39
37 43
39 38
43 44
44 40
62 74
74 70
40 41
41 84
70 71
56 59
56 57
56 90
90 91
91 66
91 94
68 67
67 69
69 66
94 92
77 79
77 86
97 96