1 49 62 5 4 80 29 55 9 2 91 28 54 3 12 69 94 13 26 21 8 11 92 30 23 44 24 42 7 10 39 52 15 51 32 71 25 38 66 31 22 67 85 81 63 74 87 90 57 73 27 56 48 75 6 77 93 86 19 18 20 61 17 35 60 16 36 34 78 64 83 88 79 84
1 49
1 62
1 5
1 4
1 80
1 29
62 55
5 9
4 2
29 91
9 28
9 54
2 3
2 12
2 69
2 94
91 13
91 26
3 21
12 8
12 11
94 92
94 30
94 23
13 44
26 24
21 42
8 7
11 10
11 39
11 52
92 15
92 51
23 32
24 71
24 25
7 38
7 66
10 31
52 22
52 67
15 85
32 81
32 63
71 74
25 87
38 90
31 57
22 73
22 27
22 56
22 48
85 75
74 6
75 77
6 93
93 86
86 19
19 18
19 20
19 61
18 17
20 35
61 60
17 16
35 36
35 34
16 78
36 64
36 83
64 88
64 79
83 84