0 2 6 8 10 14 16 17 18 20 27 33 34 37 38 45 46 49 50 1 9 12 22 26 28 29 32 53 54 61 62 65 66 69 70 24 73 74 35 36 4 41 42 85 86 52 57 58 31 77 78 89 90 97 98 81 82 95 30 93 94
0 2
0 6
0 8
0 10
0 14
0 16
0 17
0 18
0 20
0 27
0 33
0 34
2 37
2 38
6 45
6 46
8 49
8 50
10 1
10 9
10 12
10 22
10 26
10 28
10 29
10 32
10 53
10 54
14 61
14 62
16 65
16 66
18 69
18 70
20 24
20 73
20 74
33 35
34 36
50 52
12 57
12 58
22 31
22 77
22 78
26 4
26 85
26 86
28 89
28 90
32 97
32 98
24 81
24 82
4 41
4 42
31 95
95 93
30 93
30 94