0 27 9 46 15 12 2 33 10 45 7 58 63 85 67 69 49 32 48 42 70 4 64 93 5 87 25 55 89 17 28 11 90 18 34 50 6 88 65 60 31 82 14 3 1 13 54 52 59 96 72 80 62 29 81 30 95 56 22 71 97 20 19 23 68 8 41 26 37
0 27
0 9
27 46
9 15
9 12
46 2
46 33
12 10
12 45
12 7
12 58
12 63
12 85
2 67
2 69
2 49
2 32
2 48
2 42
2 70
33 4
7 64
7 93
7 5
85 87
85 25
69 55
48 89
42 17
70 28
4 11
93 90
5 18
5 34
5 50
5 6
5 88
5 65
5 60
87 31
87 82
55 29
89 81
89 30
28 95
90 22
18 3
34 96
6 72
6 80
65 62
31 71
82 97
14 3
3 1
3 13
1 54
1 52
1 59
96 20
96 19
96 23
72 68
80 8
62 41
29 56
97 37
19 26