0 14 25 26 1 3 28 29 2 17 31 32 7 18 15 36 4 8 37 38 39 19 42 12 22 43 45 46 47 51 52 53 10 24 55 56 57 11 59 60 61 63 13 21 64 66 23 67 69 70 71 72 16 73 74 75 76 78 79 80 81 82 83 85 87 88 89 90 92 93 94 95 97 98
0 25
0 26
14 67
14 69
26 75
1 28
1 29
3 36
28 87
2 31
2 32
17 76
17 78
31 60
31 45
32 72
7 46
7 47
18 79
18 80
18 81
15 70
15 71
15 72
36 53
4 37
4 38
4 39
8 51
37 51
38 73
19 82
19 83
42 61
12 61
12 63
22 92
22 93
43 47
43 63
43 95
45 87
52 66
52 67
53 55
10 55
10 56
10 57
24 97
24 98
55 79
56 67
56 76
57 73
57 90
11 59
11 60
59 88
13 64
13 66
21 88
21 89
21 90
23 94
23 95
67 98
69 82
71 92
16 73
16 74
16 75
78 95
85 88