0 25 45 76 14 67 68 69 29 63 36 5 40 97 8 51 90 30 6 17 1 15 70 96 4 37 38 39 47 52 2 32 33 64 81 3 34 35 59 44 82 13 18 7 12 61 62 56 74 11 71 19 23 94 73 78 83 24 88 84 99 75 10 48 53 58 60 20 86 9 16 21 54 92 22 72 98
0 25
25 45
25 76
45 30
45 6
76 17
14 67
14 68
14 69
68 29
68 63
69 36
63 12
36 38
36 3
5 40
40 97
97 24
97 88
8 51
51 90
90 86
90 21
30 1
17 78
15 70
70 96
96 23
4 37
4 38
4 39
39 47
39 52
47 33
47 7
2 32
2 33
32 64
32 81
64 13
81 18
3 34
3 35
34 59
35 44
35 82
59 11
59 71
82 19
7 48
12 61
12 62
61 56
62 74
56 10
74 16
11 58
11 60
19 83
19 84
23 94
94 73
73 16
78 83
83 99
24 99
24 98
88 21
84 75
99 72
48 53
53 9
20 86
9 54
54 92
92 22