0 17 23 57 8 33 60 73 40 87 95 10 24 44 97 78 7 22 18 91 34 55 3 12 36 53 1 29 50 83 85 96 27 66 69 56 90 79 88 94 25 58 74 11 98 67 41 99 49 48 68 13 92 28 63 16 37 45 65 39 2 43 51 46 61 26 19 89 76 6 72 42
0 17
17 23
17 57
23 8
23 33
23 60
8 73
33 87
60 95
73 40
40 10
95 97
95 13
95 28
10 29
10 94
10 25
10 58
10 74
24 44
44 97
78 7
7 22
22 18
18 13
18 92
91 34
91 55
34 3
34 12
12 36
12 53
36 45
53 89
1 29
1 50
1 83
1 85
1 96
29 27
29 66
50 69
85 56
85 90
96 79
96 88
27 11
69 98
90 67
79 41
79 99
88 49
88 48
88 68
94 2
94 43
99 51
49 16
49 37
49 45
48 46
28 63
37 65
45 39
39 26
43 61
51 72
61 19
26 76
19 42
6 72