0 49 5 2 65 4 74 6 7 36 8 12 32 10 90 11 18 13 14 42 15 71 17 40 81 19 70 20 21 33 22 23 24 25 85 27 63 28 31 29 41 30 72 69 34 35 62 37 38 39 44 46 73 47 48 50 84 60 52 54 55 57 59 86 82 66 68 75 93 76 78 80 83 91 94
0 49
49 4
5 74
5 78
2 65
2 93
65 66
4 54
74 21
6 7
7 36
7 8
36 62
8 12
8 30
12 76
12 13
32 30
10 11
90 57
90 15
90 91
11 18
11 23
11 34
11 44
11 52
18 81
14 42
42 40
42 70
42 69
42 41
15 71
15 39
71 93
71 70
17 40
81 80
81 82
19 70
19 20
70 22
70 31
21 33
33 69
22 23
23 24
24 48
24 83
25 85
85 50
85 86
27 63
63 62
28 31
31 72
31 30
29 30
30 59
35 62
37 38
37 47
46 73
73 84
47 86
47 48
50 84
60 59
54 75
54 94
54 55
68 75
75 76