0 25 26 89 21 88 90 83 35 93 1 28 30 39 94 6 43 44 45 65 82 81 36 4 2 32 60 55 15 70 71 72 68 14 67 69 49 11 10 3 34 41 97 57 73 5 63 18 91 13 64 66 79 8 50 51 80 17 77 19 7 47 99 58 59 24 54 16 12 62 22 74 84
0 25
25 26
25 89
89 21
89 35
21 88
21 90
88 83
90 93
83 99
35 3
35 97
35 81
93 22
1 28
1 30
28 39
30 94
39 36
39 4
6 43
6 44
6 45
43 65
44 82
44 81
82 73
82 19
81 63
81 18
81 91
36 3
2 32
32 60
32 55
60 11
55 10
15 70
15 71
15 72
71 68
68 14
14 67
14 69
67 49
49 8
11 58
11 59
10 57
3 34
34 41
41 5
57 73
73 77
73 54
73 16
63 12
18 80
18 79
13 64
13 66
64 79
8 50
8 51
50 80
17 77
19 84
7 47
47 99
99 24
16 74
12 62