0 36 61 62 63 64 65 66 67 68 69 70 71 72 73 74 75 76 77 78 79 80 81 82 83 84 85 86 87 88 89 90 91 92 93 94 95 96 97 98 99 1 3 5 6 8 10 11 12 14 15 16 17 18 19 20 21 26 28 29 31 32 33 34 37 39 41 42 43 44 45 46 48 50 51 52 55 57 40 47 22 7 13 49 54 27 24 4 38 25 35 58 30 53 2 23 56 9 59 60
0 36
0 61
0 62
0 63
0 64
0 65
0 66
0 67
0 68
0 69
0 70
0 71
0 72
0 73
0 74
0 75
0 76
0 77
0 78
0 79
0 80
0 81
0 82
0 83
0 84
0 85
0 86
0 87
0 88
0 89
0 90
0 91
0 92
0 93
0 94
0 95
0 96
0 97
0 98
0 99
61 1
62 3
63 5
64 6
65 8
66 10
67 11
68 12
69 14
70 15
71 16
72 17
73 18
74 19
75 20
76 21
78 26
79 28
80 29
81 31
82 32
83 33
84 34
85 37
86 39
87 41
88 42
89 43
90 44
91 45
92 46
93 48
94 50
95 51
96 52
97 55
98 57
3 40
8 47
10 22
12 7
15 13
16 49
19 54
29 27
31 24
42 4
43 38
50 25
50 35
52 58
57 30
7 53
13 2
54 23
54 56
4 9
25 59
56 60