0 27 83 22 91 92 93 40 19 1 28 29 30 60 42 45 56 47 12 61 62 63 95 7 46 48 65 76 11 5 6 66 2 31 43 44 51 34 3 35 36 37 73 53 16 74 86 4 9 94 39 52 54 82 55 21 88 89 90 80 41 71 15 20 85 87 13 17 8 50 77 10 68 23
0 27
27 83
83 19
22 91
22 92
22 93
93 40
40 5
19 82
1 28
1 29
1 30
28 60
29 42
30 45
30 56
30 47
60 11
42 5
45 6
45 66
47 7
47 76
12 61
12 62
12 63
63 95
95 23
7 46
7 48
46 65
65 13
76 17
5 41
6 43
6 44
2 31
31 43
43 51
44 34
34 3
34 37
3 35
3 36
35 73
35 53
37 4
73 16
73 86
53 9
53 94
16 74
86 87
4 39
9 52
9 54
94 23
52 82
54 55
82 89
55 10
55 68
21 88
21 89
21 90
90 80
41 71
71 15
20 85
20 87
17 77
8 50
50 77