0 30 36 37 34 45 46 47 48 49 50 51 52 53 54 55 57 58 59 62 63 64 65 66 67 69 70 71 72 73 74 97 17 43 7 88 6 9 27 35 4 33 8 1 15 23 42 96 2 31 22 24 11 5 38 10 14 26 39 25 19 21 18 40 12 41 32
0 30
0 36
0 37
0 34
0 45
0 46
0 47
0 48
0 49
0 50
0 51
0 52
0 53
0 54
0 55
0 57
0 58
0 59
0 62
0 63
0 64
0 65
0 66
0 67
0 69
0 70
0 71
0 72
0 73
0 74
30 97
34 17
34 43
49 7
17 88
17 6
17 9
17 27
17 35
43 4
7 33
7 8
6 39
6 25
9 40
27 96
35 12
4 23
4 11
8 26
1 15
15 23
23 42
42 22
42 24
2 31
31 22
5 38
5 10
10 14
14 26
25 19
25 21
19 18
18 41
41 32