33 91 69 27 48 37 12 11 8 25 95 13 63 82 64 99 30 29 68 31 76 86 83 32 94 20 52 35 50 88 51 90 79 19 77 14 53 58 61 16 73 45 80 2 17 1 3 39 23 72 56 49 40 59 60 81 84 7 44 92 15 93 42 41 67 9 28 54 98 5 21 96 47 26
33 91
91 69
91 27
91 48
27 37
27 12
48 11
48 8
48 25
37 49
12 80
11 95
95 13
95 63
95 82
95 64
95 99
13 30
13 29
63 68
63 31
82 76
82 86
64 83
64 32
64 94
99 20
29 52
31 35
31 50
31 88
94 51
94 90
52 61
52 93
35 98
35 5
50 21
51 28
90 3
79 19
79 77
19 14
77 53
77 58
53 61
53 16
58 73
61 15
45 80
2 17
2 1
17 3
1 39
3 23
3 72
39 56
23 60
23 81
72 44
72 92
56 59
49 40
59 41
60 84
81 7
93 42
67 9
9 28
28 54
98 96
96 47
96 26