0 1 2 72 36 34 35 37 55 77 50 43 93 8 9 44 71 3 83 5 62 84 6 49 90 76 10 82 20 48 29 28 25 24 85 27 81 11 12 39 79 80 38 70 92 13 14 30 91 15 59 31 21 22 75 67 58 18 19 46 32 73 94 95 47 66 74 23 89 88 99 98
0 1
1 2
1 72
2 50
72 8
72 44
72 71
36 34
36 35
36 37
36 55
36 77
34 70
77 76
43 93
93 92
93 94
8 9
9 83
9 10
9 82
71 70
71 59
71 73
71 66
3 83
83 5
83 62
83 84
5 6
84 85
49 90
49 76
76 75
82 81
20 48
48 47
48 66
29 28
28 27
25 24
24 23
24 73
85 27
81 80
11 12
11 39
39 38
79 80
38 32
38 73
70 92
92 91
13 14
13 30
14 15
14 59
30 31
59 58
21 22
21 75
22 67
75 74
18 19
18 46
46 47
73 89
94 95
47 88
66 99
99 98