0 34 68 69 70 71 72 73 74 75 76 77 78 79 80 81 82 83 84 85 86 87 88 89 90 92 93 94 95 96 97 98 99 53 91 1 2 5 6 7 8 9 10 11 13 14 16 17 19 20 21 22 23 26 30 31 32 33 35 36 38 39 40 41 42 43 67 48 66 55 45 60 29 46 57 12 63 18 25 64 65 37 3 51 4 62 59 44 52 47 28 24 58 50 15 61 49 54 27 56
0 34
0 68
0 69
0 70
0 71
0 72
0 73
0 74
0 75
0 76
0 77
0 78
0 79
0 80
0 81
0 82
0 83
0 84
0 85
0 86
0 87
0 88
0 89
0 90
0 92
0 93
0 94
0 95
0 96
0 97
0 98
0 99
34 53
34 91
68 1
69 2
70 5
71 6
72 7
73 8
74 9
75 10
76 11
77 13
78 14
79 16
80 17
81 19
82 20
83 21
84 22
85 23
86 26
87 30
88 31
89 32
90 33
92 35
93 36
94 38
95 39
96 40
97 41
98 42
99 43
2 67
8 48
9 66
11 55
11 45
16 60
20 29
20 46
22 57
23 12
26 63
36 18
38 25
38 64
38 65
40 37
43 3
43 51
48 4
48 62
66 59
45 44
57 52
12 47
12 28
25 24
64 58
4 50
59 15
44 61
52 49
28 54
15 27
54 56