0 26 27 15 70 72 20 85 86 61 1 28 29 30 4 38 39 43 2 31 24 97 99 44 3 34 35 36 22 91 92 93 10 56 57 84 60 41 5 42 12 62 63 18 79 80 6 45 7 46 47 48 77 14 67 19 82 83 75 23 94 95 96 51 74 9 52 53 54 55 11 58 59 64 16 73 88 65 21 17 76 87
0 26
0 27
26 72
26 61
15 70
15 72
70 55
20 85
20 86
85 35
86 43
86 67
86 83
86 87
61 12
1 28
1 29
1 30
29 43
4 38
4 39
39 41
43 6
43 46
43 77
2 31
31 44
24 97
24 99
97 45
44 6
3 34
3 35
3 36
36 84
36 60
22 91
22 92
22 93
91 48
93 56
10 56
10 57
60 42
60 11
41 5
5 42
12 62
12 63
62 48
18 79
18 80
80 53
6 45
7 46
7 47
7 48
46 75
77 54
77 17
14 67
19 82
19 83
75 16
75 65
23 94
23 95
23 96
96 73
51 74
74 16
9 52
9 53
9 54
11 58
11 59
59 64
64 88
16 73
88 21
17 76