0 26 27 1 28 11 58 59 60 2 31 32 33 80 8 50 51 34 6 43 44 45 24 97 98 40 64 57 73 3 35 36 16 74 75 14 67 4 38 39 10 55 56 15 70 72 23 94 95 96 9 52 53 54 47 85 91 61 78 12 13 66 20 83 17
0 26
0 27
26 80
27 32
1 28
28 51
28 34
11 58
11 59
11 60
58 94
60 78
2 31
2 32
2 33
31 40
33 64
33 57
33 73
80 47
8 50
8 51
51 85
51 91
34 3
34 75
6 43
6 44
6 45
44 94
24 97
24 98
98 57
64 13
64 70
57 10
73 16
3 35
3 36
16 74
16 75
74 53
14 67
67 95
4 38
4 39
38 56
10 55
10 56
55 61
15 70
15 72
70 83
23 94
23 95
23 96
96 54
9 52
9 53
9 54
85 20
61 12
78 17
13 66