0 26 27 9 52 53 54 15 70 71 72 28 93 95 1 29 19 83 84 22 4 37 86 50 59 36 2 31 32 14 68 69 23 94 96 56 33 3 34 35 73 7 46 48 44 5 41 21 88 89 90 6 43 45 16 74 75 61 78 18 79 81 51 11 58 60 10 55 66 57 64 12 62 63 97 13 65 24 98 99 17 76
0 26
0 27
26 28
27 93
27 95
9 52
9 53
9 54
52 32
52 75
15 70
15 71
15 72
70 75
71 57
28 1
28 86
28 50
93 22
93 43
95 23
1 29
29 59
29 36
19 83
19 84
83 98
4 37
37 44
59 11
36 3
36 73
2 31
2 32
32 56
14 68
14 69
68 97
69 33
23 94
23 96
3 34
3 35
73 16
7 46
7 48
46 88
46 61
48 78
44 6
5 41
41 89
21 88
21 89
21 90
6 43
6 45
16 74
16 75
75 61
61 12
78 17
18 79
18 81
79 62
81 51
11 58
11 60
10 55
55 66
66 13
57 64
64 13
12 62
12 63
63 97
97 24
13 65
24 98
24 99
17 76