0 41 40 52 54 55 58 59 60 65 66 71 72 73 74 75 76 77 78 80 81 83 84 85 20 31 53 5 6 56 8 57 10 13 68 27 69 28 70 29 36 38 79 43 44 48 1 51 86 89 90 91 92 93 96 98 99 94 12 95 2 16 15 9 7 18 50 46 14 26 22 21 35 23 49
0 41
0 40
0 52
0 54
0 55
0 58
0 59
0 60
0 65
0 66
0 71
0 72
0 73
0 74
0 75
0 76
0 77
0 78
0 80
0 81
0 83
0 84
0 85
40 20
40 31
54 6
60 13
74 36
76 38
80 44
84 48
31 1
31 29
53 5
5 89
5 2
6 7
56 8
8 50
57 10
10 50
10 13
10 26
13 95
13 9
13 14
68 27
27 21
69 28
28 44
70 29
38 22
38 43
79 43
43 49
1 51
1 86
1 89
1 90
1 91
1 92
1 93
1 96
1 98
1 99
94 12
12 14
2 16
15 9
7 18
50 46
46 35
21 35
23 49