0 5 54 56 71 89 1 30 63 70 94 7 10 55 3 84 4 43 20 38 50 92 6 98 8 23 9 19 27 44 76 81 11 36 12 75 13 51 14 22 41 96 18 60 17 28 46 82 73 79 86 25 49 74 31 45 32 33 35 91 57 64 58
0 56
5 20
5 38
54 4
54 18
54 55
56 27
56 32
71 57
71 64
89 28
1 63
1 94
30 74
63 6
63 11
63 49
70 91
94 79
7 3
7 92
10 81
55 98
84 79
43 73
43 98
38 13
50 73
92 33
92 76
8 23
23 19
23 25
9 19
9 27
9 76
19 96
27 22
27 41
27 74
44 57
44 60
76 75
81 25
81 58
11 36
36 45
12 75
13 51
51 14
14 41
22 79
60 74
60 91
17 28
17 46
28 74
82 35
82 74
82 86
73 79
31 45