0 3 25 27 1 4 28 29 2 11 31 32 33 18 34 35 36 7 9 37 39 8 41 42 6 44 45 46 47 48 22 49 10 52 54 55 56 59 60 61 62 13 64 14 20 16 68 69 15 70 71 72 24 73 74 17 19 77 78 80 81 84 21 85 86 88 90 23 91 92 93 95 96 98 99
0 25
0 27
3 34
3 35
3 36
25 39
27 96
1 28
1 29
4 37
4 39
29 61
2 31
2 32
2 33
11 59
11 60
31 88
32 37
18 80
18 81
35 88
36 78
36 62
7 46
7 47
7 48
9 52
9 54
8 49
41 95
42 61
6 44
6 45
44 71
45 77
48 56
48 80
22 91
22 92
22 93
49 96
10 55
10 56
52 77
59 90
61 99
62 86
13 64
64 88
14 68
14 69
20 85
20 86
16 73
16 74
69 77
15 70
15 71
15 72
24 98
24 99
73 88
17 77
17 78
19 84
80 99
84 95
21 88
21 90
88 92
88 98
23 95
23 96