0 25 26 16 73 74 75 15 70 72 24 98 56 87 1 28 29 30 13 65 66 34 83 68 2 31 32 33 42 90 3 35 36 6 44 45 12 61 62 63 4 37 38 39 20 85 86 60 5 40 41 10 55 76 77 7 46 47 48 11 58 9 53 54 43 95 84 8 49 51 14 67 23 96 79 78 57 80 18 93
0 25
0 26
25 56
26 87
16 73
16 74
16 75
73 29
73 62
74 42
74 86
75 96
15 70
15 72
72 35
24 98
98 61
56 10
87 20
1 28
1 29
1 30
30 34
30 83
30 68
13 65
13 66
65 62
34 3
68 14
2 31
2 32
2 33
31 42
33 90
42 5
42 77
3 35
3 36
6 44
6 45
44 85
12 61
12 62
12 63
62 46
4 37
4 38
4 39
37 60
20 85
20 86
60 40
60 11
5 40
5 41
41 76
10 55
7 46
7 47
7 48
47 84
47 54
11 58
58 80
9 53
9 54
54 78
43 95
95 23
95 93
8 49
8 51
51 79
14 67
23 96
96 57
79 18
80 18