1 2 3 4 5 7 8 9 11 12 13 14 15 16 17 18 19 20 21 23 24 25 27 28 29 30 31 33 34 35 37 39 41 43 45 47 49 51 53 56 57 58 59 60 62 63 64 65 66 67 68 69 70 71 72 74 75 76 78 79 80 81 82 83 84 85 86 88 89 90 91 92 93 94 95 96 97
1 2
2 3
3 4
4 5
5 58
7 58
8 58
9 58
11 58
12 58
13 58
14 58
15 58
16 58
17 58
18 58
19 58
20 58
21 58
23 58
24 58
25 58
27 28
27 58
28 29
29 30
30 31
33 56
34 56
35 56
37 56
39 56
41 56
43 56
45 56
47 56
49 56
51 56
53 56
56 57
57 58
57 60
57 62
57 63
57 64
57 65
57 66
57 67
57 68
57 69
57 70
57 71
57 72
57 74
57 75
57 76
57 78
57 79
57 80
57 81
57 82
57 83
57 84
57 85
57 86
57 88
58 59
88 89
89 90
90 91
91 92
92 93
93 94
94 95
95 96
96 97