0 1 3 4 5 6 7 8 9 10 11 12 13 15 17 18 19 20 21 22 23 24 25 26 27 28 31 33 34 35 36 37 38 40 41 42 43 44 45 48 49 50 51 52 53 54 55 56 58 59 60 61 62 63 64 65 66 67 68 69 70 71 72 73 74 75 76 77
0 1
0 35
0 15
0 49
3 4
4 5
5 15
6 21
7 8
7 70
8 52
9 10
9 20
9 21
10 11
11 12
12 13
15 43
17 18
18 19
19 20
21 22
21 41
21 35
21 27
21 77
21 63
22 23
22 42
22 38
23 24
24 31
25 26
26 27
26 60
27 28
27 33
28 37
33 34
35 36
36 56
40 41
43 44
44 45
48 49
50 51
51 52
51 65
51 58
52 53
53 54
55 68
59 60
59 64
61 68
62 63
65 66
67 68
68 69
68 77
69 70
69 74
70 71
72 73
73 74
75 76
76 77