1 86 43 70 37 46 8 5 10 47 74 53 76 0 19 82 35 59 28 44 64 2 3 6 11 12 73 56 24 89 85 75 9 72 52 41 7 18 4 80 50 58 29 30 49 51 20 26 39 25 13 71 33 40 67 81 22 65 16 79 78 62 66 14 54 63
1 86
1 43
86 70
86 37
43 46
70 8
70 5
70 10
70 47
46 74
8 53
8 76
10 0
10 19
47 82
74 35
74 59
53 28
76 44
76 64
0 2
0 3
0 6
0 11
0 12
19 73
19 56
35 24
59 89
28 85
2 75
2 9
3 72
3 52
73 41
75 7
72 18
41 4
41 80
41 50
7 58
7 29
18 30
18 49
80 51
50 20
50 26
58 39
58 25
30 13
30 71
49 33
51 40
51 67
20 81
26 22
25 65
13 16
71 79
33 78
81 62
22 66
79 14
79 54
62 63