0 73 1 68 90 37 15 45 70 81 74 77 51 80 50 20 21 56 89 14 64 79 86 43 2 47 10 94 97 19 49 29 58 44 57 3 12 87 63 96 30 4 22 8 34 82 9 55 40 71 5 32 42 31 65 18 17 35 46 6 92 88 84 11 7 23 16 13
0 73
73 1
73 68
73 90
1 89
68 14
37 15
37 45
37 70
15 81
15 74
45 77
45 51
70 80
74 57
74 12
77 34
51 88
80 43
50 20
50 21
21 56
56 12
89 64
89 79
89 86
64 47
64 10
79 94
86 97
43 2
2 19
47 4
47 82
94 30
97 29
19 49
29 58
58 44
44 23
44 16
57 3
87 63
87 96
96 30
4 22
22 8
22 34
34 9
34 55
34 40
34 71
9 31
9 42
9 65
40 46
40 13
71 92
71 11
5 32
32 42
18 17
18 35
18 46
6 92
88 84
7 23