0 30 40 4 67 68 69 74 75 77 79 81 82 83 84 86 87 88 89 91 94 96 97 98 99 32 29 48 20 56 63 9 18 71 12 43 23 49 37 39 45 73 17 25 90 3 7 26 44 92 57 2 61 22 46 50 28 11 15 59 31 6 53 24 35 55 60 42 8 16 58 21 62 36 41 13 10
0 30
0 40
0 4
0 67
0 68
0 69
0 74
0 75
0 77
0 79
0 81
0 82
0 83
0 84
0 86
0 87
0 88
0 89
0 91
0 94
0 96
0 97
0 98
0 99
30 32
4 29
4 48
75 20
48 56
48 63
63 9
63 18
9 35
9 55
18 17
18 25
18 45
71 12
12 43
12 23
12 49
49 37
49 39
49 45
37 90
37 3
37 7
39 92
39 57
73 17
25 50
3 26
3 44
44 24
57 2
57 61
2 28
61 31
22 46
46 50
28 11
11 15
11 59
31 6
31 53
53 60
55 62
55 41
60 42
42 10
8 16
8 58
16 21
58 62
62 36
41 13