0 25 26 27 73 29 5 40 39 16 75 1 35 28 30 57 77 21 88 89 90 34 50 56 17 92 3 44 2 31 63 9 52 58 86 76 36 38 67 12 71 7 46 48 37 66 81 96 4 14 11 62 78 42 82 6 43 85 20 45 22 13 18 23 8 69 97 10 55 72 15 24 19
0 25
0 26
0 27
26 73
26 29
29 1
29 35
5 40
40 39
39 75
39 90
16 75
1 28
1 30
35 3
35 44
28 57
28 77
77 50
77 56
77 17
77 92
21 88
21 89
21 90
88 34
34 3
50 8
56 10
56 72
17 76
17 78
92 45
92 22
3 36
2 31
31 63
63 12
63 71
9 52
52 58
52 86
52 76
58 11
86 20
76 42
76 82
36 38
36 67
38 4
67 14
12 62
71 15
7 46
7 48
46 37
46 66
46 81
48 96
37 4
66 13
81 18
96 23
14 69
62 78
82 19
6 43
43 85
85 20
69 97
97 24
10 55