0 2 3 5 4 10 12 13 16 6 7 11 15 18 17 21 27 25 30 19 32 22 33 20 34 35 39 41 40 42 38 43 44 45 54 46 48 51 49 50 52 61 53 55 56 59 57 58 65 64 67 68 73 70 69 72 71 76 77 78 75 81 88 79 82 89 86 91 99 90 93 95 96 97
0 2
2 3
3 4
5 6
4 12
4 16
10 6
10 11
10 13
12 18
12 13
13 21
6 7
11 15
15 27
15 25
18 30
18 32
17 21
21 20
19 22
19 33
19 20
33 34
33 35
34 39
35 41
39 38
39 42
41 40
41 44
43 44
44 45
44 54
45 46
45 48
45 51
51 49
49 50
50 52
52 61
52 53
52 55
55 56
55 59
59 58
59 65
57 58
65 64
65 67
65 68
67 73
73 72
73 77
70 71
70 76
69 72
71 77
76 81
77 88
77 79
78 79
75 81
88 89
79 82
89 86
89 99
86 91
91 90
99 97
90 93
95 96
96 97