0 7 1 32 34 37 40 41 42 43 44 46 48 49 50 51 52 54 55 29 36 3 31 58 60 61 62 63 64 65 66 67 68 69 70 71 72 73 74 75 76 15 9 19 10 59 77 98 99 39 82 11 8 23 47 5 2 26 4 79 27 6 20 83 28 17 21 25 18 16 24 30
0 7
0 1
0 32
0 34
0 37
0 40
0 41
0 42
0 43
0 44
0 46
0 48
0 49
0 50
0 51
0 52
0 54
0 55
7 29
7 36
1 3
1 31
1 58
1 60
1 61
1 62
1 63
1 64
1 65
1 66
1 67
1 68
1 69
1 70
1 71
1 72
1 73
1 74
1 75
1 76
43 15
3 9
3 19
3 10
3 59
3 77
3 98
3 99
15 8
15 23
19 47
19 5
10 39
10 82
10 11
11 83
11 28
5 4
2 26
2 4
2 79
4 27
79 6
27 20
28 17
28 21
28 25
17 18
18 30
16 24
24 30