0 80 44 94 91 98 76 88 38 42 14 48 97 81 77 87 20 6 90 46 68 33 85 25 22 65 12 37 52 74 1 39 29 71 64 82 36 13 49 16 17 43 99 21 4 69 84 34 9 79 15 72 62 78 2 54 89 24 27 75 51 30 95 56 83 47 86 45
0 80
80 44
80 94
80 91
44 98
44 76
44 88
44 38
44 42
91 14
91 48
98 97
98 81
98 77
76 87
76 20
76 6
76 90
88 46
42 68
42 33
42 85
48 25
81 22
81 65
77 12
77 37
77 52
87 74
87 1
20 39
20 29
20 71
46 64
46 82
68 36
68 13
33 49
25 16
25 17
12 99
12 21
52 4
39 15
64 62
64 78
82 2
49 43
16 27
99 69
99 84
21 34
21 9
21 79
69 54
69 89
15 72
78 24
54 75
54 51
89 30
89 95
24 86
75 56
30 83
56 47
86 45