0 71 70 68 86 67 75 84 63 92 97 98 76 95 78 82 96 83 72 77 94 66 73 85 99 62 79 87 65 74 64 93 69 80 88 81 91 90 12 10 8 32 7 17 30 40 45 46 18 43 21 28 44 29 13 20 42 5 14 31 47 1 22 33 4 16 3 41 9 23 34 24 37 36 38 2 11 60 26 58 27 50 25 15 52 39 54 19 48 61 53 59 57 35 51 56 49 55 6 89
0 71
0 70
0 68
0 86
0 67
0 75
0 84
0 63
0 92
0 97
0 98
0 76
0 95
0 78
0 82
0 96
0 83
0 72
0 77
0 94
0 66
0 73
0 85
0 99
0 62
0 79
0 87
0 65
0 74
0 64
0 93
0 69
0 80
0 88
0 81
0 91
0 90
71 12
70 10
68 8
86 32
67 7
75 17
84 30
92 40
97 45
98 46
76 18
95 43
78 21
82 28
96 44
83 29
72 13
77 20
94 42
66 5
73 14
85 31
99 47
62 1
79 22
87 33
65 4
74 16
64 3
93 41
69 9
80 23
88 34
81 24
91 37
90 36
17 38
40 2
40 11
45 60
46 26
46 58
29 27
20 50
5 25
5 15
5 52
5 39
14 54
47 19
41 48
9 61
23 53
34 59
24 57
37 35
11 51
60 56
60 49
25 55
25 6
35 89