1 92 91 62 96 78 63 19 43 95 70 73 79 77 7 93 44 9 20 71 2 6 74 68 67 75 53 33 31 50 13 32 4 80 81 27 48 84 76 24 28 40 47 85 23 25 88 87 10 57 21 86 22 60 90 59 72 15 16 17 30 64 65 98 42 55 97 54
1 92
92 91
91 62
91 96
62 78
62 63
62 19
62 43
96 95
96 70
96 73
78 79
78 77
63 7
63 93
43 44
95 9
95 20
70 71
79 4
79 80
77 84
77 76
7 6
7 68
93 31
93 50
9 10
20 21
20 86
71 72
2 6
6 74
74 67
74 75
68 53
75 33
53 13
33 32
31 88
80 81
80 27
80 48
81 24
27 28
48 40
48 47
84 85
24 23
24 25
85 54
23 64
88 87
10 57
21 22
86 60
22 90
60 59
90 15
59 30
15 16
16 17
64 65
64 98
42 55
42 97
55 54