0 25 27 47 91 49 5 41 42 85 80 21 88 30 43 23 94 95 96 29 70 44 7 22 56 62 8 64 54 1 50 51 33 15 34 2 3 13 65 66 53 84 4 37 39 59 69 9 14 76 11 79 20 18 6 12 10 81 60 75 16 83 19 17 24 98 82
0 25
0 27
25 47
25 91
27 49
47 7
91 22
91 56
91 62
49 8
49 64
49 54
5 41
5 42
42 85
42 80
85 20
80 94
80 66
80 18
21 88
88 30
88 43
30 1
43 6
23 94
23 95
23 96
94 29
94 70
95 44
70 15
70 34
44 6
56 10
62 12
8 50
8 51
64 13
54 9
51 33
33 2
34 3
13 65
13 66
66 53
66 84
84 19
4 37
4 39
37 59
39 69
59 11
59 79
69 14
69 76
76 17
79 18
18 81
60 75
75 16
75 83
83 98
83 19
19 82
24 98