0 4 18 54 57 58 62 65 67 68 71 72 74 77 78 80 81 85 38 41 49 3 5 51 6 8 63 22 1 95 79 40 21 13 48 86 88 90 91 92 93 94 96 97 98 99 17 14 87 39 16 12 45 89 47 2 19 10 35 23 32 46 44 24 7 36 28 15 34 9 30 33 11 37 20 25
0 4
0 18
0 54
0 57
0 58
0 62
0 65
0 67
0 68
0 71
0 72
0 74
0 77
0 78
0 80
0 81
0 85
18 38
18 41
18 49
41 3
49 5
3 51
3 6
3 8
5 10
5 46
6 1
6 14
6 21
6 87
8 89
8 47
63 22
22 1
22 95
1 48
1 86
1 88
1 90
1 91
1 92
1 93
1 94
1 96
1 97
1 98
1 99
79 40
40 21
40 13
21 12
21 45
13 30
48 17
17 39
17 16
39 7
39 28
12 44
45 24
2 19
2 10
19 35
10 23
35 32
32 11
24 20
7 36
28 15
28 34
34 37
9 30
30 33
37 25