0 1 11 10 12 13 14 15 16 17 18 19 20 30 9 57 59 40 2 50 21 22 23 24 25 26 27 28 29 51 52 53 54 55 56 58 3 90 31 32 33 34 35 36 37 38 39 7 72 73 74 75 76 77 78 79 61 62 68 69 71 63 67 66 64 65 6 5 4
0 1
0 11
0 10
0 12
0 13
0 14
0 15
0 16
0 17
0 18
0 19
0 20
0 30
10 9
12 57
12 59
30 40
57 2
40 50
2 21
2 22
2 23
2 24
2 25
2 26
2 27
2 28
2 29
2 51
2 52
2 53
2 54
2 55
2 56
2 58
2 3
50 90
3 31
3 32
3 33
3 34
3 35
3 36
3 37
3 38
3 39
90 7
33 72
33 73
33 74
33 75
33 76
33 77
33 78
33 79
33 61
33 62
33 68
33 69
33 71
33 63
33 67
33 66
33 64
33 65
7 6
6 5
5 4