1 16 17 96 27 7 28 50 61 67 29 48 51 92 62 25 68 81 18 88 76 22 77 84 33 19 89 57 74 75 2 42 41 11 40 94 53 59 4 5 87 80 6 95 86 46 69 43 44 45 34 9 36 35 31 60 70 30 38
1 16
16 17
16 96
16 27
17 7
27 28
27 50
27 61
28 67
28 29
50 48
50 51
50 92
61 62
67 25
67 68
67 81
48 18
48 88
48 76
25 22
25 77
81 84
18 33
18 19
88 89
76 57
76 74
76 75
33 42
19 94
57 45
2 42
42 41
41 11
41 40
94 53
94 59
4 5
4 87
4 80
5 6
5 95
87 86
80 46
95 69
69 43
43 44
44 45
45 34
34 35
9 36
36 35
35 31
35 60
35 70
31 30
30 38