0 1 2 72 99 3 69 71 73 4 68 5 90 57 20 6 91 58 19 21 7 78 22 8 34 9 98 33 35 80 10 85 11 28 86 84 12 27 29 23 87 89 13 30 76 24 96 14 15 16 17 18 26 25 67 31 32 60 48 54 61 47 49 62 50 66 36 81 37 82 38 39 40 41 42 51 56 45 93 65 64
0 1
1 2
1 72
1 99
2 3
72 69
72 71
72 73
3 4
69 68
4 5
4 90
4 57
4 20
5 6
90 91
57 58
20 19
20 21
6 7
6 78
21 22
7 8
78 34
8 9
8 98
34 33
34 35
34 80
9 10
9 85
33 32
35 36
80 81
10 11
10 28
85 86
85 84
11 12
28 27
28 29
28 23
86 87
84 89
12 13
29 30
29 76
23 24
23 96
13 14
76 67
24 25
14 15
15 16
16 17
17 18
26 25
67 66
31 32
31 60
31 48
32 54
60 61
48 47
48 49
61 62
49 50
50 51
66 65
36 37
81 82
37 38
38 39
39 40
40 41
41 42
56 45
56 93
45 65
65 64