0 2 8 10 12 16 18 22 25 26 27 30 32 33 34 37 38 49 50 53 54 6 9 15 23 57 58 65 66 69 70 77 78 85 86 4 5 93 94 24 97 98 35 1 36 41 42 28 45 46 14 20 89 90 59 61 62 73 74 81 82
0 2
0 8
0 10
0 12
0 16
0 18
0 22
0 25
0 26
0 27
0 30
0 32
0 33
0 34
2 37
2 38
8 49
8 50
10 53
10 54
12 6
12 9
12 15
12 23
12 57
12 58
16 65
16 66
18 69
18 70
22 77
22 78
26 85
26 86
30 4
30 5
30 93
30 94
32 24
32 97
32 98
33 35
6 28
6 45
6 46
57 59
4 41
4 42
24 81
24 82
35 1
1 36
28 14
28 20
28 89
28 90
14 61
14 62
20 73
20 74