0 32 61 85 80 14 71 6 45 42 54 21 26 94 99 11 59 1 7 3 74 96 82 48 34 39 97 81 24 50 51 62 22 12 91 30 47 58 70 23 93 40 64 53 89 66 43 13 4 92 52 29 41 49 78 5 76 20 46 98 57 33 95 28 55
0 32
0 61
32 85
61 80
85 14
80 26
14 74
14 96
14 82
71 6
71 45
6 42
6 54
45 21
42 7
54 76
26 33
94 99
99 11
99 59
11 7
11 48
11 34
11 39
11 97
1 7
7 3
3 96
96 89
96 66
48 81
34 24
34 50
97 51
97 62
24 43
51 64
22 12
22 91
22 30
22 47
22 58
12 70
12 23
30 93
58 40
70 20
70 46
23 41
93 95
40 64
40 49
40 5
64 53
89 13
43 28
43 55
4 92
4 52
92 29
52 41
49 78
76 57
46 98