0 1 10 2 11 20 3 12 21 30 4 13 22 31 40 5 14 23 32 41 50 6 15 24 33 42 51 60 7 16 25 34 43 52 61 70 8 17 26 35 44 53 62 71 80 18 27 36 45 54 63 72 81 90 28 37 46 55 64 73 82 91 38 47 56 65 74 83 92 48 57 66 75 84 93 58 67 76 85 94 68 77 86 95 78 87 96 88 97 98
0 1
0 10
1 2
10 11
10 20
2 3
11 12
20 21
20 30
3 4
12 13
21 22
30 31
30 40
4 5
13 14
22 23
31 32
40 41
40 50
5 6
14 15
23 24
32 33
41 42
50 51
50 60
6 7
15 16
24 25
33 34
42 43
51 52
60 61
60 70
7 8
16 17
25 26
34 35
43 44
52 53
61 62
70 71
70 80
17 18
26 27
35 36
44 45
53 54
62 63
71 72
80 81
80 90
27 28
36 37
45 46
54 55
63 64
72 73
81 82
90 91
37 38
46 47
55 56
64 65
73 74
82 83
91 92
47 48
56 57
65 66
74 75
83 84
92 93
57 58
66 67
75 76
84 85
93 94
67 68
76 77
85 86
94 95
77 78
86 87
95 96
87 88
96 97
97 98