0 85 91 31 90 7 30 87 52 37 46 88 94 78 54 63 70 79 19 80 61 57 14 89 27 29 82 6 76 81 65 93 2 67 74 84 24 45 86 53 8 71 10 15 48 77 25 95 72 39 58 42 41 17 3 75 40 9 4 96 59
0 85
0 91
85 31
85 90
91 7
31 30
90 87
7 52
52 37
52 46
52 88
52 94
37 78
37 54
37 63
94 70
78 79
78 19
54 80
54 61
70 57
79 4
80 29
80 65
61 93
61 2
57 74
57 10
57 15
57 48
57 77
14 89
89 27
89 29
89 82
27 6
82 76
6 81
2 59
67 74
67 84
74 24
74 45
74 86
84 53
24 8
24 71
45 25
45 95
8 72
71 39
10 58
48 42
77 41
95 17
72 3
72 75
75 40
40 9
4 96