0 1 5 95 2 6 10 90 96 7 11 15 91 97 12 16 20 92 17 21 25 18 22 26 30 23 29 27 31 35 28 34 32 36 40 33 39 37 41 45 38 44 42 46 50 43 49 47 51 55 48 54 52 56 60 53 59 57 61 65 58 64 62 66 70 63 67 71 75 68 72 76 80 77 81 85 82 86 87
0 1
0 5
0 95
1 2
5 6
5 10
95 90
95 96
6 7
10 11
10 15
90 91
96 97
11 12
15 16
15 20
91 92
16 17
20 21
20 25
17 18
21 22
25 26
25 30
22 23
26 29
26 27
30 31
30 35
27 28
31 34
31 32
35 36
35 40
32 33
36 39
36 37
40 41
40 45
37 38
41 44
41 42
45 46
45 50
42 43
46 49
46 47
50 51
50 55
47 48
51 54
51 52
55 56
55 60
52 53
56 59
56 57
60 61
60 65
57 58
61 64
61 62
65 66
65 70
62 63
66 67
70 71
70 75
67 68
71 72
75 76
75 80
76 77
80 81
80 85
81 82
85 86
86 87