0 25 26 27 11 58 59 60 42 78 83 61 65 85 1 28 29 9 52 54 12 62 23 94 95 96 21 89 90 31 66 3 34 35 36 24 99 81 4 37 38 6 43 44 45 57 69 91 5 41 20 86 7 46 47 48 10 50 8 51 14 22 92 19 82 84 72 17 76 77 13 64 15 71 18 79 80
0 25
0 26
0 27
25 42
25 78
26 83
26 61
27 65
27 85
11 58
11 59
11 60
58 72
59 78
60 29
42 5
78 17
83 19
61 12
61 48
65 13
85 20
1 28
1 29
9 52
9 54
52 47
12 62
62 95
23 94
23 95
23 96
95 89
21 89
21 90
31 66
66 43
66 13
3 34
3 35
3 36
34 81
24 99
99 47
99 92
81 18
4 37
4 38
37 57
37 69
37 91
6 43
6 44
6 45
57 10
69 14
91 22
5 41
20 86
7 46
7 47
7 48
48 50
50 8
8 51
22 92
19 82
19 84
84 79
72 15
17 76
17 77
13 64
15 71
18 79
18 80