0 39 45 59 76 1 66 84 86 2 24 49 3 20 55 27 5 61 65 6 47 72 9 57 92 10 53 96 11 25 12 36 62 80 13 91 14 15 63 87 18 75 70 23 50 69 77 35 79 29 30 58 82 94 31 40 68 52 37 93 38 56 43 73 99 60 78
0 76
39 50
45 3
45 59
59 5
59 27
59 31
59 68
76 82
1 84
66 91
84 92
86 61
86 62
2 24
2 49
24 18
49 99
3 20
3 55
55 87
5 61
61 6
61 25
61 75
65 35
65 53
65 80
6 72
47 14
72 37
9 57
9 92
57 14
57 99
92 10
10 96
53 58
53 69
96 23
96 50
96 70
11 25
25 50
25 69
12 36
12 80
36 13
13 91
91 43
15 63
63 30
87 52
87 60
70 29
70 56
50 79
77 38
30 58
30 82
30 94
40 56
52 78
37 93
93 38
73 60