0 25 26 35 53 99 14 67 65 19 83 37 21 88 89 77 7 46 47 48 78 30 57 3 9 75 87 24 1 29 93 73 22 16 2 31 50 4 38 98 52 8 17 33 59 44 11 34 61 20 12 6 43 45 54 5 40 41 58 79 13 66 95 74 94 10 72 51 15 70 23 56 92 18 81 60 76
0 25
0 26
25 35
26 53
26 99
35 3
53 9
53 75
53 87
99 24
14 67
67 65
65 13
19 83
83 37
37 4
21 88
21 89
88 77
77 70
77 17
7 46
7 47
7 48
46 78
47 30
47 57
78 31
78 17
57 59
57 10
57 72
3 34
9 52
9 54
75 16
87 20
1 29
29 93
29 73
93 22
73 16
2 31
31 50
50 8
4 38
38 98
38 52
52 79
8 51
17 76
33 59
59 44
59 11
44 6
44 54
11 58
11 60
34 61
61 12
6 43
6 45
54 74
54 94
5 40
5 41
41 58
58 66
58 95
13 66
95 23
10 56
15 70
56 92
18 81
81 60