0 27 68 23 94 95 96 77 54 14 1 30 74 8 49 50 51 92 19 82 83 32 53 80 16 73 75 31 2 33 64 98 99 13 24 3 34 90 5 40 41 42 69 59 21 4 39 61 20 85 86 87 46 79 12 81 62 63 18 67 72 84 9 57 11 6 43 55 10 89 7 22 52 65 15 70 71 17 76 78
0 27
27 68
68 14
23 94
23 95
23 96
94 77
96 54
77 17
54 9
14 67
1 30
30 74
74 16
8 49
8 50
8 51
51 92
92 75
92 22
19 82
19 83
83 32
83 53
83 80
32 2
53 41
53 9
53 57
80 18
80 67
80 72
16 73
16 75
75 31
31 2
31 64
31 98
2 33
33 99
64 13
98 24
13 65
3 34
34 90
90 21
5 40
5 41
5 42
40 69
42 59
69 84
59 11
21 89
4 39
39 61
61 12
61 81
20 85
20 86
20 87
86 46
87 79
46 7
79 18
12 62
12 63
81 18
72 15
9 52
57 10
6 43
43 55
55 10
55 89
15 70
15 71
17 76
17 78