0 25 26 18 79 81 59 27 1 28 29 30 8 49 50 51 20 85 86 87 92 2 31 32 33 24 97 98 36 3 4 37 38 39 11 58 60 53 12 61 62 63 16 73 74 75 23 96 91 71 45 5 40 15 72 6 14 67 7 46 48 17 78 64 69 90 19 82 84 22
0 25
0 26
25 59
26 27
18 79
18 81
81 72
59 11
59 40
1 28
1 29
1 30
30 92
8 49
8 50
8 51
49 97
50 71
51 78
20 85
20 86
20 87
85 61
86 82
87 31
92 22
2 31
2 32
2 33
31 36
24 97
24 98
98 69
36 3
36 53
4 37
4 38
4 39
38 91
38 96
38 71
39 45
11 58
11 60
58 63
53 64
12 61
12 62
12 63
61 71
16 73
16 74
16 75
74 78
75 46
75 90
23 96
91 22
71 15
45 6
5 40
15 72
14 67
67 69
7 46
7 48
17 78
19 82
19 84