0 37 20 59 60 61 62 63 65 66 67 68 69 70 71 72 73 75 76 77 78 80 81 82 84 86 88 89 90 91 92 95 96 97 5 85 10 25 64 50 40 52 57 24 87 18 22 93 9 99 11 1 45 31 6 34 30 15 36 58 4 55 38 3 19 33 44 54 41 47 29 7 26 8 32 14 51 35 39 28 42 56 21 17
0 37
0 20
0 59
0 60
0 61
0 62
0 63
0 65
0 66
0 67
0 68
0 69
0 70
0 71
0 72
0 73
0 75
0 76
0 77
0 78
0 80
0 81
0 82
0 84
0 86
0 88
0 89
0 90
0 91
0 92
0 95
0 96
0 97
37 5
37 85
20 10
20 25
10 64
10 50
10 40
10 52
10 57
25 24
50 93
50 9
40 87
40 18
40 22
52 35
52 39
57 99
57 11
24 4
18 14
9 7
9 26
11 34
11 41
11 47
11 29
1 45
1 31
31 6
6 34
30 15
30 36
30 58
15 4
15 55
36 38
55 54
3 19
19 33
33 44
44 8
54 17
47 42
29 56
8 32
32 14
14 51
51 21
39 28