1 2 96 98 4 5 7 8 9 11 12 13 14 17 19 20 21 22 23 24 25 26 27 29 31 32 33 34 36 37 38 39 40 41 42 43 45 46 47 48 49 50 51 52 53 54 56 57 58 59 60 62 64 66 67 68 70 72 75 78 80 82 83 86 93
1 4
1 98
2 5
2 98
96 93
96 98
5 7
7 8
8 9
9 12
11 13
11 14
12 13
14 17
17 20
19 20
20 22
21 22
22 23
22 24
22 25
23 26
26 27
27 29
29 31
31 33
32 33
33 34
34 36
36 39
37 38
38 39
38 41
40 42
40 43
41 42
43 45
45 46
45 48
47 50
48 49
48 50
48 51
51 53
52 53
53 54
54 56
54 57
56 58
57 59
57 60
60 62
62 64
64 66
66 68
67 68
68 70
70 72
72 75
75 78
78 80
80 82
82 83
83 86