0 9 3 50 31 92 8 14 78 79 2 16 75 74 56 24 42 81 71 19 34 57 59 96 73 98 36 77 49 83 90 63 32 85 67 25 88 87 48 38 46 94 40 58 12 54 72 13 51 47 65 69 28 86 93 80 82 43 97 66 89 95 91 45 30 84
0 9
9 3
9 50
50 31
50 92
92 79
8 14
8 78
78 79
79 54
2 16
2 75
2 74
16 56
16 24
75 42
75 81
74 71
56 19
56 34
81 57
71 59
71 96
71 73
57 48
57 94
96 80
96 66
73 98
73 36
36 30
77 49
77 83
83 90
90 54
90 66
90 89
90 95
63 32
63 85
63 67
32 25
32 88
67 87
25 51
88 93
87 69
48 38
38 46
40 58
58 12
12 82
54 91
54 45
72 13
72 51
13 47
51 65
69 28
69 86
86 84
93 80
93 82
80 43
80 97