0 25 26 10 55 56 57 22 91 92 52 1 28 29 30 11 59 60 17 76 77 2 31 89 32 85 3 34 35 20 86 87 9 54 13 64 65 66 41 36 4 37 38 39 5 40 42 24 97 98 50 48 6 43 44 45 83 7 46 18 79 80 81 47 8 15 72 90 21 88 94 19 84 63 12 62 96 74 14 68 69 23 95
0 25
0 26
25 52
10 55
10 56
10 57
55 94
56 28
57 48
57 65
22 91
22 92
91 47
92 62
52 9
52 90
1 28
1 29
1 30
11 59
11 60
59 36
60 63
17 76
17 77
77 31
2 31
31 89
89 21
32 85
85 20
85 39
3 34
3 35
34 41
20 86
20 87
86 96
87 98
9 54
13 64
13 65
13 66
66 74
41 5
4 37
4 38
4 39
5 40
5 42
40 50
42 48
24 97
24 98
97 72
98 80
50 8
48 7
6 43
6 44
6 45
45 83
83 19
7 46
18 79
18 80
18 81
15 72
90 21
21 88
88 84
94 23
94 69
19 84
84 96
63 12
12 62
62 96
96 23
14 68
14 69
23 95