0 1 89 2 90 3 91 4 16 15 17 21 20 19 46 18 83 61 82 84 5 38 37 39 36 59 35 58 60 42 43 14 44 13 12 96 57 6 7 11 8 10 26 27 67 93 70 69 71 68 72 73 66 56 55 50 51 49 48 29 81 85 92 94 80 32 95 79 65 22 23 77 24 53 78 52 54 63 31 33 62
0 1
0 89
1 2
89 90
2 3
90 91
3 4
91 16
16 15
16 17
15 14
15 57
21 20
20 19
20 46
19 18
19 83
18 61
83 82
83 84
61 60
82 29
82 81
84 85
5 38
38 37
38 39
37 36
37 59
36 35
59 58
59 60
58 67
58 57
60 93
42 43
43 14
43 44
14 13
13 12
13 96
12 11
57 56
6 7
6 11
7 8
11 10
10 26
26 27
67 68
67 66
93 92
93 94
70 69
70 71
69 68
71 72
72 73
56 55
56 50
50 51
50 49
49 48
48 63
81 80
92 32
94 95
80 79
80 65
32 31
32 33
79 78
22 23
22 77
23 24
23 53
77 78
53 52
53 54
63 62