0 26 27 19 83 12 61 62 63 25 57 74 94 76 1 29 30 15 71 72 54 58 2 32 21 90 9 53 97 3 34 35 36 5 41 42 73 4 39 14 67 68 69 16 75 24 99 6 43 45 18 80 81 96 46 8 51 11 59 10 55 56 23 95 66 17 78 92 22
0 26
0 27
26 94
26 76
19 83
83 51
83 99
12 61
12 62
12 63
61 36
62 90
25 57
25 74
57 10
74 16
74 46
74 92
94 23
76 17
1 29
1 30
29 54
30 58
15 71
15 72
72 75
72 96
54 9
58 11
58 75
2 32
32 97
21 90
90 99
9 53
53 42
97 24
3 34
3 35
3 36
36 73
5 41
5 42
73 16
4 39
39 68
14 67
14 68
14 69
69 66
16 75
24 99
6 43
6 45
43 81
43 96
18 80
18 81
96 23
8 51
11 59
59 66
10 55
10 56
23 95
17 78
92 22