0 1 2 4 6 7 8 9 10 18 71 11 12 3 13 14 5 15 16 17 19 22 23 25 24 26 27 28 29 30 31 32 33 34 35 50 36 37 39 40 41 42 43 44 45 46 47 48 51 52 53 55 56 57 59 60 61 81 62 63 64 65 66 67 68 69 70 72 73 74 75 76 77 78 79 80 84 90 91
0 1
0 2
0 4
0 6
0 7
0 8
0 9
0 10
0 18
0 71
1 11
2 12
4 14
6 15
7 16
9 17
18 19
71 3
71 5
71 44
71 57
71 72
3 13
22 23
22 25
23 24
25 26
25 27
25 28
25 29
25 30
25 31
25 32
25 33
25 34
25 35
25 50
26 36
50 51
50 52
50 53
50 55
50 56
50 57
50 59
50 60
36 37
39 40
40 41
40 42
40 43
40 44
44 45
45 46
45 47
45 48
60 61
60 81
61 62
81 84
81 90
62 63
63 64
64 65
65 66
66 67
67 68
68 69
69 70
72 73
73 74
74 75
75 76
76 77
77 78
78 79
79 80
90 91