0 3 5 6 8 10 11 13 15 17 18 20 22 24 25 26 29 30 31 32 33 34 35 36 37 38 39 41 42 43 46 48 49 50 52 53 57 58 60 62 65 66 68 69 73 75 76 77 78 79 80 81 85 86 87 88 91 94 95 97
0 43
3 52
5 6
6 85
8 88
10 20
10 60
11 31
13 79
15 34
17 18
17 25
20 52
22 25
24 25
24 43
26 68
29 95
29 97
30 31
30 62
31 32
32 33
33 68
34 46
35 36
35 79
35 80
35 85
36 37
36 75
36 87
37 46
37 65
37 76
37 95
38 65
38 86
39 43
39 58
41 94
42 43
43 65
46 60
48 49
48 68
49 50
50 78
50 79
53 57
57 58
65 73
66 69
68 69
69 94
76 77
78 88
80 81
91 95