14 15 91 87 6 33 86 57 19 29 31 55 56 20 92 59 45 79 40 96 47 23 82 90 65 52 43 67 80 70 50 2 24 68 26 46 77 60 62 49 75 84 95 69 11 27 97 73 39 74 89 37 22 66 21 10 18 58 17 12 53 41 85 4 93
14 15
15 91
91 87
91 75
87 6
6 33
33 93
86 49
57 92
57 31
57 18
19 29
29 77
31 60
55 69
56 39
20 92
92 59
92 4
92 12
59 45
59 90
45 79
79 40
40 22
96 85
47 23
23 85
82 90
65 52
52 43
43 67
43 74
67 41
80 69
80 93
70 50
70 41
2 17
2 95
24 68
68 26
26 4
46 77
46 4
46 84
60 62
62 27
49 75
75 84
11 27
27 97
97 73
39 74
89 37
37 22
66 21
21 10
21 93
58 41
17 12
12 53
53 41
85 4