0 34 68 71 77 43 6 17 1 35 44 61 69 72 70 78 2 36 45 73 79 11 3 40 46 74 12 89 4 30 38 64 75 41 15 31 65 39 76 32 49 66 33 53 16 27 96 54 20 80 88 91 13 56 22 82 99 51 25 94 59 63 26 97 23 29 92 24 67 62
0 34
34 68
34 71
34 77
68 25
77 43
43 6
43 17
6 32
6 49
17 54
1 35
1 44
35 61
35 69
35 72
44 70
44 78
61 24
69 26
72 46
2 36
2 45
36 73
36 79
45 11
73 30
11 54
3 40
3 46
40 74
46 12
46 89
4 30
38 64
38 75
64 27
75 41
75 32
41 15
31 65
65 39
65 22
65 91
39 76
76 33
32 66
66 23
66 29
66 92
53 16
53 27
53 96
96 59
96 62
54 20
54 80
54 88
54 91
20 63
13 56
56 22
56 82
56 99
51 25
51 94
63 26
63 97
24 67