2 6 7 8 11 12 9 13 14 15 18 19 16 20 21 22 25 26 23 27 28 29 31 32 33 30 34 35 36 38 39 40 37 41 42 43 45 46 47 44 48 49 50 52 53 54 51 55 56 57 59 60 61 58 62 63 64 66 67 68 65 69 70 71 73 74 75 72 76 77 78 81 82 79 83 84 85 88 89 86 90 91 92 95 96 93 97 98
2 6
6 7
7 8
8 11
11 12
12 9
9 13
13 14
14 15
15 18
18 19
19 16
16 20
20 21
21 22
22 25
25 26
26 23
23 27
27 28
28 29
28 31
29 32
32 33
33 30
30 34
34 35
35 36
35 38
36 39
39 40
40 37
37 41
41 42
42 43
42 45
43 46
46 47
47 44
44 48
48 49
49 50
49 52
50 53
53 54
54 51
51 55
55 56
56 57
56 59
57 60
60 61
61 58
58 62
62 63
63 64
63 66
64 67
67 68
68 65
65 69
69 70
70 71
70 73
71 74
74 75
75 72
72 76
76 77
77 78
78 81
81 82
82 79
79 83
83 84
84 85
85 88
88 89
89 86
86 90
90 91
91 92
92 95
95 96
96 93
93 97
97 98