0 20 10 57 59 60 61 62 64 65 66 67 70 71 72 73 75 76 77 78 82 83 84 85 86 88 89 90 91 3 11 24 69 17 16 34 45 63 2 33 12 56 92 58 5 7 30 41 13 27 1 9 36 4 47 46 6 19 23 43 42 55 44 52 8 35 18 21 14 50 48 15 54 31 39 37
0 20
0 10
0 57
0 59
0 60
0 61
0 62
0 64
0 65
0 66
0 67
0 70
0 71
0 72
0 73
0 75
0 76
0 77
0 78
0 82
0 83
0 84
0 85
0 86
0 88
0 89
0 90
0 91
20 3
20 11
20 24
20 69
10 17
66 16
75 34
82 45
11 63
24 2
17 33
17 12
16 13
16 27
45 5
2 56
2 92
33 36
33 8
12 15
12 54
92 1
58 5
5 7
5 30
5 41
7 4
13 21
9 36
4 47
4 46
46 6
46 19
6 55
23 43
43 42
42 54
42 31
42 39
55 44
44 52
8 35
35 18
18 48
21 14
21 50
48 37