0 26 27 7 46 47 48 4 39 1 28 36 2 31 32 33 17 76 77 78 23 94 95 96 22 91 92 87 99 64 5 40 42 98 12 61 63 49 6 43 45 15 70 8 50 51 97 69 88 53 59 24 9 54 82 21 89 90 56 11 20 85 81 14 67 68 18 79 19 83 84
0 26
0 27
26 48
7 46
7 47
7 48
46 69
46 88
46 53
47 33
47 40
48 59
48 70
4 39
39 98
1 28
28 36
36 76
2 31
2 32
2 33
31 91
32 87
32 99
33 64
17 76
17 77
17 78
76 56
77 90
23 94
23 95
23 96
95 42
22 91
22 92
87 20
99 24
64 81
5 40
5 42
42 49
98 24
12 61
12 63
61 89
49 8
6 43
6 45
43 97
15 70
8 50
8 51
97 24
88 21
53 9
59 11
9 54
54 82
21 89
21 90
20 85
81 18
14 67
14 68
68 79
18 79
79 83
19 83
19 84