0 78 68 25 50 13 26 82 95 66 9 32 88 41 55 1 6 34 24 54 10 65 36 56 17 94 75 48 7 20 33 73 2 90 5 92 97 29 21 39 42 43 59 3 8 52 47 23 49 62 4 69 51 53 96 70 91 12 64 58 60 99 27 16 11 85 22 45 98
0 78
0 68
78 25
78 50
68 13
25 26
25 82
50 95
50 66
26 21
26 51
26 64
82 98
95 9
95 32
95 88
66 55
66 1
66 6
88 41
1 34
1 24
1 54
1 10
6 7
6 20
6 33
6 73
24 65
54 36
54 56
65 17
65 94
36 75
36 48
94 42
75 58
75 60
48 22
7 3
20 99
2 90
2 5
2 92
90 97
5 29
92 21
29 39
21 43
21 59
39 96
59 45
3 8
3 52
8 47
52 23
52 49
47 62
62 27
4 69
69 51
69 53
51 91
96 70
70 85
12 64
16 11
16 85