0 25 26 19 83 24 99 54 79 20 85 87 8 51 28 38 29 2 31 32 11 58 59 60 44 35 61 3 36 95 39 4 37 9 52 53 10 55 57 13 64 65 5 40 41 67 6 88 21 89 90 96 12 62 75 14 68 15 70 93 91 18 81 17 78 23 22
0 25
0 26
25 54
26 79
19 83
83 64
24 99
99 29
99 93
54 9
79 18
20 85
20 87
87 95
8 51
51 96
28 38
38 4
2 31
2 32
31 44
31 35
32 61
11 58
11 59
11 60
60 55
60 93
44 6
44 88
35 3
35 95
61 40
61 12
61 64
3 36
36 39
95 23
39 37
4 37
9 52
9 53
52 62
53 75
10 55
10 57
57 62
13 64
13 65
5 40
5 41
41 67
67 14
88 21
21 89
21 90
90 78
96 23
12 62
14 68
15 70
70 91
93 22
91 22
18 81
17 78