0 25 26 27 50 57 74 54 43 8 10 16 61 36 9 55 56 69 88 14 21 24 98 51 6 73 75 12 3 53 1 28 30 72 15 64 23 94 95 96 71 80 31 29 77 18 2 62 63 70 87 13 17 89 4 37 38 39 82 19 44 20 84 85 86 5 40 41 42 92 47 22 7 76 78 58 11 93
0 25
0 26
0 27
25 50
27 57
27 74
27 54
50 43
50 8
57 10
74 16
74 61
54 36
54 9
43 6
8 51
10 55
10 56
16 73
16 75
61 12
36 3
9 53
55 69
56 88
69 14
88 21
21 89
24 98
98 51
12 62
12 63
1 28
1 30
28 72
72 15
72 64
15 71
15 70
64 13
23 94
23 95
23 96
94 71
94 80
96 31
71 29
71 77
80 18
31 2
77 17
62 70
70 87
87 39
87 44
87 20
17 76
17 78
4 37
4 38
4 39
38 82
82 19
19 84
20 85
20 86
84 42
85 93
5 40
5 41
5 42
40 92
41 47
92 22
47 7
78 58
58 11