0 1 6 7 12 2 13 19 18 8 26 9 33 32 31 4 14 27 38 24 3 11 20 39 30 25 10 15 46 36 5 21 47 45 37 42 43 22 48 44 23 17 29 95 16 34 35 50 51 96 41 28 56 54 91 52 40 53 63 49 58 87 92 60 57 75 55 84 97 61 83 62 64 80 98 67 68 79 88 94 74 65 69 93 90 86 82 81 77 76 73
0 1
0 6
0 7
6 12
7 2
12 13
12 19
12 18
2 8
13 26
8 9
26 33
26 32
26 31
9 4
9 14
33 27
32 38
31 24
4 3
4 11
14 20
38 39
24 30
24 25
11 10
20 15
39 46
30 36
10 5
15 21
46 47
46 45
36 37
36 42
36 43
21 22
47 48
37 44
22 23
22 17
22 29
44 95
17 16
29 34
29 35
29 50
29 51
95 96
34 41
35 28
50 56
51 54
96 91
41 52
41 40
56 53
56 63
54 49
54 58
91 87
91 92
63 60
58 57
58 75
87 55
87 84
92 97
60 61
84 83
61 62
61 64
83 80
62 98
64 67
64 68
80 79
80 88
98 94
98 74
68 65
68 69
94 93
93 90
90 86
86 82
82 81
81 77
77 76
76 73