0 25 26 27 44 56 28 42 70 10 13 64 65 66 62 69 81 90 76 6 1 5 15 29 40 41 84 47 19 83 2 33 86 9 52 53 54 49 98 20 3 34 58 11 4 38 88 21 61 7 46 48 79 16 74 75 68 87 18 96 59 8 17 93 12 80 94 14 91 95 67 22 23
0 25
0 26
0 27
25 44
25 56
26 28
27 42
27 70
44 6
56 10
28 1
42 5
70 15
13 64
13 65
13 66
64 62
64 69
65 81
66 90
66 76
69 14
69 91
69 95
81 83
81 18
81 94
90 21
90 61
76 17
76 93
1 29
5 40
5 41
40 84
41 47
47 7
47 79
19 83
2 33
33 86
86 20
9 52
9 53
9 54
52 49
53 98
49 8
98 48
98 59
20 87
3 34
34 58
58 11
11 59
4 38
38 88
88 21
61 12
7 46
7 48
79 18
79 96
16 74
16 75
74 68
75 87
68 14
18 80
14 67
91 22
95 23