61 85 89 31 95 51 72 23 47 40 68 73 9 71 87 57 99 11 1 12 76 42 30 60 36 46 20 43 75 67 27 59 8 97 56 7 35 4 39 45 44 92 82 86 84 80 83 49 62 96 94 5 69 98 81 0 10 15 22 77 65 70 48 3 88 25 17 32 38 21
61 85
61 89
61 31
61 95
85 51
85 72
85 23
31 47
31 40
31 68
31 73
95 9
51 71
51 87
72 57
72 99
72 11
23 1
23 12
23 76
23 42
23 30
47 60
40 36
40 46
40 20
68 43
68 75
68 67
73 27
9 59
9 8
71 97
71 56
57 7
11 35
1 4
1 39
1 45
1 44
12 92
12 82
42 86
46 84
20 80
20 83
20 49
43 62
8 96
39 94
39 5
39 69
44 98
44 81
92 0
92 10
82 15
84 22
83 77
83 65
83 70
69 48
0 3
10 88
22 25
3 17
88 32
88 38
32 21