0 1 10 11 2 22 20 12 21 3 13 23 33 32 31 30 4 14 24 34 42 41 44 50 94 49 5 52 74 75 57 25 54 55 45 8 7 6 19 29 39 18 27 17 15 48 36 37 35 46 98 99 88 97 77 79 78 69 67 76 86 96 85 58 90 91 80 70 81 72 93 84 82 83 51 61 71 63 64 53 62
0 1
1 2
10 20
11 22
2 12
2 3
22 12
22 21
22 23
22 33
22 32
20 21
20 30
12 13
21 31
3 4
13 14
33 34
32 42
31 41
4 5
24 25
34 44
42 52
50 51
94 84
49 39
49 48
5 6
5 15
52 51
52 53
52 62
74 75
74 84
74 64
75 76
57 67
57 58
25 15
25 35
54 55
54 64
54 53
45 35
45 46
8 7
8 18
7 6
7 17
19 29
19 18
29 39
18 27
27 36
27 37
98 99
98 88
98 97
88 77
97 96
77 78
77 67
77 76
79 78
79 69
86 96
86 85
90 91
90 80
91 81
80 70
81 72
72 62
93 83
84 83
82 83
51 61
61 71
63 53