84 9 85 10 86 11 23 25 75 77 72 24 7 64 76 71 67 45 73 50 40 68 20 31 51 58 32 6 35 57 34 5 48 55 70 74 88 59 56 60 13 44 46 61 1 14 43 27 62 81 80 79 41 28 36 19 21 37 2 26 3
84 9
84 85
9 10
85 86
10 11
11 23
11 25
11 75
11 77
23 72
23 24
23 7
23 64
77 76
72 71
72 67
72 45
72 73
24 50
24 40
24 68
7 20
71 58
71 70
71 74
45 13
45 44
45 46
40 41
68 28
20 19
20 21
31 51
31 58
31 32
58 6
58 35
58 57
6 34
6 5
35 48
35 55
5 88
48 59
55 56
59 60
60 61
13 1
13 14
44 43
46 27
61 62
1 2
27 26
62 81
81 80
80 79
41 36
36 37
2 3