0 7 4 44 74 75 76 77 78 79 80 81 83 84 85 86 87 88 89 90 91 92 93 94 98 99 42 37 30 58 15 53 27 9 60 64 50 14 82 71 1 45 3 63 23 40 2 66 10 62 61 13 36 54 5 38 22 72 6 20 70 12 17 8 16 18 49 32 47 57 25 29 65 35 67 73 24 51 28 55 56
0 7
0 4
0 44
0 74
0 75
0 76
0 77
0 78
0 79
0 80
0 81
0 83
0 84
0 85
0 86
0 87
0 88
0 89
0 90
0 91
0 92
0 93
0 94
0 98
0 99
7 42
4 37
4 30
4 58
44 15
44 53
30 27
15 9
15 60
15 64
53 50
53 14
27 54
9 82
9 71
64 47
64 57
50 3
50 40
14 73
1 45
1 3
3 63
63 23
40 13
40 36
2 66
66 10
10 62
10 61
62 38
61 25
61 29
13 67
36 32
5 38
38 22
22 72
6 20
20 70
70 12
70 17
17 49
17 32
8 16
8 18
8 49
32 29
57 24
25 65
29 35
65 51
24 55
51 28
28 56