0 57 74 76 77 78 79 80 82 83 84 85 87 88 90 92 93 94 95 97 98 99 1 2 58 24 3 25 4 61 45 46 5 72 73 6 71 7 23 8 35 9 10 27 11 43 13 32 34 16 37 60 17 40 18 31 20 22 56 26 28 29 38 30 55 44 67 39 64 54 49 53 65
0 57
0 74
0 76
0 77
0 78
0 79
0 80
0 82
0 84
0 85
0 87
0 88
0 90
0 92
0 94
0 95
0 97
0 98
0 99
57 26
57 31
74 1
78 6
80 8
83 11
84 13
87 16
93 22
94 23
97 27
98 29
2 58
2 24
58 28
58 39
24 10
3 25
3 4
25 40
4 61
4 45
4 46
61 44
45 54
46 9
5 72
5 73
72 7
6 71
71 49
7 23
23 56
8 35
10 27
11 43
43 40
13 32
13 34
34 67
16 37
16 60
37 22
37 30
17 40
40 20
40 31
40 64
18 31
29 38
30 55
67 53
54 65