0 25 26 27 87 45 42 10 55 56 57 88 20 6 5 73 97 1 29 44 47 2 31 33 46 49 40 35 43 8 90 3 36 81 22 92 93 54 61 67 11 58 59 66 18 4 38 50 41 89 12 16 77 24 75 7 85 86 51 71 80 15 9 52 96 62 63 21 13 17 76 94 14 74 98 99
0 25
0 26
0 27
25 87
26 45
27 42
87 20
45 6
42 5
42 73
42 97
10 55
10 56
10 57
57 88
88 21
20 85
20 86
6 44
6 43
5 40
5 41
73 16
97 58
97 77
97 24
1 29
29 44
44 47
47 7
2 31
2 33
31 46
31 49
31 40
33 35
49 8
40 90
8 50
8 51
90 89
3 36
36 81
81 18
22 92
22 93
92 54
93 61
93 67
54 80
54 9
61 41
61 12
67 14
11 58
11 59
59 66
66 13
18 80
4 38
38 50
89 21
12 62
12 63
16 75
77 17
77 94
24 98
24 99
51 71
71 15
9 52
52 96
17 76
74 98