0 4 6 11 12 14 15 18 20 22 25 29 30 32 33 34 41 42 45 46 2 57 58 61 62 69 70 8 10 23 26 27 73 74 77 78 91 93 94 16 24 97 98 36 1 35 37 38 49 50 53 54 65 66 85 86 81 82 28 89 90
0 4
0 6
0 11
0 12
0 14
0 15
0 18
0 20
0 22
0 25
0 29
0 30
0 32
0 33
0 34
4 41
4 42
6 45
6 46
12 2
12 57
12 58
14 61
14 62
18 69
18 70
20 8
20 10
20 23
20 26
20 27
20 73
20 74
22 77
22 78
29 91
30 93
30 94
32 16
32 24
32 97
32 98
34 36
2 37
2 38
8 49
8 50
10 53
10 54
26 85
26 86
91 89
16 65
16 66
24 81
24 82
36 1
1 35
28 89
28 90