29 3 85 50 40 74 36 75 38 82 4 80 13 33 22 21 89 41 23 34 90 1 17 63 73 8 94 14 48 54 2 6 59 97 95 26 98 92 77 31 15 79 96 93 12 24 10 99 58 71 19 9 53 20 39 30 91 61 87
29 3
29 85
29 50
3 40
3 74
3 36
40 75
40 38
74 82
36 4
36 80
36 13
36 33
75 22
38 21
82 89
82 41
4 23
80 34
80 90
13 1
33 17
22 63
21 73
89 8
34 94
90 14
94 48
14 54
48 2
48 6
48 59
54 97
2 95
2 26
2 98
2 92
2 77
6 31
95 15
95 79
95 96
26 93
77 12
77 24
93 10
93 99
12 58
12 71
24 19
24 9
24 53
10 20
58 39
58 30
19 91
39 61
39 87