0 27 43 57 15 71 72 38 26 36 56 10 39 50 6 1 29 34 17 76 52 18 80 81 59 3 44 94 2 33 53 19 84 46 37 23 4 58 55 40 5 41 42 90 61 21 12 7 47 48 69 60 13 64 65 86 9 14 11 85 98 8 49 51 99 73 24 16 54 91 20 97 22
0 27
27 43
27 57
43 6
57 10
15 71
15 72
72 38
38 4
38 58
26 36
26 56
56 10
56 39
56 50
10 55
39 4
50 8
6 44
1 29
29 34
34 3
34 44
34 94
17 76
76 52
52 47
52 9
18 80
18 81
81 59
59 64
59 11
94 23
2 33
33 53
53 37
19 84
84 46
46 7
37 4
58 40
40 5
5 41
5 42
41 90
42 61
90 21
61 12
7 47
7 48
48 69
48 60
69 14
60 11
60 85
60 98
13 64
13 65
65 86
86 20
9 54
98 24
98 91
8 49
8 51
49 99
51 73
99 24
73 16
24 97
91 22