0 2 5 9 10 11 13 14 16 18 19 20 22 26 27 28 32 33 34 37 38 44 53 54 59 61 62 65 66 69 70 24 73 74 8 77 78 30 85 86 89 90 6 97 98 35 36 4 41 42 45 46 49 50 12 57 58 81 82 93 94
0 2
0 5
0 9
0 10
0 11
0 13
0 14
0 16
0 18
0 19
0 20
0 22
0 26
0 27
0 28
0 32
0 33
0 34
2 37
2 38
5 44
10 53
10 54
13 59
14 61
14 62
16 65
16 66
18 69
18 70
20 24
20 73
20 74
22 8
22 77
22 78
26 30
26 85
26 86
28 89
28 90
32 6
32 97
32 98
33 35
34 36
44 42
59 57
24 81
24 82
8 49
8 50
30 93
30 94
6 45
6 46
4 41
4 42
12 57
12 58