65 89 96 10 67 82 49 87 68 84 63 6 81 12 4 83 92 54 26 93 21 88 98 91 95 71 18 80 44 90 64 57 28 40 55 39 61 33 69 78 8 94 53 75 46 48 23 97 2 79 25 56 9 37 85 73 51 3 52 15
65 78
65 52
89 96
89 6
89 71
89 25
96 94
10 67
67 54
67 6
82 49
82 44
49 95
87 28
87 55
87 26
87 56
87 18
68 48
84 63
84 93
6 75
81 48
12 69
12 95
4 33
83 92
83 97
26 93
93 2
93 97
21 95
21 98
88 8
88 73
88 23
98 91
91 39
91 61
91 23
71 33
71 85
80 56
90 53
64 57
64 97
57 79
40 37
33 97
33 53
78 94
53 23
75 46
75 48
79 51
56 9
9 37
9 15
3 52