0 25 26 27 55 74 1 28 30 32 15 70 76 10 63 58 16 77 2 89 31 33 49 84 13 64 65 59 4 37 38 39 54 40 8 34 21 19 3 35 36 52 9 48 94 23 95 45 24 97 99 85 5 6 43 92 62 50 53 86 22 12 7 46 78 17 20 79 11 60 61 67 14 18
0 25
0 26
0 27
26 55
27 74
55 10
55 63
55 58
74 16
74 77
1 28
1 30
28 32
32 2
32 89
15 70
70 76
76 17
58 99
58 45
58 53
77 17
2 31
2 33
89 64
89 34
89 21
31 49
33 84
49 8
84 19
13 64
13 65
65 59
59 11
4 37
4 38
4 39
37 54
38 40
54 9
40 5
8 50
34 3
34 52
3 35
3 36
52 9
52 48
52 94
9 53
23 95
95 45
45 6
45 92
45 62
24 97
24 99
97 85
85 20
85 79
6 43
92 22
62 12
53 86
12 61
7 46
46 78
78 17
79 18
11 60
61 67
67 14