0 37 20 7 16 26 11 45 1 40 75 76 77 78 80 81 82 84 86 87 88 89 90 91 94 97 98 99 46 3 24 12 43 50 23 32 51 15 83 28 56 2 69 36 72 29 39 25 30 31 42 74 5 13 92 9 35 4 8 19 6 41 17 33 34
0 37
0 20
37 7
20 16
7 26
16 11
11 1
11 25
45 1
1 40
1 75
1 76
1 77
1 78
1 80
1 81
1 82
1 84
1 86
1 87
1 88
1 89
1 90
1 91
1 94
1 97
1 98
1 99
40 23
40 69
40 36
46 3
3 24
3 12
3 43
12 50
12 23
12 32
43 72
43 29
43 39
23 15
23 56
23 2
51 15
15 83
15 28
28 92
2 74
2 5
2 13
36 31
36 42
29 4
39 8
25 30
13 9
9 35
35 17
4 19
8 6
6 41
17 33
33 34