0 4 3 2 6 13 19 14 20 1 8 15 18 16 17 53 76 9 11 12 10 29 7 5 55 58 78 30 31 32 33 34 35 36 37 38 39 40 50 56 60 51 54 57 59 52 64 61 63 62 65 66 70 72 73 74 79 67 68 69 71 75 77 85 91 84 95 82 88 83 92 86 98 87 81 80 89
0 4
0 3
4 2
4 6
4 13
4 19
3 14
3 20
2 1
2 15
2 18
6 16
6 7
13 17
13 12
14 9
20 29
1 8
15 11
18 10
17 53
17 76
53 55
53 58
76 78
29 30
7 5
55 51
58 50
58 52
58 64
78 65
78 66
78 70
78 72
78 73
78 74
30 31
31 32
32 33
33 34
34 35
35 36
36 37
37 38
38 39
39 40
50 56
50 60
56 54
56 57
56 59
51 61
52 62
61 63
74 79
79 67
79 68
79 69
79 71
79 75
79 77
69 85
85 91
91 92
84 95
84 82
82 83
88 83
83 92
92 89
86 98
98 80
87 81
81 80
80 89